<?xml version="1.0" encoding="UTF-8"?>
<testsuites name="VisualTest" time="155.911" tests="10" failures="4" errors="0">
   <testsuite name="VisualTest" tests="10" failures="4" errors="0" time="155.911" skipped="0" timestamp="21-12-2023T16:34:48" hostname="ADMIN - DESKTOP-28CK1DU.mshome.net" id="Test Suites/VisualTest">
      <properties>
         <property name="deviceName" value=""/>
         <property name="devicePlatform" value=""/>
         <property name="logFolder" value="C:\\Users\\ADMIN\\Katalon Studio\\My First Project\\Reports\\20231221_163437\\VisualTest\\20231221_163437"/>
         <property name="logFiles" value="C:\\Users\\ADMIN\\Katalon Studio\\My First Project\\Reports\\20231221_163437\\VisualTest\\20231221_163437\\execution0.log"/>
         <property name="attachments" value="keyes\keyes-LoginPage.png, keyes\keyes-LoginPage2.png, keyes\keyes-HomePageAdmin.png, keyes\keyes-HRLoginPage.png, keyes\keyes-HRDashBord.png, keyes\keyes-pathologistLoginPage.png, keyes\keyes-pathologistDashBord.png, keyes\keyes-radiologistLoginPage.png, keyes\keyes-radiologistDashBord.png, keyes\keyes-Patient List.png, keyes\keyes-Sales Report.png, C:\\Users\\ADMIN\\Katalon Studio\\My First Project\\Reports\\20231221_163437\\VisualTest\\20231221_163437\\1703156798093.png, C:\\Users\\ADMIN\\Katalon Studio\\My First Project\\Reports\\20231221_163437\\VisualTest\\20231221_163437\\1703156798319.png, keyes\keyes-PathologyPage.png, C:\\Users\\ADMIN\\Katalon Studio\\My First Project\\Reports\\20231221_163437\\VisualTest\\20231221_163437\\1703156812823.png, C:\\Users\\ADMIN\\Katalon Studio\\My First Project\\Reports\\20231221_163437\\VisualTest\\20231221_163437\\1703156813020.png, C:\\Users\\ADMIN\\Katalon Studio\\My First Project\\Reports\\20231221_163437\\VisualTest\\20231221_163437\\1703156829031.png, C:\\Users\\ADMIN\\Katalon Studio\\My First Project\\Reports\\20231221_163437\\VisualTest\\20231221_163437\\1703156829255.png, C:\\Users\\ADMIN\\Katalon Studio\\My First Project\\Reports\\20231221_163437\\VisualTest\\20231221_163437\\1703156843956.png, C:\\Users\\ADMIN\\Katalon Studio\\My First Project\\Reports\\20231221_163437\\VisualTest\\20231221_163437\\1703156844184.png"/>
         <property name="hostName" value="ADMIN - DESKTOP-28CK1DU.mshome.net"/>
         <property name="os" value="Windows 10 64bit"/>
         <property name="katalonVersion" value="9.1.0.212"/>
         <property name="browser" value="Chrome 120.0.0.0"/>
         <property name="hostAddress" value="172.25.192.1"/>
         <property name="sessionId" value="e2752e4c9459921a6af25bb7e8d9b022"/>
         <property name="seleniumVersion" value="3.141.59"/>
         <property name="proxyInformation" value="ProxyInformation { proxyOption=NO_PROXY, proxyServerType=HTTP, username=, password=********, proxyServerAddress=, proxyServerPort=0, executionList=&quot;&quot;, isApplyToDesiredCapabilities=true }"/>
         <property name="platform" value="Windows 10"/>
      </properties>
      <testcase name="Test Cases/visual testing checkpoints/Login_Page" time="13.769" classname="Test Cases/visual testing checkpoints/Login_Page" status="PASSED">
         <system-out><![CDATA[21-12-2023T16:34:48 - [TEST_CASE][PASSED] - Test Cases/visual testing checkpoints/Login_Page: Test Cases/visual testing checkpoints/Login_Page

21-12-2023T16:34:49 - [TEST_STEP][PASSED] - openBrowser(""): Browser is opened with url: ''

21-12-2023T16:34:50 - [MESSAGE][INFO] - Starting 'Chrome' driver

21-12-2023T16:34:50 - [MESSAGE][INFO] - Action delay is set to 0 milliseconds

21-12-2023T16:34:54 - [MESSAGE][PASSED] - Browser is opened with url: ''

21-12-2023T16:34:54 - [TEST_STEP][PASSED] - navigateToUrl("https://hospitalb.com/login"): Navigate to 'https://hospitalb.com/login' successfully

21-12-2023T16:34:58 - [MESSAGE][PASSED] - Navigate to 'https://hospitalb.com/login' successfully

21-12-2023T16:34:58 - [TEST_STEP][PASSED] - waitForPageLoad(4): Wait for page load successfully

21-12-2023T16:34:58 - [MESSAGE][PASSED] - Wait for page load successfully

21-12-2023T16:34:58 - [TEST_STEP][PASSED] - takeScreenshotAsCheckpoint("LoginPage"): Taking screenshot successfully

21-12-2023T16:35:00 - [MESSAGE][INFO] - 0 hidden object(s)

21-12-2023T16:35:00 - [MESSAGE][PASSED] - Taking screenshot successfully
[[ATTACHMENT|keyes\keyes-LoginPage.png]]

21-12-2023T16:35:00 - [TEST_STEP][PASSED] - takeScreenshotAsCheckpoint("LoginPage2"): Taking screenshot successfully

21-12-2023T16:35:01 - [MESSAGE][INFO] - 0 hidden object(s)

21-12-2023T16:35:01 - [MESSAGE][PASSED] - Taking screenshot successfully
[[ATTACHMENT|keyes\keyes-LoginPage2.png]]

21-12-2023T16:35:01 - [TEST_STEP][PASSED] - verifyElementText(findTestObject("Object Repository/visual testing checkpoints/Page_Demo Hospital/Page_Demo Hospital/h2_Demo  Hospital"), "Demo Hospital"): Actual text and expected text of test object 'Object Repository/visual testing checkpoints/Page_Demo Hospital/Page_Demo Hospital/h2_Demo  Hospital' are matched.

21-12-2023T16:35:02 - [MESSAGE][PASSED] - Actual text and expected text of test object 'Object Repository/visual testing checkpoints/Page_Demo Hospital/Page_Demo Hospital/h2_Demo  Hospital' are matched.

21-12-2023T16:35:02 - [TEST_STEP][PASSED] - closeBrowser(): Browser is closed

21-12-2023T16:35:02 - [MESSAGE][PASSED] - Browser is closed]]></system-out>
         <system-err><![CDATA[]]></system-err>
      </testcase>
      <testcase name="Test Cases/visual testing checkpoints/HomePageAdmin" time="14.814" classname="Test Cases/visual testing checkpoints/HomePageAdmin" status="PASSED">
         <system-out><![CDATA[21-12-2023T16:35:02 - [TEST_CASE][PASSED] - Test Cases/visual testing checkpoints/HomePageAdmin: Test Cases/visual testing checkpoints/HomePageAdmin

21-12-2023T16:35:03 - [TEST_STEP][PASSED] - openBrowser(""): Browser is opened with url: ''

21-12-2023T16:35:03 - [MESSAGE][INFO] - Starting 'Chrome' driver

21-12-2023T16:35:03 - [MESSAGE][INFO] - Action delay is set to 0 milliseconds

21-12-2023T16:35:04 - [MESSAGE][PASSED] - Browser is opened with url: ''

21-12-2023T16:35:04 - [TEST_STEP][PASSED] - navigateToUrl("https://hospitalb.com/login"): Navigate to 'https://hospitalb.com/login' successfully

21-12-2023T16:35:08 - [MESSAGE][PASSED] - Navigate to 'https://hospitalb.com/login' successfully

21-12-2023T16:35:08 - [TEST_STEP][PASSED] - setText(findTestObject("Object Repository/visual testing checkpoints/Page_Demo Hospital/input_email"), "admin@gmail.com"): Text 'admin@gmail.com' is set on object 'Object Repository/visual testing checkpoints/Page_Demo Hospital/input_email'

21-12-2023T16:35:09 - [MESSAGE][PASSED] - Text 'admin@gmail.com' is set on object 'Object Repository/visual testing checkpoints/Page_Demo Hospital/input_email'

21-12-2023T16:35:09 - [TEST_STEP][PASSED] - setEncryptedText(findTestObject("Object Repository/visual testing checkpoints/Page_Demo Hospital/input_password"), "aeHFOx8jV/A="): Text ****** has been set on object 'Object Repository/visual testing checkpoints/Page_Demo Hospital/input_password'

21-12-2023T16:35:10 - [MESSAGE][PASSED] - Text ****** has been set on object 'Object Repository/visual testing checkpoints/Page_Demo Hospital/input_password'

21-12-2023T16:35:10 - [TEST_STEP][PASSED] - click(findTestObject("Object Repository/visual testing checkpoints/Page_Demo Hospital/input_custom-btn")): Object: 'Object Repository/visual testing checkpoints/Page_Demo Hospital/input_custom-btn' is clicked on

21-12-2023T16:35:16 - [MESSAGE][PASSED] - Object: 'Object Repository/visual testing checkpoints/Page_Demo Hospital/input_custom-btn' is clicked on

21-12-2023T16:35:16 - [TEST_STEP][PASSED] - verifyElementText(findTestObject("Object Repository/visual testing checkpoints/Page_Demo Hospital/b_Demo  Hospital"), "Demo Hospital"): Actual text and expected text of test object 'Object Repository/visual testing checkpoints/Page_Demo Hospital/b_Demo  Hospital' are matched.

21-12-2023T16:35:16 - [MESSAGE][PASSED] - Actual text and expected text of test object 'Object Repository/visual testing checkpoints/Page_Demo Hospital/b_Demo  Hospital' are matched.

21-12-2023T16:35:16 - [TEST_STEP][PASSED] - waitForPageLoad(4): Wait for page load successfully

21-12-2023T16:35:16 - [MESSAGE][PASSED] - Wait for page load successfully

21-12-2023T16:35:16 - [TEST_STEP][PASSED] - takeScreenshotAsCheckpoint("HomePageAdmin"): Taking screenshot successfully

21-12-2023T16:35:17 - [MESSAGE][INFO] - 0 hidden object(s)

21-12-2023T16:35:17 - [MESSAGE][PASSED] - Taking screenshot successfully
[[ATTACHMENT|keyes\keyes-HomePageAdmin.png]]

21-12-2023T16:35:17 - [TEST_STEP][PASSED] - closeBrowser(): Browser is closed

21-12-2023T16:35:17 - [MESSAGE][PASSED] - Browser is closed]]></system-out>
         <system-err><![CDATA[]]></system-err>
      </testcase>
      <testcase name="Test Cases/visual testing checkpoints/HRDashBordPage" time="15.724" classname="Test Cases/visual testing checkpoints/HRDashBordPage" status="PASSED">
         <system-out><![CDATA[21-12-2023T16:35:17 - [TEST_CASE][PASSED] - Test Cases/visual testing checkpoints/HRDashBordPage: Test Cases/visual testing checkpoints/HRDashBordPage

21-12-2023T16:35:17 - [TEST_STEP][PASSED] - openBrowser(""): Browser is opened with url: ''

21-12-2023T16:35:17 - [MESSAGE][INFO] - Starting 'Chrome' driver

21-12-2023T16:35:17 - [MESSAGE][INFO] - Action delay is set to 0 milliseconds

21-12-2023T16:35:19 - [MESSAGE][PASSED] - Browser is opened with url: ''

21-12-2023T16:35:19 - [TEST_STEP][PASSED] - navigateToUrl("https://hospitalb.com/login"): Navigate to 'https://hospitalb.com/login' successfully

21-12-2023T16:35:24 - [MESSAGE][PASSED] - Navigate to 'https://hospitalb.com/login' successfully

21-12-2023T16:35:24 - [TEST_STEP][PASSED] - setText(findTestObject("Object Repository/visual testing checkpoints/Page_Demo Hospital/Page_Demo Hospital/input_email"), "hr@gmail.com"): Text 'hr@gmail.com' is set on object 'Object Repository/visual testing checkpoints/Page_Demo Hospital/Page_Demo Hospital/input_email'

21-12-2023T16:35:25 - [MESSAGE][PASSED] - Text 'hr@gmail.com' is set on object 'Object Repository/visual testing checkpoints/Page_Demo Hospital/Page_Demo Hospital/input_email'

21-12-2023T16:35:25 - [TEST_STEP][PASSED] - setEncryptedText(findTestObject("Object Repository/visual testing checkpoints/Page_Demo Hospital/Page_Demo Hospital/input_password"), "aeHFOx8jV/A="): Text ****** has been set on object 'Object Repository/visual testing checkpoints/Page_Demo Hospital/Page_Demo Hospital/input_password'

21-12-2023T16:35:25 - [MESSAGE][PASSED] - Text ****** has been set on object 'Object Repository/visual testing checkpoints/Page_Demo Hospital/Page_Demo Hospital/input_password'

21-12-2023T16:35:25 - [TEST_STEP][PASSED] - takeScreenshotAsCheckpoint("HRLoginPage"): Taking screenshot successfully

21-12-2023T16:35:26 - [MESSAGE][INFO] - 0 hidden object(s)

21-12-2023T16:35:26 - [MESSAGE][PASSED] - Taking screenshot successfully
[[ATTACHMENT|keyes\keyes-HRLoginPage.png]]

21-12-2023T16:35:26 - [TEST_STEP][PASSED] - click(findTestObject("Object Repository/visual testing checkpoints/Page_Demo Hospital/Page_Demo Hospital/input_custom-btn")): Object: 'Object Repository/visual testing checkpoints/Page_Demo Hospital/Page_Demo Hospital/input_custom-btn' is clicked on

21-12-2023T16:35:31 - [MESSAGE][PASSED] - Object: 'Object Repository/visual testing checkpoints/Page_Demo Hospital/Page_Demo Hospital/input_custom-btn' is clicked on

21-12-2023T16:35:31 - [TEST_STEP][PASSED] - verifyElementText(findTestObject("Object Repository/visual testing checkpoints/Page_Demo Hospital/Page_Demo Hospital/h1_Demo  Hospital Statistics"), "Demo Hospital Statistics"): Actual text and expected text of test object 'Object Repository/visual testing checkpoints/Page_Demo Hospital/Page_Demo Hospital/h1_Demo  Hospital Statistics' are matched.

21-12-2023T16:35:32 - [MESSAGE][PASSED] - Actual text and expected text of test object 'Object Repository/visual testing checkpoints/Page_Demo Hospital/Page_Demo Hospital/h1_Demo  Hospital Statistics' are matched.

21-12-2023T16:35:32 - [TEST_STEP][PASSED] - waitForPageLoad(4): Wait for page load successfully

21-12-2023T16:35:32 - [MESSAGE][PASSED] - Wait for page load successfully

21-12-2023T16:35:32 - [TEST_STEP][PASSED] - takeScreenshotAsCheckpoint("HRDashBord"): Taking screenshot successfully

21-12-2023T16:35:32 - [MESSAGE][INFO] - 0 hidden object(s)

21-12-2023T16:35:32 - [MESSAGE][PASSED] - Taking screenshot successfully
[[ATTACHMENT|keyes\keyes-HRDashBord.png]]

21-12-2023T16:35:32 - [TEST_STEP][PASSED] - closeBrowser(): Browser is closed

21-12-2023T16:35:33 - [MESSAGE][PASSED] - Browser is closed]]></system-out>
         <system-err><![CDATA[]]></system-err>
      </testcase>
      <testcase name="Test Cases/visual testing checkpoints/PathologistPageC" time="14.344" classname="Test Cases/visual testing checkpoints/PathologistPageC" status="PASSED">
         <system-out><![CDATA[21-12-2023T16:35:33 - [TEST_CASE][PASSED] - Test Cases/visual testing checkpoints/PathologistPageC: Test Cases/visual testing checkpoints/PathologistPageC

21-12-2023T16:35:33 - [TEST_STEP][PASSED] - openBrowser(""): Browser is opened with url: ''

21-12-2023T16:35:33 - [MESSAGE][INFO] - Starting 'Chrome' driver

21-12-2023T16:35:33 - [MESSAGE][INFO] - Action delay is set to 0 milliseconds

21-12-2023T16:35:34 - [MESSAGE][PASSED] - Browser is opened with url: ''

21-12-2023T16:35:34 - [TEST_STEP][PASSED] - navigateToUrl("https://hospitalb.com/login"): Navigate to 'https://hospitalb.com/login' successfully

21-12-2023T16:35:39 - [MESSAGE][PASSED] - Navigate to 'https://hospitalb.com/login' successfully

21-12-2023T16:35:39 - [TEST_STEP][PASSED] - setText(findTestObject("Object Repository/visual testing checkpoints/Page_Demo Hospital/Page_Demo Hospital/Page_Demo Hospital/input_email"), "pathologist@gmail.com"): Text 'pathologist@gmail.com' is set on object 'Object Repository/visual testing checkpoints/Page_Demo Hospital/Page_Demo Hospital/Page_Demo Hospital/input_email'

21-12-2023T16:35:40 - [MESSAGE][PASSED] - Text 'pathologist@gmail.com' is set on object 'Object Repository/visual testing checkpoints/Page_Demo Hospital/Page_Demo Hospital/Page_Demo Hospital/input_email'

21-12-2023T16:35:40 - [TEST_STEP][PASSED] - setEncryptedText(findTestObject("Object Repository/visual testing checkpoints/Page_Demo Hospital/Page_Demo Hospital/Page_Demo Hospital/input_password"), "aeHFOx8jV/A="): Text ****** has been set on object 'Object Repository/visual testing checkpoints/Page_Demo Hospital/Page_Demo Hospital/Page_Demo Hospital/input_password'

21-12-2023T16:35:40 - [MESSAGE][PASSED] - Text ****** has been set on object 'Object Repository/visual testing checkpoints/Page_Demo Hospital/Page_Demo Hospital/Page_Demo Hospital/input_password'

21-12-2023T16:35:40 - [TEST_STEP][PASSED] - takeScreenshotAsCheckpoint("pathologistLoginPage"): Taking screenshot successfully

21-12-2023T16:35:41 - [MESSAGE][INFO] - 0 hidden object(s)

21-12-2023T16:35:41 - [MESSAGE][PASSED] - Taking screenshot successfully
[[ATTACHMENT|keyes\keyes-pathologistLoginPage.png]]

21-12-2023T16:35:41 - [TEST_STEP][PASSED] - click(findTestObject("Object Repository/visual testing checkpoints/Page_Demo Hospital/Page_Demo Hospital/Page_Demo Hospital/input_custom-btn")): Object: 'Object Repository/visual testing checkpoints/Page_Demo Hospital/Page_Demo Hospital/Page_Demo Hospital/input_custom-btn' is clicked on

21-12-2023T16:35:46 - [MESSAGE][PASSED] - Object: 'Object Repository/visual testing checkpoints/Page_Demo Hospital/Page_Demo Hospital/Page_Demo Hospital/input_custom-btn' is clicked on

21-12-2023T16:35:46 - [TEST_STEP][PASSED] - verifyElementText(findTestObject("Object Repository/visual testing checkpoints/Page_Demo Hospital/Page_Demo Hospital/Page_Demo Hospital/h1_Demo  Hospital Statistics"), "Demo Hospital Statistics"): Actual text and expected text of test object 'Object Repository/visual testing checkpoints/Page_Demo Hospital/Page_Demo Hospital/Page_Demo Hospital/h1_Demo  Hospital Statistics' are matched.

21-12-2023T16:35:46 - [MESSAGE][PASSED] - Actual text and expected text of test object 'Object Repository/visual testing checkpoints/Page_Demo Hospital/Page_Demo Hospital/Page_Demo Hospital/h1_Demo  Hospital Statistics' are matched.

21-12-2023T16:35:46 - [TEST_STEP][PASSED] - waitForPageLoad(4): Wait for page load successfully

21-12-2023T16:35:46 - [MESSAGE][PASSED] - Wait for page load successfully

21-12-2023T16:35:46 - [TEST_STEP][PASSED] - takeScreenshotAsCheckpoint("pathologistDashBord"): Taking screenshot successfully

21-12-2023T16:35:47 - [MESSAGE][INFO] - 0 hidden object(s)

21-12-2023T16:35:47 - [MESSAGE][PASSED] - Taking screenshot successfully
[[ATTACHMENT|keyes\keyes-pathologistDashBord.png]]

21-12-2023T16:35:47 - [TEST_STEP][PASSED] - closeBrowser(): Browser is closed

21-12-2023T16:35:47 - [MESSAGE][PASSED] - Browser is closed]]></system-out>
         <system-err><![CDATA[]]></system-err>
      </testcase>
      <testcase name="Test Cases/visual testing checkpoints/radiologistVCPage" time="15.703" classname="Test Cases/visual testing checkpoints/radiologistVCPage" status="PASSED">
         <system-out><![CDATA[21-12-2023T16:35:47 - [TEST_CASE][PASSED] - Test Cases/visual testing checkpoints/radiologistVCPage: Test Cases/visual testing checkpoints/radiologistVCPage

21-12-2023T16:35:47 - [TEST_STEP][PASSED] - openBrowser(""): Browser is opened with url: ''

21-12-2023T16:35:47 - [MESSAGE][INFO] - Starting 'Chrome' driver

21-12-2023T16:35:47 - [MESSAGE][INFO] - Action delay is set to 0 milliseconds

21-12-2023T16:35:49 - [MESSAGE][PASSED] - Browser is opened with url: ''

21-12-2023T16:35:49 - [TEST_STEP][PASSED] - navigateToUrl("https://hospitalb.com/login"): Navigate to 'https://hospitalb.com/login' successfully

21-12-2023T16:35:53 - [MESSAGE][PASSED] - Navigate to 'https://hospitalb.com/login' successfully

21-12-2023T16:35:53 - [TEST_STEP][PASSED] - setText(findTestObject("Object Repository/visual testing checkpoints/Page_Demo Hospital/Page_Demo Hospital/Page_Demo Hospital/Page_Demo Hospital/input_email"), "radiologist@gmail.com"): Text 'radiologist@gmail.com' is set on object 'Object Repository/visual testing checkpoints/Page_Demo Hospital/Page_Demo Hospital/Page_Demo Hospital/Page_Demo Hospital/input_email'

21-12-2023T16:35:54 - [MESSAGE][PASSED] - Text 'radiologist@gmail.com' is set on object 'Object Repository/visual testing checkpoints/Page_Demo Hospital/Page_Demo Hospital/Page_Demo Hospital/Page_Demo Hospital/input_email'

21-12-2023T16:35:54 - [TEST_STEP][PASSED] - setEncryptedText(findTestObject("Object Repository/visual testing checkpoints/Page_Demo Hospital/Page_Demo Hospital/Page_Demo Hospital/Page_Demo Hospital/input_password"), "aeHFOx8jV/A="): Text ****** has been set on object 'Object Repository/visual testing checkpoints/Page_Demo Hospital/Page_Demo Hospital/Page_Demo Hospital/Page_Demo Hospital/input_password'

21-12-2023T16:35:55 - [MESSAGE][PASSED] - Text ****** has been set on object 'Object Repository/visual testing checkpoints/Page_Demo Hospital/Page_Demo Hospital/Page_Demo Hospital/Page_Demo Hospital/input_password'

21-12-2023T16:35:55 - [TEST_STEP][PASSED] - takeScreenshotAsCheckpoint("radiologistLoginPage"): Taking screenshot successfully

21-12-2023T16:35:56 - [MESSAGE][INFO] - 0 hidden object(s)

21-12-2023T16:35:56 - [MESSAGE][PASSED] - Taking screenshot successfully
[[ATTACHMENT|keyes\keyes-radiologistLoginPage.png]]

21-12-2023T16:35:56 - [TEST_STEP][PASSED] - click(findTestObject("Object Repository/visual testing checkpoints/Page_Demo Hospital/Page_Demo Hospital/Page_Demo Hospital/Page_Demo Hospital/input_custom-btn")): Object: 'Object Repository/visual testing checkpoints/Page_Demo Hospital/Page_Demo Hospital/Page_Demo Hospital/Page_Demo Hospital/input_custom-btn' is clicked on

21-12-2023T16:36:02 - [MESSAGE][PASSED] - Object: 'Object Repository/visual testing checkpoints/Page_Demo Hospital/Page_Demo Hospital/Page_Demo Hospital/Page_Demo Hospital/input_custom-btn' is clicked on

21-12-2023T16:36:02 - [TEST_STEP][PASSED] - waitForPageLoad(4): Wait for page load successfully

21-12-2023T16:36:02 - [MESSAGE][PASSED] - Wait for page load successfully

21-12-2023T16:36:02 - [TEST_STEP][PASSED] - takeScreenshotAsCheckpoint("radiologistDashBord"): Taking screenshot successfully

21-12-2023T16:36:02 - [MESSAGE][INFO] - 0 hidden object(s)

21-12-2023T16:36:03 - [MESSAGE][PASSED] - Taking screenshot successfully
[[ATTACHMENT|keyes\keyes-radiologistDashBord.png]]

21-12-2023T16:36:03 - [TEST_STEP][PASSED] - closeBrowser(): Browser is closed

21-12-2023T16:36:03 - [MESSAGE][PASSED] - Browser is closed]]></system-out>
         <system-err><![CDATA[]]></system-err>
      </testcase>
      <testcase name="Test Cases/visual testing checkpoints/AdminPatientListPage" time="17.27" classname="Test Cases/visual testing checkpoints/AdminPatientListPage" status="PASSED">
         <system-out><![CDATA[21-12-2023T16:36:03 - [TEST_CASE][PASSED] - Test Cases/visual testing checkpoints/AdminPatientListPage: Test Cases/visual testing checkpoints/AdminPatientListPage

21-12-2023T16:36:03 - [TEST_STEP][PASSED] - openBrowser(""): Browser is opened with url: ''

21-12-2023T16:36:03 - [MESSAGE][INFO] - Starting 'Chrome' driver

21-12-2023T16:36:03 - [MESSAGE][INFO] - Action delay is set to 0 milliseconds

21-12-2023T16:36:04 - [MESSAGE][PASSED] - Browser is opened with url: ''

21-12-2023T16:36:04 - [TEST_STEP][PASSED] - navigateToUrl("https://hospitalb.com/login"): Navigate to 'https://hospitalb.com/login' successfully

21-12-2023T16:36:10 - [MESSAGE][PASSED] - Navigate to 'https://hospitalb.com/login' successfully

21-12-2023T16:36:10 - [TEST_STEP][PASSED] - setText(findTestObject("Object Repository/visual testing checkpoints/Page_Demo Hospital/Page_Demo Hospital/Page_Demo Hospital/Page_Demo Hospital/Page_Demo Hospital/input_email"), "admin@gmail.com"): Text 'admin@gmail.com' is set on object 'Object Repository/visual testing checkpoints/Page_Demo Hospital/Page_Demo Hospital/Page_Demo Hospital/Page_Demo Hospital/Page_Demo Hospital/input_email'

21-12-2023T16:36:10 - [MESSAGE][PASSED] - Text 'admin@gmail.com' is set on object 'Object Repository/visual testing checkpoints/Page_Demo Hospital/Page_Demo Hospital/Page_Demo Hospital/Page_Demo Hospital/Page_Demo Hospital/input_email'

21-12-2023T16:36:10 - [TEST_STEP][PASSED] - setEncryptedText(findTestObject("Object Repository/visual testing checkpoints/Page_Demo Hospital/Page_Demo Hospital/Page_Demo Hospital/Page_Demo Hospital/Page_Demo Hospital/input_password"), "aeHFOx8jV/A="): Text ****** has been set on object 'Object Repository/visual testing checkpoints/Page_Demo Hospital/Page_Demo Hospital/Page_Demo Hospital/Page_Demo Hospital/Page_Demo Hospital/input_password'

21-12-2023T16:36:11 - [MESSAGE][PASSED] - Text ****** has been set on object 'Object Repository/visual testing checkpoints/Page_Demo Hospital/Page_Demo Hospital/Page_Demo Hospital/Page_Demo Hospital/Page_Demo Hospital/input_password'

21-12-2023T16:36:11 - [TEST_STEP][PASSED] - click(findTestObject("Object Repository/visual testing checkpoints/Page_Demo Hospital/Page_Demo Hospital/Page_Demo Hospital/Page_Demo Hospital/Page_Demo Hospital/input_custom-btn")): Object: 'Object Repository/visual testing checkpoints/Page_Demo Hospital/Page_Demo Hospital/Page_Demo Hospital/Page_Demo Hospital/Page_Demo Hospital/input_custom-btn' is clicked on

21-12-2023T16:36:17 - [MESSAGE][PASSED] - Object: 'Object Repository/visual testing checkpoints/Page_Demo Hospital/Page_Demo Hospital/Page_Demo Hospital/Page_Demo Hospital/Page_Demo Hospital/input_custom-btn' is clicked on

21-12-2023T16:36:17 - [TEST_STEP][PASSED] - click(findTestObject("Object Repository/visual testing checkpoints/Page_Demo Hospital/Page_Demo Hospital/Page_Demo Hospital/Page_Demo Hospital/Page_Demo Hospital/i_fa fa-user")): Object: 'Object Repository/visual testing checkpoints/Page_Demo Hospital/Page_Demo Hospital/Page_Demo Hospital/Page_Demo Hospital/Page_Demo Hospital/i_fa fa-user' is clicked on

21-12-2023T16:36:18 - [MESSAGE][PASSED] - Object: 'Object Repository/visual testing checkpoints/Page_Demo Hospital/Page_Demo Hospital/Page_Demo Hospital/Page_Demo Hospital/Page_Demo Hospital/i_fa fa-user' is clicked on

21-12-2023T16:36:18 - [TEST_STEP][PASSED] - waitForPageLoad(4): Wait for page load successfully

21-12-2023T16:36:18 - [MESSAGE][PASSED] - Wait for page load successfully

21-12-2023T16:36:18 - [TEST_STEP][PASSED] - takeScreenshotAsCheckpoint("Patient List"): Taking screenshot successfully

21-12-2023T16:36:19 - [MESSAGE][INFO] - 0 hidden object(s)

21-12-2023T16:36:20 - [MESSAGE][PASSED] - Taking screenshot successfully
[[ATTACHMENT|keyes\keyes-Patient List.png]]

21-12-2023T16:36:20 - [TEST_STEP][PASSED] - verifyElementText(findTestObject("Object Repository/visual testing checkpoints/Page_Demo Hospital/Page_Demo Hospital/Page_Demo Hospital/Page_Demo Hospital/Page_Demo Hospital/h1_Patient List"), "Patient List"): Actual text and expected text of test object 'Object Repository/visual testing checkpoints/Page_Demo Hospital/Page_Demo Hospital/Page_Demo Hospital/Page_Demo Hospital/Page_Demo Hospital/h1_Patient List' are matched.

21-12-2023T16:36:20 - [MESSAGE][PASSED] - Actual text and expected text of test object 'Object Repository/visual testing checkpoints/Page_Demo Hospital/Page_Demo Hospital/Page_Demo Hospital/Page_Demo Hospital/Page_Demo Hospital/h1_Patient List' are matched.

21-12-2023T16:36:20 - [TEST_STEP][PASSED] - closeBrowser(): Browser is closed

21-12-2023T16:36:20 - [MESSAGE][PASSED] - Browser is closed]]></system-out>
         <system-err><![CDATA[]]></system-err>
      </testcase>
      <testcase name="Test Cases/visual testing checkpoints/AdminSalesReportPage" time="17.835" classname="Test Cases/visual testing checkpoints/AdminSalesReportPage" status="FAILED">
         <failure type="FAILED" message="Test Cases/visual testing checkpoints/AdminSalesReportPage FAILED.&#xa;Reason:&#xa;com.kms.katalon.core.exception.StepFailedException: Verify element text of test object 'Object Repository/visual testing checkpoints/Page_Demo Hospital/Page_Demo Hospital/Page_Demo Hospital/Page_Demo Hospital/Page_Demo Hospital/Page_Demo Hospital/h1_Sales Report            Preview' FAILED.&#xa;	at com.kms.katalon.core.webui.keyword.internal.WebUIKeywordMain.stepFailed(WebUIKeywordMain.groovy:64)&#xa;	at com.kms.katalon.core.webui.keyword.internal.WebUIKeywordMain.runKeyword(WebUIKeywordMain.groovy:26)&#xa;	at com.kms.katalon.core.webui.keyword.builtin.VerifyElementTextKeyword.verifyElementText(VerifyElementTextKeyword.groovy:72)&#xa;	at com.kms.katalon.core.webui.keyword.builtin.VerifyElementTextKeyword.execute(VerifyElementTextKeyword.groovy:40)&#xa;	at com.kms.katalon.core.keyword.internal.KeywordExecutor.executeKeywordForPlatform(KeywordExecutor.groovy:74)&#xa;	at com.kms.katalon.core.webui.keyword.WebUiBuiltInKeywords.verifyElementText(WebUiBuiltInKeywords.groovy:4835)&#xa;	at AdminSalesReportPage.run(AdminSalesReportPage:38)&#xa;	at com.kms.katalon.core.main.ScriptEngine.run(ScriptEngine.java:194)&#xa;	at com.kms.katalon.core.main.ScriptEngine.runScriptAsRawText(ScriptEngine.java:119)&#xa;	at com.kms.katalon.core.main.TestCaseExecutor.runScript(TestCaseExecutor.java:448)&#xa;	at com.kms.katalon.core.main.TestCaseExecutor.doExecute(TestCaseExecutor.java:439)&#xa;	at com.kms.katalon.core.main.TestCaseExecutor.processExecutionPhase(TestCaseExecutor.java:418)&#xa;	at com.kms.katalon.core.main.TestCaseExecutor.accessMainPhase(TestCaseExecutor.java:410)&#xa;	at com.kms.katalon.core.main.TestCaseExecutor.execute(TestCaseExecutor.java:285)&#xa;	at com.kms.katalon.core.common.CommonExecutor.accessTestCaseMainPhase(CommonExecutor.java:65)&#xa;	at com.kms.katalon.core.main.TestSuiteExecutor.accessTestSuiteMainPhase(TestSuiteExecutor.java:148)&#xa;	at com.kms.katalon.core.main.TestSuiteExecutor.execute(TestSuiteExecutor.java:106)&#xa;	at com.kms.katalon.core.main.TestCaseMain.startTestSuite(TestCaseMain.java:180)&#xa;	at TempTestSuite1703156677160.run(TempTestSuite1703156677160.groovy:36)&#xa;	at java.base/jdk.internal.reflect.NativeMethodAccessorImpl.invoke0(Native Method)&#xa;	at java.base/jdk.internal.reflect.NativeMethodAccessorImpl.invoke(NativeMethodAccessorImpl.java:77)&#xa;	at java.base/jdk.internal.reflect.DelegatingMethodAccessorImpl.invoke(DelegatingMethodAccessorImpl.java:43)&#xa;Caused by: com.kms.katalon.core.exception.StepFailedException: Actual text 'Sales Report Preview' and expected text 'Sales Report&#xa; Preview' of test object 'Object Repository/visual testing checkpoints/Page_Demo Hospital/Page_Demo Hospital/Page_Demo Hospital/Page_Demo Hospital/Page_Demo Hospital/Page_Demo Hospital/h1_Sales Report            Preview' are NOT matched.&#xa;	at com.kms.katalon.core.webui.keyword.internal.WebUIKeywordMain.stepFailed(WebUIKeywordMain.groovy:64)&#xa;	at com.kms.katalon.core.webui.keyword.builtin.VerifyElementTextKeyword$_verifyElementText_closure1.doCall(VerifyElementTextKeyword.groovy:57)&#xa;	at com.kms.katalon.core.webui.keyword.builtin.VerifyElementTextKeyword$_verifyElementText_closure1.call(VerifyElementTextKeyword.groovy)&#xa;	at com.kms.katalon.core.webui.keyword.internal.WebUIKeywordMain.runKeyword(WebUIKeywordMain.groovy:20)&#xa;	... 20 more&#xa;"/>
         <system-out><![CDATA[21-12-2023T16:36:20 - [TEST_CASE][FAILED] - Test Cases/visual testing checkpoints/AdminSalesReportPage: Test Cases/visual testing checkpoints/AdminSalesReportPage FAILED.
Reason:
com.kms.katalon.core.exception.StepFailedException: Verify element text of test object 'Object Repository/visual testing checkpoints/Page_Demo Hospital/Page_Demo Hospital/Page_Demo Hospital/Page_Demo Hospital/Page_Demo Hospital/Page_Demo Hospital/h1_Sales Report            Preview' FAILED.
	at com.kms.katalon.core.webui.keyword.internal.WebUIKeywordMain.stepFailed(WebUIKeywordMain.groovy:64)
	at com.kms.katalon.core.webui.keyword.internal.WebUIKeywordMain.runKeyword(WebUIKeywordMain.groovy:26)
	at com.kms.katalon.core.webui.keyword.builtin.VerifyElementTextKeyword.verifyElementText(VerifyElementTextKeyword.groovy:72)
	at com.kms.katalon.core.webui.keyword.builtin.VerifyElementTextKeyword.execute(VerifyElementTextKeyword.groovy:40)
	at com.kms.katalon.core.keyword.internal.KeywordExecutor.executeKeywordForPlatform(KeywordExecutor.groovy:74)
	at com.kms.katalon.core.webui.keyword.WebUiBuiltInKeywords.verifyElementText(WebUiBuiltInKeywords.groovy:4835)
	at AdminSalesReportPage.run(AdminSalesReportPage:38)
	at com.kms.katalon.core.main.ScriptEngine.run(ScriptEngine.java:194)
	at com.kms.katalon.core.main.ScriptEngine.runScriptAsRawText(ScriptEngine.java:119)
	at com.kms.katalon.core.main.TestCaseExecutor.runScript(TestCaseExecutor.java:448)
	at com.kms.katalon.core.main.TestCaseExecutor.doExecute(TestCaseExecutor.java:439)
	at com.kms.katalon.core.main.TestCaseExecutor.processExecutionPhase(TestCaseExecutor.java:418)
	at com.kms.katalon.core.main.TestCaseExecutor.accessMainPhase(TestCaseExecutor.java:410)
	at com.kms.katalon.core.main.TestCaseExecutor.execute(TestCaseExecutor.java:285)
	at com.kms.katalon.core.common.CommonExecutor.accessTestCaseMainPhase(CommonExecutor.java:65)
	at com.kms.katalon.core.main.TestSuiteExecutor.accessTestSuiteMainPhase(TestSuiteExecutor.java:148)
	at com.kms.katalon.core.main.TestSuiteExecutor.execute(TestSuiteExecutor.java:106)
	at com.kms.katalon.core.main.TestCaseMain.startTestSuite(TestCaseMain.java:180)
	at TempTestSuite1703156677160.run(TempTestSuite1703156677160.groovy:36)
	at java.base/jdk.internal.reflect.NativeMethodAccessorImpl.invoke0(Native Method)
	at java.base/jdk.internal.reflect.NativeMethodAccessorImpl.invoke(NativeMethodAccessorImpl.java:77)
	at java.base/jdk.internal.reflect.DelegatingMethodAccessorImpl.invoke(DelegatingMethodAccessorImpl.java:43)
Caused by: com.kms.katalon.core.exception.StepFailedException: Actual text 'Sales Report Preview' and expected text 'Sales Report
 Preview' of test object 'Object Repository/visual testing checkpoints/Page_Demo Hospital/Page_Demo Hospital/Page_Demo Hospital/Page_Demo Hospital/Page_Demo Hospital/Page_Demo Hospital/h1_Sales Report            Preview' are NOT matched.
	at com.kms.katalon.core.webui.keyword.internal.WebUIKeywordMain.stepFailed(WebUIKeywordMain.groovy:64)
	at com.kms.katalon.core.webui.keyword.builtin.VerifyElementTextKeyword$_verifyElementText_closure1.doCall(VerifyElementTextKeyword.groovy:57)
	at com.kms.katalon.core.webui.keyword.builtin.VerifyElementTextKeyword$_verifyElementText_closure1.call(VerifyElementTextKeyword.groovy)
	at com.kms.katalon.core.webui.keyword.internal.WebUIKeywordMain.runKeyword(WebUIKeywordMain.groovy:20)
	... 20 more


21-12-2023T16:36:20 - [TEST_STEP][PASSED] - openBrowser(""): Browser is opened with url: ''

21-12-2023T16:36:20 - [MESSAGE][INFO] - Starting 'Chrome' driver

21-12-2023T16:36:20 - [MESSAGE][INFO] - Action delay is set to 0 milliseconds

21-12-2023T16:36:22 - [MESSAGE][PASSED] - Browser is opened with url: ''

21-12-2023T16:36:22 - [TEST_STEP][PASSED] - navigateToUrl("https://hospitalb.com/login"): Navigate to 'https://hospitalb.com/login' successfully

21-12-2023T16:36:27 - [MESSAGE][PASSED] - Navigate to 'https://hospitalb.com/login' successfully

21-12-2023T16:36:27 - [TEST_STEP][PASSED] - setText(findTestObject("Object Repository/visual testing checkpoints/Page_Demo Hospital/Page_Demo Hospital/Page_Demo Hospital/Page_Demo Hospital/Page_Demo Hospital/Page_Demo Hospital/input_email"), "admin@gmail.com"): Text 'admin@gmail.com' is set on object 'Object Repository/visual testing checkpoints/Page_Demo Hospital/Page_Demo Hospital/Page_Demo Hospital/Page_Demo Hospital/Page_Demo Hospital/Page_Demo Hospital/input_email'

21-12-2023T16:36:28 - [MESSAGE][PASSED] - Text 'admin@gmail.com' is set on object 'Object Repository/visual testing checkpoints/Page_Demo Hospital/Page_Demo Hospital/Page_Demo Hospital/Page_Demo Hospital/Page_Demo Hospital/Page_Demo Hospital/input_email'

21-12-2023T16:36:28 - [TEST_STEP][PASSED] - setEncryptedText(findTestObject("Object Repository/visual testing checkpoints/Page_Demo Hospital/Page_Demo Hospital/Page_Demo Hospital/Page_Demo Hospital/Page_Demo Hospital/Page_Demo Hospital/input_password"), "aeHFOx8jV/A="): Text ****** has been set on object 'Object Repository/visual testing checkpoints/Page_Demo Hospital/Page_Demo Hospital/Page_Demo Hospital/Page_Demo Hospital/Page_Demo Hospital/Page_Demo Hospital/input_password'

21-12-2023T16:36:28 - [MESSAGE][PASSED] - Text ****** has been set on object 'Object Repository/visual testing checkpoints/Page_Demo Hospital/Page_Demo Hospital/Page_Demo Hospital/Page_Demo Hospital/Page_Demo Hospital/Page_Demo Hospital/input_password'

21-12-2023T16:36:28 - [TEST_STEP][PASSED] - click(findTestObject("Object Repository/visual testing checkpoints/Page_Demo Hospital/Page_Demo Hospital/Page_Demo Hospital/Page_Demo Hospital/Page_Demo Hospital/Page_Demo Hospital/input_custom-btn")): Object: 'Object Repository/visual testing checkpoints/Page_Demo Hospital/Page_Demo Hospital/Page_Demo Hospital/Page_Demo Hospital/Page_Demo Hospital/Page_Demo Hospital/input_custom-btn' is clicked on

21-12-2023T16:36:34 - [MESSAGE][PASSED] - Object: 'Object Repository/visual testing checkpoints/Page_Demo Hospital/Page_Demo Hospital/Page_Demo Hospital/Page_Demo Hospital/Page_Demo Hospital/Page_Demo Hospital/input_custom-btn' is clicked on

21-12-2023T16:36:34 - [TEST_STEP][PASSED] - click(findTestObject("Object Repository/visual testing checkpoints/Page_Demo Hospital/Page_Demo Hospital/Page_Demo Hospital/Page_Demo Hospital/Page_Demo Hospital/Page_Demo Hospital/a_Sales Report  Receipt")): Object: 'Object Repository/visual testing checkpoints/Page_Demo Hospital/Page_Demo Hospital/Page_Demo Hospital/Page_Demo Hospital/Page_Demo Hospital/Page_Demo Hospital/a_Sales Report  Receipt' is clicked on

21-12-2023T16:36:36 - [MESSAGE][PASSED] - Object: 'Object Repository/visual testing checkpoints/Page_Demo Hospital/Page_Demo Hospital/Page_Demo Hospital/Page_Demo Hospital/Page_Demo Hospital/Page_Demo Hospital/a_Sales Report  Receipt' is clicked on

21-12-2023T16:36:36 - [TEST_STEP][PASSED] - waitForPageLoad(4): Wait for page load successfully

21-12-2023T16:36:36 - [MESSAGE][PASSED] - Wait for page load successfully

21-12-2023T16:36:36 - [TEST_STEP][PASSED] - takeScreenshotAsCheckpoint("Sales Report"): Taking screenshot successfully

21-12-2023T16:36:37 - [MESSAGE][INFO] - 0 hidden object(s)

21-12-2023T16:36:37 - [MESSAGE][PASSED] - Taking screenshot successfully
[[ATTACHMENT|keyes\keyes-Sales Report.png]]

21-12-2023T16:36:37 - [TEST_STEP][FAILED] - verifyElementText(findTestObject("Object Repository/visual testing checkpoints/Page_Demo Hospital/Page_Demo Hospital/Page_Demo Hospital/Page_Demo Hospital/Page_Demo Hospital/Page_Demo Hospital/h1_Sales Report            Preview"), "Sales Report
 Preview"): Verify element text of test object 'Object Repository/visual testing checkpoints/Page_Demo Hospital/Page_Demo Hospital/Page_Demo Hospital/Page_Demo Hospital/Page_Demo Hospital/Page_Demo Hospital/h1_Sales Report            Preview' FAILED. (Root cause: com.kms.katalon.core.exception.StepFailedException: Verify element text of test object 'Object Repository/visual testing checkpoints/Page_Demo Hospital/Page_Demo Hospital/Page_Demo Hospital/Page_Demo Hospital/Page_Demo Hospital/Page_Demo Hospital/h1_Sales Report            Preview' FAILED.
	at com.kms.katalon.core.webui.keyword.internal.WebUIKeywordMain.stepFailed(WebUIKeywordMain.groovy:64)
	at com.kms.katalon.core.webui.keyword.internal.WebUIKeywordMain.runKeyword(WebUIKeywordMain.groovy:26)
	at com.kms.katalon.core.webui.keyword.builtin.VerifyElementTextKeyword.verifyElementText(VerifyElementTextKeyword.groovy:72)
	at com.kms.katalon.core.webui.keyword.builtin.VerifyElementTextKeyword.execute(VerifyElementTextKeyword.groovy:40)
	at com.kms.katalon.core.keyword.internal.KeywordExecutor.executeKeywordForPlatform(KeywordExecutor.groovy:74)
	at com.kms.katalon.core.webui.keyword.WebUiBuiltInKeywords.verifyElementText(WebUiBuiltInKeywords.groovy:4835)
	at AdminSalesReportPage.run(AdminSalesReportPage:38)
	at com.kms.katalon.core.main.ScriptEngine.run(ScriptEngine.java:194)
	at com.kms.katalon.core.main.ScriptEngine.runScriptAsRawText(ScriptEngine.java:119)
	at com.kms.katalon.core.main.TestCaseExecutor.runScript(TestCaseExecutor.java:448)
	at com.kms.katalon.core.main.TestCaseExecutor.doExecute(TestCaseExecutor.java:439)
	at com.kms.katalon.core.main.TestCaseExecutor.processExecutionPhase(TestCaseExecutor.java:418)
	at com.kms.katalon.core.main.TestCaseExecutor.accessMainPhase(TestCaseExecutor.java:410)
	at com.kms.katalon.core.main.TestCaseExecutor.execute(TestCaseExecutor.java:285)
	at com.kms.katalon.core.common.CommonExecutor.accessTestCaseMainPhase(CommonExecutor.java:65)
	at com.kms.katalon.core.main.TestSuiteExecutor.accessTestSuiteMainPhase(TestSuiteExecutor.java:148)
	at com.kms.katalon.core.main.TestSuiteExecutor.execute(TestSuiteExecutor.java:106)
	at com.kms.katalon.core.main.TestCaseMain.startTestSuite(TestCaseMain.java:180)
	at TempTestSuite1703156677160.run(TempTestSuite1703156677160.groovy:36)
	at java.base/jdk.internal.reflect.NativeMethodAccessorImpl.invoke0(Native Method)
	at java.base/jdk.internal.reflect.NativeMethodAccessorImpl.invoke(NativeMethodAccessorImpl.java:77)
	at java.base/jdk.internal.reflect.DelegatingMethodAccessorImpl.invoke(DelegatingMethodAccessorImpl.java:43)
Caused by: com.kms.katalon.core.exception.StepFailedException: Actual text 'Sales Report Preview' and expected text 'Sales Report
 Preview' of test object 'Object Repository/visual testing checkpoints/Page_Demo Hospital/Page_Demo Hospital/Page_Demo Hospital/Page_Demo Hospital/Page_Demo Hospital/Page_Demo Hospital/h1_Sales Report            Preview' are NOT matched.
	at com.kms.katalon.core.webui.keyword.internal.WebUIKeywordMain.stepFailed(WebUIKeywordMain.groovy:64)
	at com.kms.katalon.core.webui.keyword.builtin.VerifyElementTextKeyword$_verifyElementText_closure1.doCall(VerifyElementTextKeyword.groovy:57)
	at com.kms.katalon.core.webui.keyword.builtin.VerifyElementTextKeyword$_verifyElementText_closure1.call(VerifyElementTextKeyword.groovy)
	at com.kms.katalon.core.webui.keyword.internal.WebUIKeywordMain.runKeyword(WebUIKeywordMain.groovy:20)
	... 20 more
)

21-12-2023T16:36:38 - [MESSAGE][FAILED] - Actual text 'Sales Report Preview' and expected text 'Sales Report
 Preview' of test object 'Object Repository/visual testing checkpoints/Page_Demo Hospital/Page_Demo Hospital/Page_Demo Hospital/Page_Demo Hospital/Page_Demo Hospital/Page_Demo Hospital/h1_Sales Report            Preview' are NOT matched. (Root cause: com.kms.katalon.core.exception.StepFailedException: Actual text 'Sales Report Preview' and expected text 'Sales Report
 Preview' of test object 'Object Repository/visual testing checkpoints/Page_Demo Hospital/Page_Demo Hospital/Page_Demo Hospital/Page_Demo Hospital/Page_Demo Hospital/Page_Demo Hospital/h1_Sales Report            Preview' are NOT matched.
	at com.kms.katalon.core.webui.keyword.internal.WebUIKeywordMain.stepFailed(WebUIKeywordMain.groovy:64)
	at com.kms.katalon.core.webui.keyword.builtin.VerifyElementTextKeyword$_verifyElementText_closure1.doCall(VerifyElementTextKeyword.groovy:57)
	at com.kms.katalon.core.webui.keyword.builtin.VerifyElementTextKeyword$_verifyElementText_closure1.call(VerifyElementTextKeyword.groovy)
	at com.kms.katalon.core.webui.keyword.internal.WebUIKeywordMain.runKeyword(WebUIKeywordMain.groovy:20)
	at com.kms.katalon.core.webui.keyword.builtin.VerifyElementTextKeyword.verifyElementText(VerifyElementTextKeyword.groovy:72)
	at com.kms.katalon.core.webui.keyword.builtin.VerifyElementTextKeyword.execute(VerifyElementTextKeyword.groovy:40)
	at com.kms.katalon.core.keyword.internal.KeywordExecutor.executeKeywordForPlatform(KeywordExecutor.groovy:74)
	at com.kms.katalon.core.webui.keyword.WebUiBuiltInKeywords.verifyElementText(WebUiBuiltInKeywords.groovy:4835)
	at AdminSalesReportPage.run(AdminSalesReportPage:38)
	at com.kms.katalon.core.main.ScriptEngine.run(ScriptEngine.java:194)
	at com.kms.katalon.core.main.ScriptEngine.runScriptAsRawText(ScriptEngine.java:119)
	at com.kms.katalon.core.main.TestCaseExecutor.runScript(TestCaseExecutor.java:448)
	at com.kms.katalon.core.main.TestCaseExecutor.doExecute(TestCaseExecutor.java:439)
	at com.kms.katalon.core.main.TestCaseExecutor.processExecutionPhase(TestCaseExecutor.java:418)
	at com.kms.katalon.core.main.TestCaseExecutor.accessMainPhase(TestCaseExecutor.java:410)
	at com.kms.katalon.core.main.TestCaseExecutor.execute(TestCaseExecutor.java:285)
	at com.kms.katalon.core.common.CommonExecutor.accessTestCaseMainPhase(CommonExecutor.java:65)
	at com.kms.katalon.core.main.TestSuiteExecutor.accessTestSuiteMainPhase(TestSuiteExecutor.java:148)
	at com.kms.katalon.core.main.TestSuiteExecutor.execute(TestSuiteExecutor.java:106)
	at com.kms.katalon.core.main.TestCaseMain.startTestSuite(TestCaseMain.java:180)
	at TempTestSuite1703156677160.run(TempTestSuite1703156677160.groovy:36)
	at java.base/jdk.internal.reflect.NativeMethodAccessorImpl.invoke0(Native Method)
	at java.base/jdk.internal.reflect.NativeMethodAccessorImpl.invoke(NativeMethodAccessorImpl.java:77)
	at java.base/jdk.internal.reflect.DelegatingMethodAccessorImpl.invoke(DelegatingMethodAccessorImpl.java:43)
)
[[ATTACHMENT|C:\\Users\\ADMIN\\Katalon Studio\\My First Project\\Reports\\20231221_163437\\VisualTest\\20231221_163437\\1703156798093.png]]

21-12-2023T16:36:38 - [MESSAGE][FAILED] - Verify element text of test object 'Object Repository/visual testing checkpoints/Page_Demo Hospital/Page_Demo Hospital/Page_Demo Hospital/Page_Demo Hospital/Page_Demo Hospital/Page_Demo Hospital/h1_Sales Report            Preview' FAILED. (Root cause: com.kms.katalon.core.exception.StepFailedException: Verify element text of test object 'Object Repository/visual testing checkpoints/Page_Demo Hospital/Page_Demo Hospital/Page_Demo Hospital/Page_Demo Hospital/Page_Demo Hospital/Page_Demo Hospital/h1_Sales Report            Preview' FAILED.
	at com.kms.katalon.core.webui.keyword.internal.WebUIKeywordMain.stepFailed(WebUIKeywordMain.groovy:64)
	at com.kms.katalon.core.webui.keyword.internal.WebUIKeywordMain.runKeyword(WebUIKeywordMain.groovy:26)
	at com.kms.katalon.core.webui.keyword.builtin.VerifyElementTextKeyword.verifyElementText(VerifyElementTextKeyword.groovy:72)
	at com.kms.katalon.core.webui.keyword.builtin.VerifyElementTextKeyword.execute(VerifyElementTextKeyword.groovy:40)
	at com.kms.katalon.core.keyword.internal.KeywordExecutor.executeKeywordForPlatform(KeywordExecutor.groovy:74)
	at com.kms.katalon.core.webui.keyword.WebUiBuiltInKeywords.verifyElementText(WebUiBuiltInKeywords.groovy:4835)
	at AdminSalesReportPage.run(AdminSalesReportPage:38)
	at com.kms.katalon.core.main.ScriptEngine.run(ScriptEngine.java:194)
	at com.kms.katalon.core.main.ScriptEngine.runScriptAsRawText(ScriptEngine.java:119)
	at com.kms.katalon.core.main.TestCaseExecutor.runScript(TestCaseExecutor.java:448)
	at com.kms.katalon.core.main.TestCaseExecutor.doExecute(TestCaseExecutor.java:439)
	at com.kms.katalon.core.main.TestCaseExecutor.processExecutionPhase(TestCaseExecutor.java:418)
	at com.kms.katalon.core.main.TestCaseExecutor.accessMainPhase(TestCaseExecutor.java:410)
	at com.kms.katalon.core.main.TestCaseExecutor.execute(TestCaseExecutor.java:285)
	at com.kms.katalon.core.common.CommonExecutor.accessTestCaseMainPhase(CommonExecutor.java:65)
	at com.kms.katalon.core.main.TestSuiteExecutor.accessTestSuiteMainPhase(TestSuiteExecutor.java:148)
	at com.kms.katalon.core.main.TestSuiteExecutor.execute(TestSuiteExecutor.java:106)
	at com.kms.katalon.core.main.TestCaseMain.startTestSuite(TestCaseMain.java:180)
	at TempTestSuite1703156677160.run(TempTestSuite1703156677160.groovy:36)
	at java.base/jdk.internal.reflect.NativeMethodAccessorImpl.invoke0(Native Method)
	at java.base/jdk.internal.reflect.NativeMethodAccessorImpl.invoke(NativeMethodAccessorImpl.java:77)
	at java.base/jdk.internal.reflect.DelegatingMethodAccessorImpl.invoke(DelegatingMethodAccessorImpl.java:43)
Caused by: com.kms.katalon.core.exception.StepFailedException: Actual text 'Sales Report Preview' and expected text 'Sales Report
 Preview' of test object 'Object Repository/visual testing checkpoints/Page_Demo Hospital/Page_Demo Hospital/Page_Demo Hospital/Page_Demo Hospital/Page_Demo Hospital/Page_Demo Hospital/h1_Sales Report            Preview' are NOT matched.
	at com.kms.katalon.core.webui.keyword.internal.WebUIKeywordMain.stepFailed(WebUIKeywordMain.groovy:64)
	at com.kms.katalon.core.webui.keyword.builtin.VerifyElementTextKeyword$_verifyElementText_closure1.doCall(VerifyElementTextKeyword.groovy:57)
	at com.kms.katalon.core.webui.keyword.builtin.VerifyElementTextKeyword$_verifyElementText_closure1.call(VerifyElementTextKeyword.groovy)
	at com.kms.katalon.core.webui.keyword.internal.WebUIKeywordMain.runKeyword(WebUIKeywordMain.groovy:20)
	... 20 more
)
[[ATTACHMENT|C:\\Users\\ADMIN\\Katalon Studio\\My First Project\\Reports\\20231221_163437\\VisualTest\\20231221_163437\\1703156798319.png]]]]></system-out>
         <system-err><![CDATA[21-12-2023T16:36:20 - [TEST_CASE][FAILED] - Test Cases/visual testing checkpoints/AdminSalesReportPage: Test Cases/visual testing checkpoints/AdminSalesReportPage FAILED.
Reason:
com.kms.katalon.core.exception.StepFailedException: Verify element text of test object 'Object Repository/visual testing checkpoints/Page_Demo Hospital/Page_Demo Hospital/Page_Demo Hospital/Page_Demo Hospital/Page_Demo Hospital/Page_Demo Hospital/h1_Sales Report            Preview' FAILED.
	at com.kms.katalon.core.webui.keyword.internal.WebUIKeywordMain.stepFailed(WebUIKeywordMain.groovy:64)
	at com.kms.katalon.core.webui.keyword.internal.WebUIKeywordMain.runKeyword(WebUIKeywordMain.groovy:26)
	at com.kms.katalon.core.webui.keyword.builtin.VerifyElementTextKeyword.verifyElementText(VerifyElementTextKeyword.groovy:72)
	at com.kms.katalon.core.webui.keyword.builtin.VerifyElementTextKeyword.execute(VerifyElementTextKeyword.groovy:40)
	at com.kms.katalon.core.keyword.internal.KeywordExecutor.executeKeywordForPlatform(KeywordExecutor.groovy:74)
	at com.kms.katalon.core.webui.keyword.WebUiBuiltInKeywords.verifyElementText(WebUiBuiltInKeywords.groovy:4835)
	at AdminSalesReportPage.run(AdminSalesReportPage:38)
	at com.kms.katalon.core.main.ScriptEngine.run(ScriptEngine.java:194)
	at com.kms.katalon.core.main.ScriptEngine.runScriptAsRawText(ScriptEngine.java:119)
	at com.kms.katalon.core.main.TestCaseExecutor.runScript(TestCaseExecutor.java:448)
	at com.kms.katalon.core.main.TestCaseExecutor.doExecute(TestCaseExecutor.java:439)
	at com.kms.katalon.core.main.TestCaseExecutor.processExecutionPhase(TestCaseExecutor.java:418)
	at com.kms.katalon.core.main.TestCaseExecutor.accessMainPhase(TestCaseExecutor.java:410)
	at com.kms.katalon.core.main.TestCaseExecutor.execute(TestCaseExecutor.java:285)
	at com.kms.katalon.core.common.CommonExecutor.accessTestCaseMainPhase(CommonExecutor.java:65)
	at com.kms.katalon.core.main.TestSuiteExecutor.accessTestSuiteMainPhase(TestSuiteExecutor.java:148)
	at com.kms.katalon.core.main.TestSuiteExecutor.execute(TestSuiteExecutor.java:106)
	at com.kms.katalon.core.main.TestCaseMain.startTestSuite(TestCaseMain.java:180)
	at TempTestSuite1703156677160.run(TempTestSuite1703156677160.groovy:36)
	at java.base/jdk.internal.reflect.NativeMethodAccessorImpl.invoke0(Native Method)
	at java.base/jdk.internal.reflect.NativeMethodAccessorImpl.invoke(NativeMethodAccessorImpl.java:77)
	at java.base/jdk.internal.reflect.DelegatingMethodAccessorImpl.invoke(DelegatingMethodAccessorImpl.java:43)
Caused by: com.kms.katalon.core.exception.StepFailedException: Actual text 'Sales Report Preview' and expected text 'Sales Report
 Preview' of test object 'Object Repository/visual testing checkpoints/Page_Demo Hospital/Page_Demo Hospital/Page_Demo Hospital/Page_Demo Hospital/Page_Demo Hospital/Page_Demo Hospital/h1_Sales Report            Preview' are NOT matched.
	at com.kms.katalon.core.webui.keyword.internal.WebUIKeywordMain.stepFailed(WebUIKeywordMain.groovy:64)
	at com.kms.katalon.core.webui.keyword.builtin.VerifyElementTextKeyword$_verifyElementText_closure1.doCall(VerifyElementTextKeyword.groovy:57)
	at com.kms.katalon.core.webui.keyword.builtin.VerifyElementTextKeyword$_verifyElementText_closure1.call(VerifyElementTextKeyword.groovy)
	at com.kms.katalon.core.webui.keyword.internal.WebUIKeywordMain.runKeyword(WebUIKeywordMain.groovy:20)
	... 20 more]]></system-err>
      </testcase>
      <testcase name="Test Cases/visual testing checkpoints/AdminPathologyPage" time="14.684" classname="Test Cases/visual testing checkpoints/AdminPathologyPage" status="FAILED">
         <failure type="FAILED" message="Test Cases/visual testing checkpoints/AdminPathologyPage FAILED.&#xa;Reason:&#xa;com.kms.katalon.core.exception.StepFailedException: Verify element text of test object 'Object Repository/visual testing checkpoints/New Folder/Page_Demo Hospital/h1_Diagnostic Pathology Test Sale Reports  _c71cdd' FAILED.&#xa;	at com.kms.katalon.core.webui.keyword.internal.WebUIKeywordMain.stepFailed(WebUIKeywordMain.groovy:64)&#xa;	at com.kms.katalon.core.webui.keyword.internal.WebUIKeywordMain.runKeyword(WebUIKeywordMain.groovy:26)&#xa;	at com.kms.katalon.core.webui.keyword.builtin.VerifyElementTextKeyword.verifyElementText(VerifyElementTextKeyword.groovy:72)&#xa;	at com.kms.katalon.core.webui.keyword.builtin.VerifyElementTextKeyword.execute(VerifyElementTextKeyword.groovy:40)&#xa;	at com.kms.katalon.core.keyword.internal.KeywordExecutor.executeKeywordForPlatform(KeywordExecutor.groovy:74)&#xa;	at com.kms.katalon.core.webui.keyword.WebUiBuiltInKeywords.verifyElementText(WebUiBuiltInKeywords.groovy:4835)&#xa;	at AdminPathologyPage.run(AdminPathologyPage:38)&#xa;	at com.kms.katalon.core.main.ScriptEngine.run(ScriptEngine.java:194)&#xa;	at com.kms.katalon.core.main.ScriptEngine.runScriptAsRawText(ScriptEngine.java:119)&#xa;	at com.kms.katalon.core.main.TestCaseExecutor.runScript(TestCaseExecutor.java:448)&#xa;	at com.kms.katalon.core.main.TestCaseExecutor.doExecute(TestCaseExecutor.java:439)&#xa;	at com.kms.katalon.core.main.TestCaseExecutor.processExecutionPhase(TestCaseExecutor.java:418)&#xa;	at com.kms.katalon.core.main.TestCaseExecutor.accessMainPhase(TestCaseExecutor.java:410)&#xa;	at com.kms.katalon.core.main.TestCaseExecutor.execute(TestCaseExecutor.java:285)&#xa;	at com.kms.katalon.core.common.CommonExecutor.accessTestCaseMainPhase(CommonExecutor.java:65)&#xa;	at com.kms.katalon.core.main.TestSuiteExecutor.accessTestSuiteMainPhase(TestSuiteExecutor.java:148)&#xa;	at com.kms.katalon.core.main.TestSuiteExecutor.execute(TestSuiteExecutor.java:106)&#xa;	at com.kms.katalon.core.main.TestCaseMain.startTestSuite(TestCaseMain.java:180)&#xa;	at TempTestSuite1703156677160.run(TempTestSuite1703156677160.groovy:36)&#xa;	at java.base/jdk.internal.reflect.NativeMethodAccessorImpl.invoke0(Native Method)&#xa;	at java.base/jdk.internal.reflect.NativeMethodAccessorImpl.invoke(NativeMethodAccessorImpl.java:77)&#xa;	at java.base/jdk.internal.reflect.DelegatingMethodAccessorImpl.invoke(DelegatingMethodAccessorImpl.java:43)&#xa;Caused by: com.kms.katalon.core.exception.StepFailedException: Actual text 'Diagnostic Pathology Test Sale Reports Preview' and expected text 'Diagnostic Pathology Test Sale Reports&#xa; Preview' of test object 'Object Repository/visual testing checkpoints/New Folder/Page_Demo Hospital/h1_Diagnostic Pathology Test Sale Reports  _c71cdd' are NOT matched.&#xa;	at com.kms.katalon.core.webui.keyword.internal.WebUIKeywordMain.stepFailed(WebUIKeywordMain.groovy:64)&#xa;	at com.kms.katalon.core.webui.keyword.builtin.VerifyElementTextKeyword$_verifyElementText_closure1.doCall(VerifyElementTextKeyword.groovy:57)&#xa;	at com.kms.katalon.core.webui.keyword.builtin.VerifyElementTextKeyword$_verifyElementText_closure1.call(VerifyElementTextKeyword.groovy)&#xa;	at com.kms.katalon.core.webui.keyword.internal.WebUIKeywordMain.runKeyword(WebUIKeywordMain.groovy:20)&#xa;	... 20 more&#xa;"/>
         <system-out><![CDATA[21-12-2023T16:36:38 - [TEST_CASE][FAILED] - Test Cases/visual testing checkpoints/AdminPathologyPage: Test Cases/visual testing checkpoints/AdminPathologyPage FAILED.
Reason:
com.kms.katalon.core.exception.StepFailedException: Verify element text of test object 'Object Repository/visual testing checkpoints/New Folder/Page_Demo Hospital/h1_Diagnostic Pathology Test Sale Reports  _c71cdd' FAILED.
	at com.kms.katalon.core.webui.keyword.internal.WebUIKeywordMain.stepFailed(WebUIKeywordMain.groovy:64)
	at com.kms.katalon.core.webui.keyword.internal.WebUIKeywordMain.runKeyword(WebUIKeywordMain.groovy:26)
	at com.kms.katalon.core.webui.keyword.builtin.VerifyElementTextKeyword.verifyElementText(VerifyElementTextKeyword.groovy:72)
	at com.kms.katalon.core.webui.keyword.builtin.VerifyElementTextKeyword.execute(VerifyElementTextKeyword.groovy:40)
	at com.kms.katalon.core.keyword.internal.KeywordExecutor.executeKeywordForPlatform(KeywordExecutor.groovy:74)
	at com.kms.katalon.core.webui.keyword.WebUiBuiltInKeywords.verifyElementText(WebUiBuiltInKeywords.groovy:4835)
	at AdminPathologyPage.run(AdminPathologyPage:38)
	at com.kms.katalon.core.main.ScriptEngine.run(ScriptEngine.java:194)
	at com.kms.katalon.core.main.ScriptEngine.runScriptAsRawText(ScriptEngine.java:119)
	at com.kms.katalon.core.main.TestCaseExecutor.runScript(TestCaseExecutor.java:448)
	at com.kms.katalon.core.main.TestCaseExecutor.doExecute(TestCaseExecutor.java:439)
	at com.kms.katalon.core.main.TestCaseExecutor.processExecutionPhase(TestCaseExecutor.java:418)
	at com.kms.katalon.core.main.TestCaseExecutor.accessMainPhase(TestCaseExecutor.java:410)
	at com.kms.katalon.core.main.TestCaseExecutor.execute(TestCaseExecutor.java:285)
	at com.kms.katalon.core.common.CommonExecutor.accessTestCaseMainPhase(CommonExecutor.java:65)
	at com.kms.katalon.core.main.TestSuiteExecutor.accessTestSuiteMainPhase(TestSuiteExecutor.java:148)
	at com.kms.katalon.core.main.TestSuiteExecutor.execute(TestSuiteExecutor.java:106)
	at com.kms.katalon.core.main.TestCaseMain.startTestSuite(TestCaseMain.java:180)
	at TempTestSuite1703156677160.run(TempTestSuite1703156677160.groovy:36)
	at java.base/jdk.internal.reflect.NativeMethodAccessorImpl.invoke0(Native Method)
	at java.base/jdk.internal.reflect.NativeMethodAccessorImpl.invoke(NativeMethodAccessorImpl.java:77)
	at java.base/jdk.internal.reflect.DelegatingMethodAccessorImpl.invoke(DelegatingMethodAccessorImpl.java:43)
Caused by: com.kms.katalon.core.exception.StepFailedException: Actual text 'Diagnostic Pathology Test Sale Reports Preview' and expected text 'Diagnostic Pathology Test Sale Reports
 Preview' of test object 'Object Repository/visual testing checkpoints/New Folder/Page_Demo Hospital/h1_Diagnostic Pathology Test Sale Reports  _c71cdd' are NOT matched.
	at com.kms.katalon.core.webui.keyword.internal.WebUIKeywordMain.stepFailed(WebUIKeywordMain.groovy:64)
	at com.kms.katalon.core.webui.keyword.builtin.VerifyElementTextKeyword$_verifyElementText_closure1.doCall(VerifyElementTextKeyword.groovy:57)
	at com.kms.katalon.core.webui.keyword.builtin.VerifyElementTextKeyword$_verifyElementText_closure1.call(VerifyElementTextKeyword.groovy)
	at com.kms.katalon.core.webui.keyword.internal.WebUIKeywordMain.runKeyword(WebUIKeywordMain.groovy:20)
	... 20 more


21-12-2023T16:36:38 - [TEST_STEP][PASSED] - openBrowser(""): Browser is opened with url: ''

21-12-2023T16:36:38 - [MESSAGE][WARNING] - A browser is already opened. Closing browser and opening a new one

21-12-2023T16:36:39 - [MESSAGE][INFO] - Starting 'Chrome' driver

21-12-2023T16:36:39 - [MESSAGE][INFO] - Action delay is set to 0 milliseconds

21-12-2023T16:36:40 - [MESSAGE][PASSED] - Browser is opened with url: ''

21-12-2023T16:36:40 - [TEST_STEP][PASSED] - navigateToUrl("https://hospitalb.com/login"): Navigate to 'https://hospitalb.com/login' successfully

21-12-2023T16:36:44 - [MESSAGE][PASSED] - Navigate to 'https://hospitalb.com/login' successfully

21-12-2023T16:36:44 - [TEST_STEP][PASSED] - setText(findTestObject("Object Repository/visual testing checkpoints/New Folder/Page_Demo Hospital/input_email"), "admin@gmail.com"): Text 'admin@gmail.com' is set on object 'Object Repository/visual testing checkpoints/New Folder/Page_Demo Hospital/input_email'

21-12-2023T16:36:45 - [MESSAGE][PASSED] - Text 'admin@gmail.com' is set on object 'Object Repository/visual testing checkpoints/New Folder/Page_Demo Hospital/input_email'

21-12-2023T16:36:45 - [TEST_STEP][PASSED] - setEncryptedText(findTestObject("Object Repository/visual testing checkpoints/New Folder/Page_Demo Hospital/input_password"), "aeHFOx8jV/A="): Text ****** has been set on object 'Object Repository/visual testing checkpoints/New Folder/Page_Demo Hospital/input_password'

21-12-2023T16:36:45 - [MESSAGE][PASSED] - Text ****** has been set on object 'Object Repository/visual testing checkpoints/New Folder/Page_Demo Hospital/input_password'

21-12-2023T16:36:45 - [TEST_STEP][PASSED] - click(findTestObject("Object Repository/visual testing checkpoints/New Folder/Page_Demo Hospital/input_custom-btn")): Object: 'Object Repository/visual testing checkpoints/New Folder/Page_Demo Hospital/input_custom-btn' is clicked on

21-12-2023T16:36:49 - [MESSAGE][PASSED] - Object: 'Object Repository/visual testing checkpoints/New Folder/Page_Demo Hospital/input_custom-btn' is clicked on

21-12-2023T16:36:49 - [TEST_STEP][PASSED] - click(findTestObject("Object Repository/visual testing checkpoints/New Folder/Page_Demo Hospital/i_fa fa-medkit")): Object: 'Object Repository/visual testing checkpoints/New Folder/Page_Demo Hospital/i_fa fa-medkit' is clicked on

21-12-2023T16:36:51 - [MESSAGE][PASSED] - Object: 'Object Repository/visual testing checkpoints/New Folder/Page_Demo Hospital/i_fa fa-medkit' is clicked on

21-12-2023T16:36:51 - [TEST_STEP][PASSED] - waitForPageLoad(4): Wait for page load successfully

21-12-2023T16:36:51 - [MESSAGE][PASSED] - Wait for page load successfully

21-12-2023T16:36:51 - [TEST_STEP][PASSED] - takeScreenshotAsCheckpoint("PathologyPage"): Taking screenshot successfully

21-12-2023T16:36:52 - [MESSAGE][INFO] - 0 hidden object(s)

21-12-2023T16:36:52 - [MESSAGE][PASSED] - Taking screenshot successfully
[[ATTACHMENT|keyes\keyes-PathologyPage.png]]

21-12-2023T16:36:52 - [TEST_STEP][FAILED] - verifyElementText(findTestObject("Object Repository/visual testing checkpoints/New Folder/Page_Demo Hospital/h1_Diagnostic Pathology Test Sale Reports  _c71cdd"), "Diagnostic Pathology Test Sale Reports
 Preview"): Verify element text of test object 'Object Repository/visual testing checkpoints/New Folder/Page_Demo Hospital/h1_Diagnostic Pathology Test Sale Reports  _c71cdd' FAILED. (Root cause: com.kms.katalon.core.exception.StepFailedException: Verify element text of test object 'Object Repository/visual testing checkpoints/New Folder/Page_Demo Hospital/h1_Diagnostic Pathology Test Sale Reports  _c71cdd' FAILED.
	at com.kms.katalon.core.webui.keyword.internal.WebUIKeywordMain.stepFailed(WebUIKeywordMain.groovy:64)
	at com.kms.katalon.core.webui.keyword.internal.WebUIKeywordMain.runKeyword(WebUIKeywordMain.groovy:26)
	at com.kms.katalon.core.webui.keyword.builtin.VerifyElementTextKeyword.verifyElementText(VerifyElementTextKeyword.groovy:72)
	at com.kms.katalon.core.webui.keyword.builtin.VerifyElementTextKeyword.execute(VerifyElementTextKeyword.groovy:40)
	at com.kms.katalon.core.keyword.internal.KeywordExecutor.executeKeywordForPlatform(KeywordExecutor.groovy:74)
	at com.kms.katalon.core.webui.keyword.WebUiBuiltInKeywords.verifyElementText(WebUiBuiltInKeywords.groovy:4835)
	at AdminPathologyPage.run(AdminPathologyPage:38)
	at com.kms.katalon.core.main.ScriptEngine.run(ScriptEngine.java:194)
	at com.kms.katalon.core.main.ScriptEngine.runScriptAsRawText(ScriptEngine.java:119)
	at com.kms.katalon.core.main.TestCaseExecutor.runScript(TestCaseExecutor.java:448)
	at com.kms.katalon.core.main.TestCaseExecutor.doExecute(TestCaseExecutor.java:439)
	at com.kms.katalon.core.main.TestCaseExecutor.processExecutionPhase(TestCaseExecutor.java:418)
	at com.kms.katalon.core.main.TestCaseExecutor.accessMainPhase(TestCaseExecutor.java:410)
	at com.kms.katalon.core.main.TestCaseExecutor.execute(TestCaseExecutor.java:285)
	at com.kms.katalon.core.common.CommonExecutor.accessTestCaseMainPhase(CommonExecutor.java:65)
	at com.kms.katalon.core.main.TestSuiteExecutor.accessTestSuiteMainPhase(TestSuiteExecutor.java:148)
	at com.kms.katalon.core.main.TestSuiteExecutor.execute(TestSuiteExecutor.java:106)
	at com.kms.katalon.core.main.TestCaseMain.startTestSuite(TestCaseMain.java:180)
	at TempTestSuite1703156677160.run(TempTestSuite1703156677160.groovy:36)
	at java.base/jdk.internal.reflect.NativeMethodAccessorImpl.invoke0(Native Method)
	at java.base/jdk.internal.reflect.NativeMethodAccessorImpl.invoke(NativeMethodAccessorImpl.java:77)
	at java.base/jdk.internal.reflect.DelegatingMethodAccessorImpl.invoke(DelegatingMethodAccessorImpl.java:43)
Caused by: com.kms.katalon.core.exception.StepFailedException: Actual text 'Diagnostic Pathology Test Sale Reports Preview' and expected text 'Diagnostic Pathology Test Sale Reports
 Preview' of test object 'Object Repository/visual testing checkpoints/New Folder/Page_Demo Hospital/h1_Diagnostic Pathology Test Sale Reports  _c71cdd' are NOT matched.
	at com.kms.katalon.core.webui.keyword.internal.WebUIKeywordMain.stepFailed(WebUIKeywordMain.groovy:64)
	at com.kms.katalon.core.webui.keyword.builtin.VerifyElementTextKeyword$_verifyElementText_closure1.doCall(VerifyElementTextKeyword.groovy:57)
	at com.kms.katalon.core.webui.keyword.builtin.VerifyElementTextKeyword$_verifyElementText_closure1.call(VerifyElementTextKeyword.groovy)
	at com.kms.katalon.core.webui.keyword.internal.WebUIKeywordMain.runKeyword(WebUIKeywordMain.groovy:20)
	... 20 more
)

21-12-2023T16:36:53 - [MESSAGE][FAILED] - Actual text 'Diagnostic Pathology Test Sale Reports Preview' and expected text 'Diagnostic Pathology Test Sale Reports
 Preview' of test object 'Object Repository/visual testing checkpoints/New Folder/Page_Demo Hospital/h1_Diagnostic Pathology Test Sale Reports  _c71cdd' are NOT matched. (Root cause: com.kms.katalon.core.exception.StepFailedException: Actual text 'Diagnostic Pathology Test Sale Reports Preview' and expected text 'Diagnostic Pathology Test Sale Reports
 Preview' of test object 'Object Repository/visual testing checkpoints/New Folder/Page_Demo Hospital/h1_Diagnostic Pathology Test Sale Reports  _c71cdd' are NOT matched.
	at com.kms.katalon.core.webui.keyword.internal.WebUIKeywordMain.stepFailed(WebUIKeywordMain.groovy:64)
	at com.kms.katalon.core.webui.keyword.builtin.VerifyElementTextKeyword$_verifyElementText_closure1.doCall(VerifyElementTextKeyword.groovy:57)
	at com.kms.katalon.core.webui.keyword.builtin.VerifyElementTextKeyword$_verifyElementText_closure1.call(VerifyElementTextKeyword.groovy)
	at com.kms.katalon.core.webui.keyword.internal.WebUIKeywordMain.runKeyword(WebUIKeywordMain.groovy:20)
	at com.kms.katalon.core.webui.keyword.builtin.VerifyElementTextKeyword.verifyElementText(VerifyElementTextKeyword.groovy:72)
	at com.kms.katalon.core.webui.keyword.builtin.VerifyElementTextKeyword.execute(VerifyElementTextKeyword.groovy:40)
	at com.kms.katalon.core.keyword.internal.KeywordExecutor.executeKeywordForPlatform(KeywordExecutor.groovy:74)
	at com.kms.katalon.core.webui.keyword.WebUiBuiltInKeywords.verifyElementText(WebUiBuiltInKeywords.groovy:4835)
	at AdminPathologyPage.run(AdminPathologyPage:38)
	at com.kms.katalon.core.main.ScriptEngine.run(ScriptEngine.java:194)
	at com.kms.katalon.core.main.ScriptEngine.runScriptAsRawText(ScriptEngine.java:119)
	at com.kms.katalon.core.main.TestCaseExecutor.runScript(TestCaseExecutor.java:448)
	at com.kms.katalon.core.main.TestCaseExecutor.doExecute(TestCaseExecutor.java:439)
	at com.kms.katalon.core.main.TestCaseExecutor.processExecutionPhase(TestCaseExecutor.java:418)
	at com.kms.katalon.core.main.TestCaseExecutor.accessMainPhase(TestCaseExecutor.java:410)
	at com.kms.katalon.core.main.TestCaseExecutor.execute(TestCaseExecutor.java:285)
	at com.kms.katalon.core.common.CommonExecutor.accessTestCaseMainPhase(CommonExecutor.java:65)
	at com.kms.katalon.core.main.TestSuiteExecutor.accessTestSuiteMainPhase(TestSuiteExecutor.java:148)
	at com.kms.katalon.core.main.TestSuiteExecutor.execute(TestSuiteExecutor.java:106)
	at com.kms.katalon.core.main.TestCaseMain.startTestSuite(TestCaseMain.java:180)
	at TempTestSuite1703156677160.run(TempTestSuite1703156677160.groovy:36)
	at java.base/jdk.internal.reflect.NativeMethodAccessorImpl.invoke0(Native Method)
	at java.base/jdk.internal.reflect.NativeMethodAccessorImpl.invoke(NativeMethodAccessorImpl.java:77)
	at java.base/jdk.internal.reflect.DelegatingMethodAccessorImpl.invoke(DelegatingMethodAccessorImpl.java:43)
)
[[ATTACHMENT|C:\\Users\\ADMIN\\Katalon Studio\\My First Project\\Reports\\20231221_163437\\VisualTest\\20231221_163437\\1703156812823.png]]

21-12-2023T16:36:53 - [MESSAGE][FAILED] - Verify element text of test object 'Object Repository/visual testing checkpoints/New Folder/Page_Demo Hospital/h1_Diagnostic Pathology Test Sale Reports  _c71cdd' FAILED. (Root cause: com.kms.katalon.core.exception.StepFailedException: Verify element text of test object 'Object Repository/visual testing checkpoints/New Folder/Page_Demo Hospital/h1_Diagnostic Pathology Test Sale Reports  _c71cdd' FAILED.
	at com.kms.katalon.core.webui.keyword.internal.WebUIKeywordMain.stepFailed(WebUIKeywordMain.groovy:64)
	at com.kms.katalon.core.webui.keyword.internal.WebUIKeywordMain.runKeyword(WebUIKeywordMain.groovy:26)
	at com.kms.katalon.core.webui.keyword.builtin.VerifyElementTextKeyword.verifyElementText(VerifyElementTextKeyword.groovy:72)
	at com.kms.katalon.core.webui.keyword.builtin.VerifyElementTextKeyword.execute(VerifyElementTextKeyword.groovy:40)
	at com.kms.katalon.core.keyword.internal.KeywordExecutor.executeKeywordForPlatform(KeywordExecutor.groovy:74)
	at com.kms.katalon.core.webui.keyword.WebUiBuiltInKeywords.verifyElementText(WebUiBuiltInKeywords.groovy:4835)
	at AdminPathologyPage.run(AdminPathologyPage:38)
	at com.kms.katalon.core.main.ScriptEngine.run(ScriptEngine.java:194)
	at com.kms.katalon.core.main.ScriptEngine.runScriptAsRawText(ScriptEngine.java:119)
	at com.kms.katalon.core.main.TestCaseExecutor.runScript(TestCaseExecutor.java:448)
	at com.kms.katalon.core.main.TestCaseExecutor.doExecute(TestCaseExecutor.java:439)
	at com.kms.katalon.core.main.TestCaseExecutor.processExecutionPhase(TestCaseExecutor.java:418)
	at com.kms.katalon.core.main.TestCaseExecutor.accessMainPhase(TestCaseExecutor.java:410)
	at com.kms.katalon.core.main.TestCaseExecutor.execute(TestCaseExecutor.java:285)
	at com.kms.katalon.core.common.CommonExecutor.accessTestCaseMainPhase(CommonExecutor.java:65)
	at com.kms.katalon.core.main.TestSuiteExecutor.accessTestSuiteMainPhase(TestSuiteExecutor.java:148)
	at com.kms.katalon.core.main.TestSuiteExecutor.execute(TestSuiteExecutor.java:106)
	at com.kms.katalon.core.main.TestCaseMain.startTestSuite(TestCaseMain.java:180)
	at TempTestSuite1703156677160.run(TempTestSuite1703156677160.groovy:36)
	at java.base/jdk.internal.reflect.NativeMethodAccessorImpl.invoke0(Native Method)
	at java.base/jdk.internal.reflect.NativeMethodAccessorImpl.invoke(NativeMethodAccessorImpl.java:77)
	at java.base/jdk.internal.reflect.DelegatingMethodAccessorImpl.invoke(DelegatingMethodAccessorImpl.java:43)
Caused by: com.kms.katalon.core.exception.StepFailedException: Actual text 'Diagnostic Pathology Test Sale Reports Preview' and expected text 'Diagnostic Pathology Test Sale Reports
 Preview' of test object 'Object Repository/visual testing checkpoints/New Folder/Page_Demo Hospital/h1_Diagnostic Pathology Test Sale Reports  _c71cdd' are NOT matched.
	at com.kms.katalon.core.webui.keyword.internal.WebUIKeywordMain.stepFailed(WebUIKeywordMain.groovy:64)
	at com.kms.katalon.core.webui.keyword.builtin.VerifyElementTextKeyword$_verifyElementText_closure1.doCall(VerifyElementTextKeyword.groovy:57)
	at com.kms.katalon.core.webui.keyword.builtin.VerifyElementTextKeyword$_verifyElementText_closure1.call(VerifyElementTextKeyword.groovy)
	at com.kms.katalon.core.webui.keyword.internal.WebUIKeywordMain.runKeyword(WebUIKeywordMain.groovy:20)
	... 20 more
)
[[ATTACHMENT|C:\\Users\\ADMIN\\Katalon Studio\\My First Project\\Reports\\20231221_163437\\VisualTest\\20231221_163437\\1703156813020.png]]]]></system-out>
         <system-err><![CDATA[21-12-2023T16:36:38 - [TEST_CASE][FAILED] - Test Cases/visual testing checkpoints/AdminPathologyPage: Test Cases/visual testing checkpoints/AdminPathologyPage FAILED.
Reason:
com.kms.katalon.core.exception.StepFailedException: Verify element text of test object 'Object Repository/visual testing checkpoints/New Folder/Page_Demo Hospital/h1_Diagnostic Pathology Test Sale Reports  _c71cdd' FAILED.
	at com.kms.katalon.core.webui.keyword.internal.WebUIKeywordMain.stepFailed(WebUIKeywordMain.groovy:64)
	at com.kms.katalon.core.webui.keyword.internal.WebUIKeywordMain.runKeyword(WebUIKeywordMain.groovy:26)
	at com.kms.katalon.core.webui.keyword.builtin.VerifyElementTextKeyword.verifyElementText(VerifyElementTextKeyword.groovy:72)
	at com.kms.katalon.core.webui.keyword.builtin.VerifyElementTextKeyword.execute(VerifyElementTextKeyword.groovy:40)
	at com.kms.katalon.core.keyword.internal.KeywordExecutor.executeKeywordForPlatform(KeywordExecutor.groovy:74)
	at com.kms.katalon.core.webui.keyword.WebUiBuiltInKeywords.verifyElementText(WebUiBuiltInKeywords.groovy:4835)
	at AdminPathologyPage.run(AdminPathologyPage:38)
	at com.kms.katalon.core.main.ScriptEngine.run(ScriptEngine.java:194)
	at com.kms.katalon.core.main.ScriptEngine.runScriptAsRawText(ScriptEngine.java:119)
	at com.kms.katalon.core.main.TestCaseExecutor.runScript(TestCaseExecutor.java:448)
	at com.kms.katalon.core.main.TestCaseExecutor.doExecute(TestCaseExecutor.java:439)
	at com.kms.katalon.core.main.TestCaseExecutor.processExecutionPhase(TestCaseExecutor.java:418)
	at com.kms.katalon.core.main.TestCaseExecutor.accessMainPhase(TestCaseExecutor.java:410)
	at com.kms.katalon.core.main.TestCaseExecutor.execute(TestCaseExecutor.java:285)
	at com.kms.katalon.core.common.CommonExecutor.accessTestCaseMainPhase(CommonExecutor.java:65)
	at com.kms.katalon.core.main.TestSuiteExecutor.accessTestSuiteMainPhase(TestSuiteExecutor.java:148)
	at com.kms.katalon.core.main.TestSuiteExecutor.execute(TestSuiteExecutor.java:106)
	at com.kms.katalon.core.main.TestCaseMain.startTestSuite(TestCaseMain.java:180)
	at TempTestSuite1703156677160.run(TempTestSuite1703156677160.groovy:36)
	at java.base/jdk.internal.reflect.NativeMethodAccessorImpl.invoke0(Native Method)
	at java.base/jdk.internal.reflect.NativeMethodAccessorImpl.invoke(NativeMethodAccessorImpl.java:77)
	at java.base/jdk.internal.reflect.DelegatingMethodAccessorImpl.invoke(DelegatingMethodAccessorImpl.java:43)
Caused by: com.kms.katalon.core.exception.StepFailedException: Actual text 'Diagnostic Pathology Test Sale Reports Preview' and expected text 'Diagnostic Pathology Test Sale Reports
 Preview' of test object 'Object Repository/visual testing checkpoints/New Folder/Page_Demo Hospital/h1_Diagnostic Pathology Test Sale Reports  _c71cdd' are NOT matched.
	at com.kms.katalon.core.webui.keyword.internal.WebUIKeywordMain.stepFailed(WebUIKeywordMain.groovy:64)
	at com.kms.katalon.core.webui.keyword.builtin.VerifyElementTextKeyword$_verifyElementText_closure1.doCall(VerifyElementTextKeyword.groovy:57)
	at com.kms.katalon.core.webui.keyword.builtin.VerifyElementTextKeyword$_verifyElementText_closure1.call(VerifyElementTextKeyword.groovy)
	at com.kms.katalon.core.webui.keyword.internal.WebUIKeywordMain.runKeyword(WebUIKeywordMain.groovy:20)
	... 20 more]]></system-err>
      </testcase>
      <testcase name="Test Cases/visual testing checkpoints/AdminRadiologyPage" time="16.247" classname="Test Cases/visual testing checkpoints/AdminRadiologyPage" status="FAILED">
         <failure type="FAILED" message="Test Cases/visual testing checkpoints/AdminRadiologyPage FAILED.&#xa;Reason:&#xa;com.kms.katalon.core.exception.StepFailedException: Verify element text of test object 'Object Repository/visual testing checkpoints/New Folder/Page_Demo Hospital/Page_Demo Hospital/h1_Diagnostic Radiology Test Sale Reports  _ce090f' FAILED.&#xa;	at com.kms.katalon.core.webui.keyword.internal.WebUIKeywordMain.stepFailed(WebUIKeywordMain.groovy:64)&#xa;	at com.kms.katalon.core.webui.keyword.internal.WebUIKeywordMain.runKeyword(WebUIKeywordMain.groovy:26)&#xa;	at com.kms.katalon.core.webui.keyword.builtin.VerifyElementTextKeyword.verifyElementText(VerifyElementTextKeyword.groovy:72)&#xa;	at com.kms.katalon.core.webui.keyword.builtin.VerifyElementTextKeyword.execute(VerifyElementTextKeyword.groovy:40)&#xa;	at com.kms.katalon.core.keyword.internal.KeywordExecutor.executeKeywordForPlatform(KeywordExecutor.groovy:74)&#xa;	at com.kms.katalon.core.webui.keyword.WebUiBuiltInKeywords.verifyElementText(WebUiBuiltInKeywords.groovy:4835)&#xa;	at AdminRadiologyPage.run(AdminRadiologyPage:36)&#xa;	at com.kms.katalon.core.main.ScriptEngine.run(ScriptEngine.java:194)&#xa;	at com.kms.katalon.core.main.ScriptEngine.runScriptAsRawText(ScriptEngine.java:119)&#xa;	at com.kms.katalon.core.main.TestCaseExecutor.runScript(TestCaseExecutor.java:448)&#xa;	at com.kms.katalon.core.main.TestCaseExecutor.doExecute(TestCaseExecutor.java:439)&#xa;	at com.kms.katalon.core.main.TestCaseExecutor.processExecutionPhase(TestCaseExecutor.java:418)&#xa;	at com.kms.katalon.core.main.TestCaseExecutor.accessMainPhase(TestCaseExecutor.java:410)&#xa;	at com.kms.katalon.core.main.TestCaseExecutor.execute(TestCaseExecutor.java:285)&#xa;	at com.kms.katalon.core.common.CommonExecutor.accessTestCaseMainPhase(CommonExecutor.java:65)&#xa;	at com.kms.katalon.core.main.TestSuiteExecutor.accessTestSuiteMainPhase(TestSuiteExecutor.java:148)&#xa;	at com.kms.katalon.core.main.TestSuiteExecutor.execute(TestSuiteExecutor.java:106)&#xa;	at com.kms.katalon.core.main.TestCaseMain.startTestSuite(TestCaseMain.java:180)&#xa;	at TempTestSuite1703156677160.run(TempTestSuite1703156677160.groovy:36)&#xa;	at java.base/jdk.internal.reflect.NativeMethodAccessorImpl.invoke0(Native Method)&#xa;	at java.base/jdk.internal.reflect.NativeMethodAccessorImpl.invoke(NativeMethodAccessorImpl.java:77)&#xa;	at java.base/jdk.internal.reflect.DelegatingMethodAccessorImpl.invoke(DelegatingMethodAccessorImpl.java:43)&#xa;Caused by: com.kms.katalon.core.exception.StepFailedException: Actual text 'Diagnostic Radiology Test Sale Reports Preview' and expected text 'Diagnostic Radiology Test Sale Reports&#xa; Preview' of test object 'Object Repository/visual testing checkpoints/New Folder/Page_Demo Hospital/Page_Demo Hospital/h1_Diagnostic Radiology Test Sale Reports  _ce090f' are NOT matched.&#xa;	at com.kms.katalon.core.webui.keyword.internal.WebUIKeywordMain.stepFailed(WebUIKeywordMain.groovy:64)&#xa;	at com.kms.katalon.core.webui.keyword.builtin.VerifyElementTextKeyword$_verifyElementText_closure1.doCall(VerifyElementTextKeyword.groovy:57)&#xa;	at com.kms.katalon.core.webui.keyword.builtin.VerifyElementTextKeyword$_verifyElementText_closure1.call(VerifyElementTextKeyword.groovy)&#xa;	at com.kms.katalon.core.webui.keyword.internal.WebUIKeywordMain.runKeyword(WebUIKeywordMain.groovy:20)&#xa;	... 20 more&#xa;"/>
         <system-out><![CDATA[21-12-2023T16:36:53 - [TEST_CASE][FAILED] - Test Cases/visual testing checkpoints/AdminRadiologyPage: Test Cases/visual testing checkpoints/AdminRadiologyPage FAILED.
Reason:
com.kms.katalon.core.exception.StepFailedException: Verify element text of test object 'Object Repository/visual testing checkpoints/New Folder/Page_Demo Hospital/Page_Demo Hospital/h1_Diagnostic Radiology Test Sale Reports  _ce090f' FAILED.
	at com.kms.katalon.core.webui.keyword.internal.WebUIKeywordMain.stepFailed(WebUIKeywordMain.groovy:64)
	at com.kms.katalon.core.webui.keyword.internal.WebUIKeywordMain.runKeyword(WebUIKeywordMain.groovy:26)
	at com.kms.katalon.core.webui.keyword.builtin.VerifyElementTextKeyword.verifyElementText(VerifyElementTextKeyword.groovy:72)
	at com.kms.katalon.core.webui.keyword.builtin.VerifyElementTextKeyword.execute(VerifyElementTextKeyword.groovy:40)
	at com.kms.katalon.core.keyword.internal.KeywordExecutor.executeKeywordForPlatform(KeywordExecutor.groovy:74)
	at com.kms.katalon.core.webui.keyword.WebUiBuiltInKeywords.verifyElementText(WebUiBuiltInKeywords.groovy:4835)
	at AdminRadiologyPage.run(AdminRadiologyPage:36)
	at com.kms.katalon.core.main.ScriptEngine.run(ScriptEngine.java:194)
	at com.kms.katalon.core.main.ScriptEngine.runScriptAsRawText(ScriptEngine.java:119)
	at com.kms.katalon.core.main.TestCaseExecutor.runScript(TestCaseExecutor.java:448)
	at com.kms.katalon.core.main.TestCaseExecutor.doExecute(TestCaseExecutor.java:439)
	at com.kms.katalon.core.main.TestCaseExecutor.processExecutionPhase(TestCaseExecutor.java:418)
	at com.kms.katalon.core.main.TestCaseExecutor.accessMainPhase(TestCaseExecutor.java:410)
	at com.kms.katalon.core.main.TestCaseExecutor.execute(TestCaseExecutor.java:285)
	at com.kms.katalon.core.common.CommonExecutor.accessTestCaseMainPhase(CommonExecutor.java:65)
	at com.kms.katalon.core.main.TestSuiteExecutor.accessTestSuiteMainPhase(TestSuiteExecutor.java:148)
	at com.kms.katalon.core.main.TestSuiteExecutor.execute(TestSuiteExecutor.java:106)
	at com.kms.katalon.core.main.TestCaseMain.startTestSuite(TestCaseMain.java:180)
	at TempTestSuite1703156677160.run(TempTestSuite1703156677160.groovy:36)
	at java.base/jdk.internal.reflect.NativeMethodAccessorImpl.invoke0(Native Method)
	at java.base/jdk.internal.reflect.NativeMethodAccessorImpl.invoke(NativeMethodAccessorImpl.java:77)
	at java.base/jdk.internal.reflect.DelegatingMethodAccessorImpl.invoke(DelegatingMethodAccessorImpl.java:43)
Caused by: com.kms.katalon.core.exception.StepFailedException: Actual text 'Diagnostic Radiology Test Sale Reports Preview' and expected text 'Diagnostic Radiology Test Sale Reports
 Preview' of test object 'Object Repository/visual testing checkpoints/New Folder/Page_Demo Hospital/Page_Demo Hospital/h1_Diagnostic Radiology Test Sale Reports  _ce090f' are NOT matched.
	at com.kms.katalon.core.webui.keyword.internal.WebUIKeywordMain.stepFailed(WebUIKeywordMain.groovy:64)
	at com.kms.katalon.core.webui.keyword.builtin.VerifyElementTextKeyword$_verifyElementText_closure1.doCall(VerifyElementTextKeyword.groovy:57)
	at com.kms.katalon.core.webui.keyword.builtin.VerifyElementTextKeyword$_verifyElementText_closure1.call(VerifyElementTextKeyword.groovy)
	at com.kms.katalon.core.webui.keyword.internal.WebUIKeywordMain.runKeyword(WebUIKeywordMain.groovy:20)
	... 20 more


21-12-2023T16:36:53 - [TEST_STEP][PASSED] - openBrowser(""): Browser is opened with url: ''

21-12-2023T16:36:53 - [MESSAGE][WARNING] - A browser is already opened. Closing browser and opening a new one

21-12-2023T16:36:53 - [MESSAGE][INFO] - Starting 'Chrome' driver

21-12-2023T16:36:53 - [MESSAGE][INFO] - Action delay is set to 0 milliseconds

21-12-2023T16:36:54 - [MESSAGE][PASSED] - Browser is opened with url: ''

21-12-2023T16:36:54 - [TEST_STEP][PASSED] - navigateToUrl("https://hospitalb.com/login"): Navigate to 'https://hospitalb.com/login' successfully

21-12-2023T16:36:57 - [MESSAGE][PASSED] - Navigate to 'https://hospitalb.com/login' successfully

21-12-2023T16:36:57 - [TEST_STEP][PASSED] - maximizeWindow(): Current window maximized

21-12-2023T16:36:59 - [MESSAGE][PASSED] - Current window maximized

21-12-2023T16:36:59 - [TEST_STEP][PASSED] - setText(findTestObject("Object Repository/visual testing checkpoints/New Folder/Page_Demo Hospital/Page_Demo Hospital/input_email"), "admin@gmail.com"): Text 'admin@gmail.com' is set on object 'Object Repository/visual testing checkpoints/New Folder/Page_Demo Hospital/Page_Demo Hospital/input_email'

21-12-2023T16:37:00 - [MESSAGE][PASSED] - Text 'admin@gmail.com' is set on object 'Object Repository/visual testing checkpoints/New Folder/Page_Demo Hospital/Page_Demo Hospital/input_email'

21-12-2023T16:37:00 - [TEST_STEP][PASSED] - setEncryptedText(findTestObject("Object Repository/visual testing checkpoints/New Folder/Page_Demo Hospital/Page_Demo Hospital/input_password"), "aeHFOx8jV/A="): Text ****** has been set on object 'Object Repository/visual testing checkpoints/New Folder/Page_Demo Hospital/Page_Demo Hospital/input_password'

21-12-2023T16:37:00 - [MESSAGE][PASSED] - Text ****** has been set on object 'Object Repository/visual testing checkpoints/New Folder/Page_Demo Hospital/Page_Demo Hospital/input_password'

21-12-2023T16:37:00 - [TEST_STEP][PASSED] - click(findTestObject("Object Repository/visual testing checkpoints/New Folder/Page_Demo Hospital/Page_Demo Hospital/input_custom-btn")): Object: 'Object Repository/visual testing checkpoints/New Folder/Page_Demo Hospital/Page_Demo Hospital/input_custom-btn' is clicked on

21-12-2023T16:37:06 - [MESSAGE][PASSED] - Object: 'Object Repository/visual testing checkpoints/New Folder/Page_Demo Hospital/Page_Demo Hospital/input_custom-btn' is clicked on

21-12-2023T16:37:06 - [TEST_STEP][PASSED] - click(findTestObject("Object Repository/visual testing checkpoints/New Folder/Page_Demo Hospital/Page_Demo Hospital/i_fa fa-medkit")): Object: 'Object Repository/visual testing checkpoints/New Folder/Page_Demo Hospital/Page_Demo Hospital/i_fa fa-medkit' is clicked on

21-12-2023T16:37:08 - [MESSAGE][PASSED] - Object: 'Object Repository/visual testing checkpoints/New Folder/Page_Demo Hospital/Page_Demo Hospital/i_fa fa-medkit' is clicked on

21-12-2023T16:37:08 - [TEST_STEP][FAILED] - verifyElementText(findTestObject("Object Repository/visual testing checkpoints/New Folder/Page_Demo Hospital/Page_Demo Hospital/h1_Diagnostic Radiology Test Sale Reports  _ce090f"), "Diagnostic Radiology Test Sale Reports
 Preview"): Verify element text of test object 'Object Repository/visual testing checkpoints/New Folder/Page_Demo Hospital/Page_Demo Hospital/h1_Diagnostic Radiology Test Sale Reports  _ce090f' FAILED. (Root cause: com.kms.katalon.core.exception.StepFailedException: Verify element text of test object 'Object Repository/visual testing checkpoints/New Folder/Page_Demo Hospital/Page_Demo Hospital/h1_Diagnostic Radiology Test Sale Reports  _ce090f' FAILED.
	at com.kms.katalon.core.webui.keyword.internal.WebUIKeywordMain.stepFailed(WebUIKeywordMain.groovy:64)
	at com.kms.katalon.core.webui.keyword.internal.WebUIKeywordMain.runKeyword(WebUIKeywordMain.groovy:26)
	at com.kms.katalon.core.webui.keyword.builtin.VerifyElementTextKeyword.verifyElementText(VerifyElementTextKeyword.groovy:72)
	at com.kms.katalon.core.webui.keyword.builtin.VerifyElementTextKeyword.execute(VerifyElementTextKeyword.groovy:40)
	at com.kms.katalon.core.keyword.internal.KeywordExecutor.executeKeywordForPlatform(KeywordExecutor.groovy:74)
	at com.kms.katalon.core.webui.keyword.WebUiBuiltInKeywords.verifyElementText(WebUiBuiltInKeywords.groovy:4835)
	at AdminRadiologyPage.run(AdminRadiologyPage:36)
	at com.kms.katalon.core.main.ScriptEngine.run(ScriptEngine.java:194)
	at com.kms.katalon.core.main.ScriptEngine.runScriptAsRawText(ScriptEngine.java:119)
	at com.kms.katalon.core.main.TestCaseExecutor.runScript(TestCaseExecutor.java:448)
	at com.kms.katalon.core.main.TestCaseExecutor.doExecute(TestCaseExecutor.java:439)
	at com.kms.katalon.core.main.TestCaseExecutor.processExecutionPhase(TestCaseExecutor.java:418)
	at com.kms.katalon.core.main.TestCaseExecutor.accessMainPhase(TestCaseExecutor.java:410)
	at com.kms.katalon.core.main.TestCaseExecutor.execute(TestCaseExecutor.java:285)
	at com.kms.katalon.core.common.CommonExecutor.accessTestCaseMainPhase(CommonExecutor.java:65)
	at com.kms.katalon.core.main.TestSuiteExecutor.accessTestSuiteMainPhase(TestSuiteExecutor.java:148)
	at com.kms.katalon.core.main.TestSuiteExecutor.execute(TestSuiteExecutor.java:106)
	at com.kms.katalon.core.main.TestCaseMain.startTestSuite(TestCaseMain.java:180)
	at TempTestSuite1703156677160.run(TempTestSuite1703156677160.groovy:36)
	at java.base/jdk.internal.reflect.NativeMethodAccessorImpl.invoke0(Native Method)
	at java.base/jdk.internal.reflect.NativeMethodAccessorImpl.invoke(NativeMethodAccessorImpl.java:77)
	at java.base/jdk.internal.reflect.DelegatingMethodAccessorImpl.invoke(DelegatingMethodAccessorImpl.java:43)
Caused by: com.kms.katalon.core.exception.StepFailedException: Actual text 'Diagnostic Radiology Test Sale Reports Preview' and expected text 'Diagnostic Radiology Test Sale Reports
 Preview' of test object 'Object Repository/visual testing checkpoints/New Folder/Page_Demo Hospital/Page_Demo Hospital/h1_Diagnostic Radiology Test Sale Reports  _ce090f' are NOT matched.
	at com.kms.katalon.core.webui.keyword.internal.WebUIKeywordMain.stepFailed(WebUIKeywordMain.groovy:64)
	at com.kms.katalon.core.webui.keyword.builtin.VerifyElementTextKeyword$_verifyElementText_closure1.doCall(VerifyElementTextKeyword.groovy:57)
	at com.kms.katalon.core.webui.keyword.builtin.VerifyElementTextKeyword$_verifyElementText_closure1.call(VerifyElementTextKeyword.groovy)
	at com.kms.katalon.core.webui.keyword.internal.WebUIKeywordMain.runKeyword(WebUIKeywordMain.groovy:20)
	... 20 more
)

21-12-2023T16:37:09 - [MESSAGE][FAILED] - Actual text 'Diagnostic Radiology Test Sale Reports Preview' and expected text 'Diagnostic Radiology Test Sale Reports
 Preview' of test object 'Object Repository/visual testing checkpoints/New Folder/Page_Demo Hospital/Page_Demo Hospital/h1_Diagnostic Radiology Test Sale Reports  _ce090f' are NOT matched. (Root cause: com.kms.katalon.core.exception.StepFailedException: Actual text 'Diagnostic Radiology Test Sale Reports Preview' and expected text 'Diagnostic Radiology Test Sale Reports
 Preview' of test object 'Object Repository/visual testing checkpoints/New Folder/Page_Demo Hospital/Page_Demo Hospital/h1_Diagnostic Radiology Test Sale Reports  _ce090f' are NOT matched.
	at com.kms.katalon.core.webui.keyword.internal.WebUIKeywordMain.stepFailed(WebUIKeywordMain.groovy:64)
	at com.kms.katalon.core.webui.keyword.builtin.VerifyElementTextKeyword$_verifyElementText_closure1.doCall(VerifyElementTextKeyword.groovy:57)
	at com.kms.katalon.core.webui.keyword.builtin.VerifyElementTextKeyword$_verifyElementText_closure1.call(VerifyElementTextKeyword.groovy)
	at com.kms.katalon.core.webui.keyword.internal.WebUIKeywordMain.runKeyword(WebUIKeywordMain.groovy:20)
	at com.kms.katalon.core.webui.keyword.builtin.VerifyElementTextKeyword.verifyElementText(VerifyElementTextKeyword.groovy:72)
	at com.kms.katalon.core.webui.keyword.builtin.VerifyElementTextKeyword.execute(VerifyElementTextKeyword.groovy:40)
	at com.kms.katalon.core.keyword.internal.KeywordExecutor.executeKeywordForPlatform(KeywordExecutor.groovy:74)
	at com.kms.katalon.core.webui.keyword.WebUiBuiltInKeywords.verifyElementText(WebUiBuiltInKeywords.groovy:4835)
	at AdminRadiologyPage.run(AdminRadiologyPage:36)
	at com.kms.katalon.core.main.ScriptEngine.run(ScriptEngine.java:194)
	at com.kms.katalon.core.main.ScriptEngine.runScriptAsRawText(ScriptEngine.java:119)
	at com.kms.katalon.core.main.TestCaseExecutor.runScript(TestCaseExecutor.java:448)
	at com.kms.katalon.core.main.TestCaseExecutor.doExecute(TestCaseExecutor.java:439)
	at com.kms.katalon.core.main.TestCaseExecutor.processExecutionPhase(TestCaseExecutor.java:418)
	at com.kms.katalon.core.main.TestCaseExecutor.accessMainPhase(TestCaseExecutor.java:410)
	at com.kms.katalon.core.main.TestCaseExecutor.execute(TestCaseExecutor.java:285)
	at com.kms.katalon.core.common.CommonExecutor.accessTestCaseMainPhase(CommonExecutor.java:65)
	at com.kms.katalon.core.main.TestSuiteExecutor.accessTestSuiteMainPhase(TestSuiteExecutor.java:148)
	at com.kms.katalon.core.main.TestSuiteExecutor.execute(TestSuiteExecutor.java:106)
	at com.kms.katalon.core.main.TestCaseMain.startTestSuite(TestCaseMain.java:180)
	at TempTestSuite1703156677160.run(TempTestSuite1703156677160.groovy:36)
	at java.base/jdk.internal.reflect.NativeMethodAccessorImpl.invoke0(Native Method)
	at java.base/jdk.internal.reflect.NativeMethodAccessorImpl.invoke(NativeMethodAccessorImpl.java:77)
	at java.base/jdk.internal.reflect.DelegatingMethodAccessorImpl.invoke(DelegatingMethodAccessorImpl.java:43)
)
[[ATTACHMENT|C:\\Users\\ADMIN\\Katalon Studio\\My First Project\\Reports\\20231221_163437\\VisualTest\\20231221_163437\\1703156829031.png]]

21-12-2023T16:37:09 - [MESSAGE][FAILED] - Verify element text of test object 'Object Repository/visual testing checkpoints/New Folder/Page_Demo Hospital/Page_Demo Hospital/h1_Diagnostic Radiology Test Sale Reports  _ce090f' FAILED. (Root cause: com.kms.katalon.core.exception.StepFailedException: Verify element text of test object 'Object Repository/visual testing checkpoints/New Folder/Page_Demo Hospital/Page_Demo Hospital/h1_Diagnostic Radiology Test Sale Reports  _ce090f' FAILED.
	at com.kms.katalon.core.webui.keyword.internal.WebUIKeywordMain.stepFailed(WebUIKeywordMain.groovy:64)
	at com.kms.katalon.core.webui.keyword.internal.WebUIKeywordMain.runKeyword(WebUIKeywordMain.groovy:26)
	at com.kms.katalon.core.webui.keyword.builtin.VerifyElementTextKeyword.verifyElementText(VerifyElementTextKeyword.groovy:72)
	at com.kms.katalon.core.webui.keyword.builtin.VerifyElementTextKeyword.execute(VerifyElementTextKeyword.groovy:40)
	at com.kms.katalon.core.keyword.internal.KeywordExecutor.executeKeywordForPlatform(KeywordExecutor.groovy:74)
	at com.kms.katalon.core.webui.keyword.WebUiBuiltInKeywords.verifyElementText(WebUiBuiltInKeywords.groovy:4835)
	at AdminRadiologyPage.run(AdminRadiologyPage:36)
	at com.kms.katalon.core.main.ScriptEngine.run(ScriptEngine.java:194)
	at com.kms.katalon.core.main.ScriptEngine.runScriptAsRawText(ScriptEngine.java:119)
	at com.kms.katalon.core.main.TestCaseExecutor.runScript(TestCaseExecutor.java:448)
	at com.kms.katalon.core.main.TestCaseExecutor.doExecute(TestCaseExecutor.java:439)
	at com.kms.katalon.core.main.TestCaseExecutor.processExecutionPhase(TestCaseExecutor.java:418)
	at com.kms.katalon.core.main.TestCaseExecutor.accessMainPhase(TestCaseExecutor.java:410)
	at com.kms.katalon.core.main.TestCaseExecutor.execute(TestCaseExecutor.java:285)
	at com.kms.katalon.core.common.CommonExecutor.accessTestCaseMainPhase(CommonExecutor.java:65)
	at com.kms.katalon.core.main.TestSuiteExecutor.accessTestSuiteMainPhase(TestSuiteExecutor.java:148)
	at com.kms.katalon.core.main.TestSuiteExecutor.execute(TestSuiteExecutor.java:106)
	at com.kms.katalon.core.main.TestCaseMain.startTestSuite(TestCaseMain.java:180)
	at TempTestSuite1703156677160.run(TempTestSuite1703156677160.groovy:36)
	at java.base/jdk.internal.reflect.NativeMethodAccessorImpl.invoke0(Native Method)
	at java.base/jdk.internal.reflect.NativeMethodAccessorImpl.invoke(NativeMethodAccessorImpl.java:77)
	at java.base/jdk.internal.reflect.DelegatingMethodAccessorImpl.invoke(DelegatingMethodAccessorImpl.java:43)
Caused by: com.kms.katalon.core.exception.StepFailedException: Actual text 'Diagnostic Radiology Test Sale Reports Preview' and expected text 'Diagnostic Radiology Test Sale Reports
 Preview' of test object 'Object Repository/visual testing checkpoints/New Folder/Page_Demo Hospital/Page_Demo Hospital/h1_Diagnostic Radiology Test Sale Reports  _ce090f' are NOT matched.
	at com.kms.katalon.core.webui.keyword.internal.WebUIKeywordMain.stepFailed(WebUIKeywordMain.groovy:64)
	at com.kms.katalon.core.webui.keyword.builtin.VerifyElementTextKeyword$_verifyElementText_closure1.doCall(VerifyElementTextKeyword.groovy:57)
	at com.kms.katalon.core.webui.keyword.builtin.VerifyElementTextKeyword$_verifyElementText_closure1.call(VerifyElementTextKeyword.groovy)
	at com.kms.katalon.core.webui.keyword.internal.WebUIKeywordMain.runKeyword(WebUIKeywordMain.groovy:20)
	... 20 more
)
[[ATTACHMENT|C:\\Users\\ADMIN\\Katalon Studio\\My First Project\\Reports\\20231221_163437\\VisualTest\\20231221_163437\\1703156829255.png]]]]></system-out>
         <system-err><![CDATA[21-12-2023T16:36:53 - [TEST_CASE][FAILED] - Test Cases/visual testing checkpoints/AdminRadiologyPage: Test Cases/visual testing checkpoints/AdminRadiologyPage FAILED.
Reason:
com.kms.katalon.core.exception.StepFailedException: Verify element text of test object 'Object Repository/visual testing checkpoints/New Folder/Page_Demo Hospital/Page_Demo Hospital/h1_Diagnostic Radiology Test Sale Reports  _ce090f' FAILED.
	at com.kms.katalon.core.webui.keyword.internal.WebUIKeywordMain.stepFailed(WebUIKeywordMain.groovy:64)
	at com.kms.katalon.core.webui.keyword.internal.WebUIKeywordMain.runKeyword(WebUIKeywordMain.groovy:26)
	at com.kms.katalon.core.webui.keyword.builtin.VerifyElementTextKeyword.verifyElementText(VerifyElementTextKeyword.groovy:72)
	at com.kms.katalon.core.webui.keyword.builtin.VerifyElementTextKeyword.execute(VerifyElementTextKeyword.groovy:40)
	at com.kms.katalon.core.keyword.internal.KeywordExecutor.executeKeywordForPlatform(KeywordExecutor.groovy:74)
	at com.kms.katalon.core.webui.keyword.WebUiBuiltInKeywords.verifyElementText(WebUiBuiltInKeywords.groovy:4835)
	at AdminRadiologyPage.run(AdminRadiologyPage:36)
	at com.kms.katalon.core.main.ScriptEngine.run(ScriptEngine.java:194)
	at com.kms.katalon.core.main.ScriptEngine.runScriptAsRawText(ScriptEngine.java:119)
	at com.kms.katalon.core.main.TestCaseExecutor.runScript(TestCaseExecutor.java:448)
	at com.kms.katalon.core.main.TestCaseExecutor.doExecute(TestCaseExecutor.java:439)
	at com.kms.katalon.core.main.TestCaseExecutor.processExecutionPhase(TestCaseExecutor.java:418)
	at com.kms.katalon.core.main.TestCaseExecutor.accessMainPhase(TestCaseExecutor.java:410)
	at com.kms.katalon.core.main.TestCaseExecutor.execute(TestCaseExecutor.java:285)
	at com.kms.katalon.core.common.CommonExecutor.accessTestCaseMainPhase(CommonExecutor.java:65)
	at com.kms.katalon.core.main.TestSuiteExecutor.accessTestSuiteMainPhase(TestSuiteExecutor.java:148)
	at com.kms.katalon.core.main.TestSuiteExecutor.execute(TestSuiteExecutor.java:106)
	at com.kms.katalon.core.main.TestCaseMain.startTestSuite(TestCaseMain.java:180)
	at TempTestSuite1703156677160.run(TempTestSuite1703156677160.groovy:36)
	at java.base/jdk.internal.reflect.NativeMethodAccessorImpl.invoke0(Native Method)
	at java.base/jdk.internal.reflect.NativeMethodAccessorImpl.invoke(NativeMethodAccessorImpl.java:77)
	at java.base/jdk.internal.reflect.DelegatingMethodAccessorImpl.invoke(DelegatingMethodAccessorImpl.java:43)
Caused by: com.kms.katalon.core.exception.StepFailedException: Actual text 'Diagnostic Radiology Test Sale Reports Preview' and expected text 'Diagnostic Radiology Test Sale Reports
 Preview' of test object 'Object Repository/visual testing checkpoints/New Folder/Page_Demo Hospital/Page_Demo Hospital/h1_Diagnostic Radiology Test Sale Reports  _ce090f' are NOT matched.
	at com.kms.katalon.core.webui.keyword.internal.WebUIKeywordMain.stepFailed(WebUIKeywordMain.groovy:64)
	at com.kms.katalon.core.webui.keyword.builtin.VerifyElementTextKeyword$_verifyElementText_closure1.doCall(VerifyElementTextKeyword.groovy:57)
	at com.kms.katalon.core.webui.keyword.builtin.VerifyElementTextKeyword$_verifyElementText_closure1.call(VerifyElementTextKeyword.groovy)
	at com.kms.katalon.core.webui.keyword.internal.WebUIKeywordMain.runKeyword(WebUIKeywordMain.groovy:20)
	... 20 more]]></system-err>
      </testcase>
      <testcase name="Test Cases/visual testing checkpoints/AdminIndoorPage" time="14.96" classname="Test Cases/visual testing checkpoints/AdminIndoorPage" status="FAILED">
         <failure type="FAILED" message="Test Cases/visual testing checkpoints/AdminIndoorPage FAILED.&#xa;Reason:&#xa;com.kms.katalon.core.exception.StepFailedException: Verify element text of test object 'Object Repository/visual testing checkpoints/New Folder/Page_Demo Hospital/Page_Demo Hospital/Page_Demo Hospital/h1_Indoor Setup            Preview' FAILED.&#xa;	at com.kms.katalon.core.webui.keyword.internal.WebUIKeywordMain.stepFailed(WebUIKeywordMain.groovy:64)&#xa;	at com.kms.katalon.core.webui.keyword.internal.WebUIKeywordMain.runKeyword(WebUIKeywordMain.groovy:26)&#xa;	at com.kms.katalon.core.webui.keyword.builtin.VerifyElementTextKeyword.verifyElementText(VerifyElementTextKeyword.groovy:72)&#xa;	at com.kms.katalon.core.webui.keyword.builtin.VerifyElementTextKeyword.execute(VerifyElementTextKeyword.groovy:40)&#xa;	at com.kms.katalon.core.keyword.internal.KeywordExecutor.executeKeywordForPlatform(KeywordExecutor.groovy:74)&#xa;	at com.kms.katalon.core.webui.keyword.WebUiBuiltInKeywords.verifyElementText(WebUiBuiltInKeywords.groovy:4835)&#xa;	at AdminIndoorPage.run(AdminIndoorPage:34)&#xa;	at com.kms.katalon.core.main.ScriptEngine.run(ScriptEngine.java:194)&#xa;	at com.kms.katalon.core.main.ScriptEngine.runScriptAsRawText(ScriptEngine.java:119)&#xa;	at com.kms.katalon.core.main.TestCaseExecutor.runScript(TestCaseExecutor.java:448)&#xa;	at com.kms.katalon.core.main.TestCaseExecutor.doExecute(TestCaseExecutor.java:439)&#xa;	at com.kms.katalon.core.main.TestCaseExecutor.processExecutionPhase(TestCaseExecutor.java:418)&#xa;	at com.kms.katalon.core.main.TestCaseExecutor.accessMainPhase(TestCaseExecutor.java:410)&#xa;	at com.kms.katalon.core.main.TestCaseExecutor.execute(TestCaseExecutor.java:285)&#xa;	at com.kms.katalon.core.common.CommonExecutor.accessTestCaseMainPhase(CommonExecutor.java:65)&#xa;	at com.kms.katalon.core.main.TestSuiteExecutor.accessTestSuiteMainPhase(TestSuiteExecutor.java:148)&#xa;	at com.kms.katalon.core.main.TestSuiteExecutor.execute(TestSuiteExecutor.java:106)&#xa;	at com.kms.katalon.core.main.TestCaseMain.startTestSuite(TestCaseMain.java:180)&#xa;	at TempTestSuite1703156677160.run(TempTestSuite1703156677160.groovy:36)&#xa;	at java.base/jdk.internal.reflect.NativeMethodAccessorImpl.invoke0(Native Method)&#xa;	at java.base/jdk.internal.reflect.NativeMethodAccessorImpl.invoke(NativeMethodAccessorImpl.java:77)&#xa;	at java.base/jdk.internal.reflect.DelegatingMethodAccessorImpl.invoke(DelegatingMethodAccessorImpl.java:43)&#xa;Caused by: com.kms.katalon.core.exception.StepFailedException: Actual text 'Indoor Setup Preview' and expected text 'Indoor Setup&#xa; Preview' of test object 'Object Repository/visual testing checkpoints/New Folder/Page_Demo Hospital/Page_Demo Hospital/Page_Demo Hospital/h1_Indoor Setup            Preview' are NOT matched.&#xa;	at com.kms.katalon.core.webui.keyword.internal.WebUIKeywordMain.stepFailed(WebUIKeywordMain.groovy:64)&#xa;	at com.kms.katalon.core.webui.keyword.builtin.VerifyElementTextKeyword$_verifyElementText_closure1.doCall(VerifyElementTextKeyword.groovy:57)&#xa;	at com.kms.katalon.core.webui.keyword.builtin.VerifyElementTextKeyword$_verifyElementText_closure1.call(VerifyElementTextKeyword.groovy)&#xa;	at com.kms.katalon.core.webui.keyword.internal.WebUIKeywordMain.runKeyword(WebUIKeywordMain.groovy:20)&#xa;	... 20 more&#xa;"/>
         <system-out><![CDATA[21-12-2023T16:37:09 - [TEST_CASE][FAILED] - Test Cases/visual testing checkpoints/AdminIndoorPage: Test Cases/visual testing checkpoints/AdminIndoorPage FAILED.
Reason:
com.kms.katalon.core.exception.StepFailedException: Verify element text of test object 'Object Repository/visual testing checkpoints/New Folder/Page_Demo Hospital/Page_Demo Hospital/Page_Demo Hospital/h1_Indoor Setup            Preview' FAILED.
	at com.kms.katalon.core.webui.keyword.internal.WebUIKeywordMain.stepFailed(WebUIKeywordMain.groovy:64)
	at com.kms.katalon.core.webui.keyword.internal.WebUIKeywordMain.runKeyword(WebUIKeywordMain.groovy:26)
	at com.kms.katalon.core.webui.keyword.builtin.VerifyElementTextKeyword.verifyElementText(VerifyElementTextKeyword.groovy:72)
	at com.kms.katalon.core.webui.keyword.builtin.VerifyElementTextKeyword.execute(VerifyElementTextKeyword.groovy:40)
	at com.kms.katalon.core.keyword.internal.KeywordExecutor.executeKeywordForPlatform(KeywordExecutor.groovy:74)
	at com.kms.katalon.core.webui.keyword.WebUiBuiltInKeywords.verifyElementText(WebUiBuiltInKeywords.groovy:4835)
	at AdminIndoorPage.run(AdminIndoorPage:34)
	at com.kms.katalon.core.main.ScriptEngine.run(ScriptEngine.java:194)
	at com.kms.katalon.core.main.ScriptEngine.runScriptAsRawText(ScriptEngine.java:119)
	at com.kms.katalon.core.main.TestCaseExecutor.runScript(TestCaseExecutor.java:448)
	at com.kms.katalon.core.main.TestCaseExecutor.doExecute(TestCaseExecutor.java:439)
	at com.kms.katalon.core.main.TestCaseExecutor.processExecutionPhase(TestCaseExecutor.java:418)
	at com.kms.katalon.core.main.TestCaseExecutor.accessMainPhase(TestCaseExecutor.java:410)
	at com.kms.katalon.core.main.TestCaseExecutor.execute(TestCaseExecutor.java:285)
	at com.kms.katalon.core.common.CommonExecutor.accessTestCaseMainPhase(CommonExecutor.java:65)
	at com.kms.katalon.core.main.TestSuiteExecutor.accessTestSuiteMainPhase(TestSuiteExecutor.java:148)
	at com.kms.katalon.core.main.TestSuiteExecutor.execute(TestSuiteExecutor.java:106)
	at com.kms.katalon.core.main.TestCaseMain.startTestSuite(TestCaseMain.java:180)
	at TempTestSuite1703156677160.run(TempTestSuite1703156677160.groovy:36)
	at java.base/jdk.internal.reflect.NativeMethodAccessorImpl.invoke0(Native Method)
	at java.base/jdk.internal.reflect.NativeMethodAccessorImpl.invoke(NativeMethodAccessorImpl.java:77)
	at java.base/jdk.internal.reflect.DelegatingMethodAccessorImpl.invoke(DelegatingMethodAccessorImpl.java:43)
Caused by: com.kms.katalon.core.exception.StepFailedException: Actual text 'Indoor Setup Preview' and expected text 'Indoor Setup
 Preview' of test object 'Object Repository/visual testing checkpoints/New Folder/Page_Demo Hospital/Page_Demo Hospital/Page_Demo Hospital/h1_Indoor Setup            Preview' are NOT matched.
	at com.kms.katalon.core.webui.keyword.internal.WebUIKeywordMain.stepFailed(WebUIKeywordMain.groovy:64)
	at com.kms.katalon.core.webui.keyword.builtin.VerifyElementTextKeyword$_verifyElementText_closure1.doCall(VerifyElementTextKeyword.groovy:57)
	at com.kms.katalon.core.webui.keyword.builtin.VerifyElementTextKeyword$_verifyElementText_closure1.call(VerifyElementTextKeyword.groovy)
	at com.kms.katalon.core.webui.keyword.internal.WebUIKeywordMain.runKeyword(WebUIKeywordMain.groovy:20)
	... 20 more


21-12-2023T16:37:09 - [TEST_STEP][PASSED] - openBrowser(""): Browser is opened with url: ''

21-12-2023T16:37:09 - [MESSAGE][WARNING] - A browser is already opened. Closing browser and opening a new one

21-12-2023T16:37:09 - [MESSAGE][INFO] - Starting 'Chrome' driver

21-12-2023T16:37:09 - [MESSAGE][INFO] - Action delay is set to 0 milliseconds

21-12-2023T16:37:11 - [MESSAGE][PASSED] - Browser is opened with url: ''

21-12-2023T16:37:11 - [TEST_STEP][PASSED] - navigateToUrl("https://hospitalb.com/login"): Navigate to 'https://hospitalb.com/login' successfully

21-12-2023T16:37:16 - [MESSAGE][PASSED] - Navigate to 'https://hospitalb.com/login' successfully

21-12-2023T16:37:16 - [TEST_STEP][PASSED] - setText(findTestObject("Object Repository/visual testing checkpoints/New Folder/Page_Demo Hospital/Page_Demo Hospital/Page_Demo Hospital/input_email"), "admin@gmail.com"): Text 'admin@gmail.com' is set on object 'Object Repository/visual testing checkpoints/New Folder/Page_Demo Hospital/Page_Demo Hospital/Page_Demo Hospital/input_email'

21-12-2023T16:37:17 - [MESSAGE][PASSED] - Text 'admin@gmail.com' is set on object 'Object Repository/visual testing checkpoints/New Folder/Page_Demo Hospital/Page_Demo Hospital/Page_Demo Hospital/input_email'

21-12-2023T16:37:17 - [TEST_STEP][PASSED] - setEncryptedText(findTestObject("Object Repository/visual testing checkpoints/New Folder/Page_Demo Hospital/Page_Demo Hospital/Page_Demo Hospital/input_password"), "aeHFOx8jV/A="): Text ****** has been set on object 'Object Repository/visual testing checkpoints/New Folder/Page_Demo Hospital/Page_Demo Hospital/Page_Demo Hospital/input_password'

21-12-2023T16:37:17 - [MESSAGE][PASSED] - Text ****** has been set on object 'Object Repository/visual testing checkpoints/New Folder/Page_Demo Hospital/Page_Demo Hospital/Page_Demo Hospital/input_password'

21-12-2023T16:37:17 - [TEST_STEP][PASSED] - click(findTestObject("Object Repository/visual testing checkpoints/New Folder/Page_Demo Hospital/Page_Demo Hospital/Page_Demo Hospital/input_custom-btn")): Object: 'Object Repository/visual testing checkpoints/New Folder/Page_Demo Hospital/Page_Demo Hospital/Page_Demo Hospital/input_custom-btn' is clicked on

21-12-2023T16:37:22 - [MESSAGE][PASSED] - Object: 'Object Repository/visual testing checkpoints/New Folder/Page_Demo Hospital/Page_Demo Hospital/Page_Demo Hospital/input_custom-btn' is clicked on

21-12-2023T16:37:22 - [TEST_STEP][PASSED] - click(findTestObject("Object Repository/visual testing checkpoints/New Folder/Page_Demo Hospital/Page_Demo Hospital/Page_Demo Hospital/a_Indoor")): Object: 'Object Repository/visual testing checkpoints/New Folder/Page_Demo Hospital/Page_Demo Hospital/Page_Demo Hospital/a_Indoor' is clicked on

21-12-2023T16:37:23 - [MESSAGE][PASSED] - Object: 'Object Repository/visual testing checkpoints/New Folder/Page_Demo Hospital/Page_Demo Hospital/Page_Demo Hospital/a_Indoor' is clicked on

21-12-2023T16:37:23 - [TEST_STEP][FAILED] - verifyElementText(findTestObject("Object Repository/visual testing checkpoints/New Folder/Page_Demo Hospital/Page_Demo Hospital/Page_Demo Hospital/h1_Indoor Setup            Preview"), "Indoor Setup
 Preview"): Verify element text of test object 'Object Repository/visual testing checkpoints/New Folder/Page_Demo Hospital/Page_Demo Hospital/Page_Demo Hospital/h1_Indoor Setup            Preview' FAILED. (Root cause: com.kms.katalon.core.exception.StepFailedException: Verify element text of test object 'Object Repository/visual testing checkpoints/New Folder/Page_Demo Hospital/Page_Demo Hospital/Page_Demo Hospital/h1_Indoor Setup            Preview' FAILED.
	at com.kms.katalon.core.webui.keyword.internal.WebUIKeywordMain.stepFailed(WebUIKeywordMain.groovy:64)
	at com.kms.katalon.core.webui.keyword.internal.WebUIKeywordMain.runKeyword(WebUIKeywordMain.groovy:26)
	at com.kms.katalon.core.webui.keyword.builtin.VerifyElementTextKeyword.verifyElementText(VerifyElementTextKeyword.groovy:72)
	at com.kms.katalon.core.webui.keyword.builtin.VerifyElementTextKeyword.execute(VerifyElementTextKeyword.groovy:40)
	at com.kms.katalon.core.keyword.internal.KeywordExecutor.executeKeywordForPlatform(KeywordExecutor.groovy:74)
	at com.kms.katalon.core.webui.keyword.WebUiBuiltInKeywords.verifyElementText(WebUiBuiltInKeywords.groovy:4835)
	at AdminIndoorPage.run(AdminIndoorPage:34)
	at com.kms.katalon.core.main.ScriptEngine.run(ScriptEngine.java:194)
	at com.kms.katalon.core.main.ScriptEngine.runScriptAsRawText(ScriptEngine.java:119)
	at com.kms.katalon.core.main.TestCaseExecutor.runScript(TestCaseExecutor.java:448)
	at com.kms.katalon.core.main.TestCaseExecutor.doExecute(TestCaseExecutor.java:439)
	at com.kms.katalon.core.main.TestCaseExecutor.processExecutionPhase(TestCaseExecutor.java:418)
	at com.kms.katalon.core.main.TestCaseExecutor.accessMainPhase(TestCaseExecutor.java:410)
	at com.kms.katalon.core.main.TestCaseExecutor.execute(TestCaseExecutor.java:285)
	at com.kms.katalon.core.common.CommonExecutor.accessTestCaseMainPhase(CommonExecutor.java:65)
	at com.kms.katalon.core.main.TestSuiteExecutor.accessTestSuiteMainPhase(TestSuiteExecutor.java:148)
	at com.kms.katalon.core.main.TestSuiteExecutor.execute(TestSuiteExecutor.java:106)
	at com.kms.katalon.core.main.TestCaseMain.startTestSuite(TestCaseMain.java:180)
	at TempTestSuite1703156677160.run(TempTestSuite1703156677160.groovy:36)
	at java.base/jdk.internal.reflect.NativeMethodAccessorImpl.invoke0(Native Method)
	at java.base/jdk.internal.reflect.NativeMethodAccessorImpl.invoke(NativeMethodAccessorImpl.java:77)
	at java.base/jdk.internal.reflect.DelegatingMethodAccessorImpl.invoke(DelegatingMethodAccessorImpl.java:43)
Caused by: com.kms.katalon.core.exception.StepFailedException: Actual text 'Indoor Setup Preview' and expected text 'Indoor Setup
 Preview' of test object 'Object Repository/visual testing checkpoints/New Folder/Page_Demo Hospital/Page_Demo Hospital/Page_Demo Hospital/h1_Indoor Setup            Preview' are NOT matched.
	at com.kms.katalon.core.webui.keyword.internal.WebUIKeywordMain.stepFailed(WebUIKeywordMain.groovy:64)
	at com.kms.katalon.core.webui.keyword.builtin.VerifyElementTextKeyword$_verifyElementText_closure1.doCall(VerifyElementTextKeyword.groovy:57)
	at com.kms.katalon.core.webui.keyword.builtin.VerifyElementTextKeyword$_verifyElementText_closure1.call(VerifyElementTextKeyword.groovy)
	at com.kms.katalon.core.webui.keyword.internal.WebUIKeywordMain.runKeyword(WebUIKeywordMain.groovy:20)
	... 20 more
)

21-12-2023T16:37:24 - [MESSAGE][FAILED] - Actual text 'Indoor Setup Preview' and expected text 'Indoor Setup
 Preview' of test object 'Object Repository/visual testing checkpoints/New Folder/Page_Demo Hospital/Page_Demo Hospital/Page_Demo Hospital/h1_Indoor Setup            Preview' are NOT matched. (Root cause: com.kms.katalon.core.exception.StepFailedException: Actual text 'Indoor Setup Preview' and expected text 'Indoor Setup
 Preview' of test object 'Object Repository/visual testing checkpoints/New Folder/Page_Demo Hospital/Page_Demo Hospital/Page_Demo Hospital/h1_Indoor Setup            Preview' are NOT matched.
	at com.kms.katalon.core.webui.keyword.internal.WebUIKeywordMain.stepFailed(WebUIKeywordMain.groovy:64)
	at com.kms.katalon.core.webui.keyword.builtin.VerifyElementTextKeyword$_verifyElementText_closure1.doCall(VerifyElementTextKeyword.groovy:57)
	at com.kms.katalon.core.webui.keyword.builtin.VerifyElementTextKeyword$_verifyElementText_closure1.call(VerifyElementTextKeyword.groovy)
	at com.kms.katalon.core.webui.keyword.internal.WebUIKeywordMain.runKeyword(WebUIKeywordMain.groovy:20)
	at com.kms.katalon.core.webui.keyword.builtin.VerifyElementTextKeyword.verifyElementText(VerifyElementTextKeyword.groovy:72)
	at com.kms.katalon.core.webui.keyword.builtin.VerifyElementTextKeyword.execute(VerifyElementTextKeyword.groovy:40)
	at com.kms.katalon.core.keyword.internal.KeywordExecutor.executeKeywordForPlatform(KeywordExecutor.groovy:74)
	at com.kms.katalon.core.webui.keyword.WebUiBuiltInKeywords.verifyElementText(WebUiBuiltInKeywords.groovy:4835)
	at AdminIndoorPage.run(AdminIndoorPage:34)
	at com.kms.katalon.core.main.ScriptEngine.run(ScriptEngine.java:194)
	at com.kms.katalon.core.main.ScriptEngine.runScriptAsRawText(ScriptEngine.java:119)
	at com.kms.katalon.core.main.TestCaseExecutor.runScript(TestCaseExecutor.java:448)
	at com.kms.katalon.core.main.TestCaseExecutor.doExecute(TestCaseExecutor.java:439)
	at com.kms.katalon.core.main.TestCaseExecutor.processExecutionPhase(TestCaseExecutor.java:418)
	at com.kms.katalon.core.main.TestCaseExecutor.accessMainPhase(TestCaseExecutor.java:410)
	at com.kms.katalon.core.main.TestCaseExecutor.execute(TestCaseExecutor.java:285)
	at com.kms.katalon.core.common.CommonExecutor.accessTestCaseMainPhase(CommonExecutor.java:65)
	at com.kms.katalon.core.main.TestSuiteExecutor.accessTestSuiteMainPhase(TestSuiteExecutor.java:148)
	at com.kms.katalon.core.main.TestSuiteExecutor.execute(TestSuiteExecutor.java:106)
	at com.kms.katalon.core.main.TestCaseMain.startTestSuite(TestCaseMain.java:180)
	at TempTestSuite1703156677160.run(TempTestSuite1703156677160.groovy:36)
	at java.base/jdk.internal.reflect.NativeMethodAccessorImpl.invoke0(Native Method)
	at java.base/jdk.internal.reflect.NativeMethodAccessorImpl.invoke(NativeMethodAccessorImpl.java:77)
	at java.base/jdk.internal.reflect.DelegatingMethodAccessorImpl.invoke(DelegatingMethodAccessorImpl.java:43)
)
[[ATTACHMENT|C:\\Users\\ADMIN\\Katalon Studio\\My First Project\\Reports\\20231221_163437\\VisualTest\\20231221_163437\\1703156843956.png]]

21-12-2023T16:37:24 - [MESSAGE][FAILED] - Verify element text of test object 'Object Repository/visual testing checkpoints/New Folder/Page_Demo Hospital/Page_Demo Hospital/Page_Demo Hospital/h1_Indoor Setup            Preview' FAILED. (Root cause: com.kms.katalon.core.exception.StepFailedException: Verify element text of test object 'Object Repository/visual testing checkpoints/New Folder/Page_Demo Hospital/Page_Demo Hospital/Page_Demo Hospital/h1_Indoor Setup            Preview' FAILED.
	at com.kms.katalon.core.webui.keyword.internal.WebUIKeywordMain.stepFailed(WebUIKeywordMain.groovy:64)
	at com.kms.katalon.core.webui.keyword.internal.WebUIKeywordMain.runKeyword(WebUIKeywordMain.groovy:26)
	at com.kms.katalon.core.webui.keyword.builtin.VerifyElementTextKeyword.verifyElementText(VerifyElementTextKeyword.groovy:72)
	at com.kms.katalon.core.webui.keyword.builtin.VerifyElementTextKeyword.execute(VerifyElementTextKeyword.groovy:40)
	at com.kms.katalon.core.keyword.internal.KeywordExecutor.executeKeywordForPlatform(KeywordExecutor.groovy:74)
	at com.kms.katalon.core.webui.keyword.WebUiBuiltInKeywords.verifyElementText(WebUiBuiltInKeywords.groovy:4835)
	at AdminIndoorPage.run(AdminIndoorPage:34)
	at com.kms.katalon.core.main.ScriptEngine.run(ScriptEngine.java:194)
	at com.kms.katalon.core.main.ScriptEngine.runScriptAsRawText(ScriptEngine.java:119)
	at com.kms.katalon.core.main.TestCaseExecutor.runScript(TestCaseExecutor.java:448)
	at com.kms.katalon.core.main.TestCaseExecutor.doExecute(TestCaseExecutor.java:439)
	at com.kms.katalon.core.main.TestCaseExecutor.processExecutionPhase(TestCaseExecutor.java:418)
	at com.kms.katalon.core.main.TestCaseExecutor.accessMainPhase(TestCaseExecutor.java:410)
	at com.kms.katalon.core.main.TestCaseExecutor.execute(TestCaseExecutor.java:285)
	at com.kms.katalon.core.common.CommonExecutor.accessTestCaseMainPhase(CommonExecutor.java:65)
	at com.kms.katalon.core.main.TestSuiteExecutor.accessTestSuiteMainPhase(TestSuiteExecutor.java:148)
	at com.kms.katalon.core.main.TestSuiteExecutor.execute(TestSuiteExecutor.java:106)
	at com.kms.katalon.core.main.TestCaseMain.startTestSuite(TestCaseMain.java:180)
	at TempTestSuite1703156677160.run(TempTestSuite1703156677160.groovy:36)
	at java.base/jdk.internal.reflect.NativeMethodAccessorImpl.invoke0(Native Method)
	at java.base/jdk.internal.reflect.NativeMethodAccessorImpl.invoke(NativeMethodAccessorImpl.java:77)
	at java.base/jdk.internal.reflect.DelegatingMethodAccessorImpl.invoke(DelegatingMethodAccessorImpl.java:43)
Caused by: com.kms.katalon.core.exception.StepFailedException: Actual text 'Indoor Setup Preview' and expected text 'Indoor Setup
 Preview' of test object 'Object Repository/visual testing checkpoints/New Folder/Page_Demo Hospital/Page_Demo Hospital/Page_Demo Hospital/h1_Indoor Setup            Preview' are NOT matched.
	at com.kms.katalon.core.webui.keyword.internal.WebUIKeywordMain.stepFailed(WebUIKeywordMain.groovy:64)
	at com.kms.katalon.core.webui.keyword.builtin.VerifyElementTextKeyword$_verifyElementText_closure1.doCall(VerifyElementTextKeyword.groovy:57)
	at com.kms.katalon.core.webui.keyword.builtin.VerifyElementTextKeyword$_verifyElementText_closure1.call(VerifyElementTextKeyword.groovy)
	at com.kms.katalon.core.webui.keyword.internal.WebUIKeywordMain.runKeyword(WebUIKeywordMain.groovy:20)
	... 20 more
)
[[ATTACHMENT|C:\\Users\\ADMIN\\Katalon Studio\\My First Project\\Reports\\20231221_163437\\VisualTest\\20231221_163437\\1703156844184.png]]]]></system-out>
         <system-err><![CDATA[21-12-2023T16:37:09 - [TEST_CASE][FAILED] - Test Cases/visual testing checkpoints/AdminIndoorPage: Test Cases/visual testing checkpoints/AdminIndoorPage FAILED.
Reason:
com.kms.katalon.core.exception.StepFailedException: Verify element text of test object 'Object Repository/visual testing checkpoints/New Folder/Page_Demo Hospital/Page_Demo Hospital/Page_Demo Hospital/h1_Indoor Setup            Preview' FAILED.
	at com.kms.katalon.core.webui.keyword.internal.WebUIKeywordMain.stepFailed(WebUIKeywordMain.groovy:64)
	at com.kms.katalon.core.webui.keyword.internal.WebUIKeywordMain.runKeyword(WebUIKeywordMain.groovy:26)
	at com.kms.katalon.core.webui.keyword.builtin.VerifyElementTextKeyword.verifyElementText(VerifyElementTextKeyword.groovy:72)
	at com.kms.katalon.core.webui.keyword.builtin.VerifyElementTextKeyword.execute(VerifyElementTextKeyword.groovy:40)
	at com.kms.katalon.core.keyword.internal.KeywordExecutor.executeKeywordForPlatform(KeywordExecutor.groovy:74)
	at com.kms.katalon.core.webui.keyword.WebUiBuiltInKeywords.verifyElementText(WebUiBuiltInKeywords.groovy:4835)
	at AdminIndoorPage.run(AdminIndoorPage:34)
	at com.kms.katalon.core.main.ScriptEngine.run(ScriptEngine.java:194)
	at com.kms.katalon.core.main.ScriptEngine.runScriptAsRawText(ScriptEngine.java:119)
	at com.kms.katalon.core.main.TestCaseExecutor.runScript(TestCaseExecutor.java:448)
	at com.kms.katalon.core.main.TestCaseExecutor.doExecute(TestCaseExecutor.java:439)
	at com.kms.katalon.core.main.TestCaseExecutor.processExecutionPhase(TestCaseExecutor.java:418)
	at com.kms.katalon.core.main.TestCaseExecutor.accessMainPhase(TestCaseExecutor.java:410)
	at com.kms.katalon.core.main.TestCaseExecutor.execute(TestCaseExecutor.java:285)
	at com.kms.katalon.core.common.CommonExecutor.accessTestCaseMainPhase(CommonExecutor.java:65)
	at com.kms.katalon.core.main.TestSuiteExecutor.accessTestSuiteMainPhase(TestSuiteExecutor.java:148)
	at com.kms.katalon.core.main.TestSuiteExecutor.execute(TestSuiteExecutor.java:106)
	at com.kms.katalon.core.main.TestCaseMain.startTestSuite(TestCaseMain.java:180)
	at TempTestSuite1703156677160.run(TempTestSuite1703156677160.groovy:36)
	at java.base/jdk.internal.reflect.NativeMethodAccessorImpl.invoke0(Native Method)
	at java.base/jdk.internal.reflect.NativeMethodAccessorImpl.invoke(NativeMethodAccessorImpl.java:77)
	at java.base/jdk.internal.reflect.DelegatingMethodAccessorImpl.invoke(DelegatingMethodAccessorImpl.java:43)
Caused by: com.kms.katalon.core.exception.StepFailedException: Actual text 'Indoor Setup Preview' and expected text 'Indoor Setup
 Preview' of test object 'Object Repository/visual testing checkpoints/New Folder/Page_Demo Hospital/Page_Demo Hospital/Page_Demo Hospital/h1_Indoor Setup            Preview' are NOT matched.
	at com.kms.katalon.core.webui.keyword.internal.WebUIKeywordMain.stepFailed(WebUIKeywordMain.groovy:64)
	at com.kms.katalon.core.webui.keyword.builtin.VerifyElementTextKeyword$_verifyElementText_closure1.doCall(VerifyElementTextKeyword.groovy:57)
	at com.kms.katalon.core.webui.keyword.builtin.VerifyElementTextKeyword$_verifyElementText_closure1.call(VerifyElementTextKeyword.groovy)
	at com.kms.katalon.core.webui.keyword.internal.WebUIKeywordMain.runKeyword(WebUIKeywordMain.groovy:20)
	... 20 more]]></system-err>
      </testcase>
      <system-out><![CDATA[21-12-2023T16:34:48 - [TEST_SUITE][FAILED] - VisualTest: Test Cases/visual testing checkpoints/AdminSalesReportPage FAILED.
Reason:
com.kms.katalon.core.exception.StepFailedException: Verify element text of test object 'Object Repository/visual testing checkpoints/Page_Demo Hospital/Page_Demo Hospital/Page_Demo Hospital/Page_Demo Hospital/Page_Demo Hospital/Page_Demo Hospital/h1_Sales Report            Preview' FAILED.
	at com.kms.katalon.core.webui.keyword.internal.WebUIKeywordMain.stepFailed(WebUIKeywordMain.groovy:64)
	at com.kms.katalon.core.webui.keyword.internal.WebUIKeywordMain.runKeyword(WebUIKeywordMain.groovy:26)
	at com.kms.katalon.core.webui.keyword.builtin.VerifyElementTextKeyword.verifyElementText(VerifyElementTextKeyword.groovy:72)
	at com.kms.katalon.core.webui.keyword.builtin.VerifyElementTextKeyword.execute(VerifyElementTextKeyword.groovy:40)
	at com.kms.katalon.core.keyword.internal.KeywordExecutor.executeKeywordForPlatform(KeywordExecutor.groovy:74)
	at com.kms.katalon.core.webui.keyword.WebUiBuiltInKeywords.verifyElementText(WebUiBuiltInKeywords.groovy:4835)
	at AdminSalesReportPage.run(AdminSalesReportPage:38)
	at com.kms.katalon.core.main.ScriptEngine.run(ScriptEngine.java:194)
	at com.kms.katalon.core.main.ScriptEngine.runScriptAsRawText(ScriptEngine.java:119)
	at com.kms.katalon.core.main.TestCaseExecutor.runScript(TestCaseExecutor.java:448)
	at com.kms.katalon.core.main.TestCaseExecutor.doExecute(TestCaseExecutor.java:439)
	at com.kms.katalon.core.main.TestCaseExecutor.processExecutionPhase(TestCaseExecutor.java:418)
	at com.kms.katalon.core.main.TestCaseExecutor.accessMainPhase(TestCaseExecutor.java:410)
	at com.kms.katalon.core.main.TestCaseExecutor.execute(TestCaseExecutor.java:285)
	at com.kms.katalon.core.common.CommonExecutor.accessTestCaseMainPhase(CommonExecutor.java:65)
	at com.kms.katalon.core.main.TestSuiteExecutor.accessTestSuiteMainPhase(TestSuiteExecutor.java:148)
	at com.kms.katalon.core.main.TestSuiteExecutor.execute(TestSuiteExecutor.java:106)
	at com.kms.katalon.core.main.TestCaseMain.startTestSuite(TestCaseMain.java:180)
	at TempTestSuite1703156677160.run(TempTestSuite1703156677160.groovy:36)
	at java.base/jdk.internal.reflect.NativeMethodAccessorImpl.invoke0(Native Method)
	at java.base/jdk.internal.reflect.NativeMethodAccessorImpl.invoke(NativeMethodAccessorImpl.java:77)
	at java.base/jdk.internal.reflect.DelegatingMethodAccessorImpl.invoke(DelegatingMethodAccessorImpl.java:43)
Caused by: com.kms.katalon.core.exception.StepFailedException: Actual text 'Sales Report Preview' and expected text 'Sales Report
 Preview' of test object 'Object Repository/visual testing checkpoints/Page_Demo Hospital/Page_Demo Hospital/Page_Demo Hospital/Page_Demo Hospital/Page_Demo Hospital/Page_Demo Hospital/h1_Sales Report            Preview' are NOT matched.
	at com.kms.katalon.core.webui.keyword.internal.WebUIKeywordMain.stepFailed(WebUIKeywordMain.groovy:64)
	at com.kms.katalon.core.webui.keyword.builtin.VerifyElementTextKeyword$_verifyElementText_closure1.doCall(VerifyElementTextKeyword.groovy:57)
	at com.kms.katalon.core.webui.keyword.builtin.VerifyElementTextKeyword$_verifyElementText_closure1.call(VerifyElementTextKeyword.groovy)
	at com.kms.katalon.core.webui.keyword.internal.WebUIKeywordMain.runKeyword(WebUIKeywordMain.groovy:20)
	... 20 more]]></system-out>
      <system-err><![CDATA[21-12-2023T16:34:48 - [TEST_SUITE][FAILED] - VisualTest: Test Cases/visual testing checkpoints/AdminSalesReportPage FAILED.
Reason:
com.kms.katalon.core.exception.StepFailedException: Verify element text of test object 'Object Repository/visual testing checkpoints/Page_Demo Hospital/Page_Demo Hospital/Page_Demo Hospital/Page_Demo Hospital/Page_Demo Hospital/Page_Demo Hospital/h1_Sales Report            Preview' FAILED.
	at com.kms.katalon.core.webui.keyword.internal.WebUIKeywordMain.stepFailed(WebUIKeywordMain.groovy:64)
	at com.kms.katalon.core.webui.keyword.internal.WebUIKeywordMain.runKeyword(WebUIKeywordMain.groovy:26)
	at com.kms.katalon.core.webui.keyword.builtin.VerifyElementTextKeyword.verifyElementText(VerifyElementTextKeyword.groovy:72)
	at com.kms.katalon.core.webui.keyword.builtin.VerifyElementTextKeyword.execute(VerifyElementTextKeyword.groovy:40)
	at com.kms.katalon.core.keyword.internal.KeywordExecutor.executeKeywordForPlatform(KeywordExecutor.groovy:74)
	at com.kms.katalon.core.webui.keyword.WebUiBuiltInKeywords.verifyElementText(WebUiBuiltInKeywords.groovy:4835)
	at AdminSalesReportPage.run(AdminSalesReportPage:38)
	at com.kms.katalon.core.main.ScriptEngine.run(ScriptEngine.java:194)
	at com.kms.katalon.core.main.ScriptEngine.runScriptAsRawText(ScriptEngine.java:119)
	at com.kms.katalon.core.main.TestCaseExecutor.runScript(TestCaseExecutor.java:448)
	at com.kms.katalon.core.main.TestCaseExecutor.doExecute(TestCaseExecutor.java:439)
	at com.kms.katalon.core.main.TestCaseExecutor.processExecutionPhase(TestCaseExecutor.java:418)
	at com.kms.katalon.core.main.TestCaseExecutor.accessMainPhase(TestCaseExecutor.java:410)
	at com.kms.katalon.core.main.TestCaseExecutor.execute(TestCaseExecutor.java:285)
	at com.kms.katalon.core.common.CommonExecutor.accessTestCaseMainPhase(CommonExecutor.java:65)
	at com.kms.katalon.core.main.TestSuiteExecutor.accessTestSuiteMainPhase(TestSuiteExecutor.java:148)
	at com.kms.katalon.core.main.TestSuiteExecutor.execute(TestSuiteExecutor.java:106)
	at com.kms.katalon.core.main.TestCaseMain.startTestSuite(TestCaseMain.java:180)
	at TempTestSuite1703156677160.run(TempTestSuite1703156677160.groovy:36)
	at java.base/jdk.internal.reflect.NativeMethodAccessorImpl.invoke0(Native Method)
	at java.base/jdk.internal.reflect.NativeMethodAccessorImpl.invoke(NativeMethodAccessorImpl.java:77)
	at java.base/jdk.internal.reflect.DelegatingMethodAccessorImpl.invoke(DelegatingMethodAccessorImpl.java:43)
Caused by: com.kms.katalon.core.exception.StepFailedException: Actual text 'Sales Report Preview' and expected text 'Sales Report
 Preview' of test object 'Object Repository/visual testing checkpoints/Page_Demo Hospital/Page_Demo Hospital/Page_Demo Hospital/Page_Demo Hospital/Page_Demo Hospital/Page_Demo Hospital/h1_Sales Report            Preview' are NOT matched.
	at com.kms.katalon.core.webui.keyword.internal.WebUIKeywordMain.stepFailed(WebUIKeywordMain.groovy:64)
	at com.kms.katalon.core.webui.keyword.builtin.VerifyElementTextKeyword$_verifyElementText_closure1.doCall(VerifyElementTextKeyword.groovy:57)
	at com.kms.katalon.core.webui.keyword.builtin.VerifyElementTextKeyword$_verifyElementText_closure1.call(VerifyElementTextKeyword.groovy)
	at com.kms.katalon.core.webui.keyword.internal.WebUIKeywordMain.runKeyword(WebUIKeywordMain.groovy:20)
	... 20 more]]></system-err>
   </testsuite>
</testsuites>
