<?xml version="1.0" encoding="UTF-8"?>
<testsuites name="VisualTest" time="159.378" tests="10" failures="4" errors="0">
   <testsuite name="VisualTest" tests="10" failures="4" errors="0" time="159.378" skipped="0" timestamp="21-12-2023T16:19:01" hostname="ADMIN - DESKTOP-28CK1DU.mshome.net" id="Test Suites/VisualTest">
      <properties>
         <property name="deviceName" value=""/>
         <property name="devicePlatform" value=""/>
         <property name="logFolder" value="C:\\Users\\ADMIN\\Katalon Studio\\My First Project\\Reports\\20231221_161850\\VisualTest\\20231221_161850"/>
         <property name="logFiles" value="C:\\Users\\ADMIN\\Katalon Studio\\My First Project\\Reports\\20231221_161850\\VisualTest\\20231221_161850\\execution0.log"/>
         <property name="attachments" value="keyes\keyes-LoginPage.png, keyes\keyes-LoginPage2.png, keyes\keyes-HomePageAdmin.png, keyes\keyes-HRLoginPage.png, keyes\keyes-HRDashBord.png, keyes\keyes-pathologistLoginPage.png, keyes\keyes-pathologistDashBord.png, keyes\keyes-radiologistLoginPage.png, keyes\keyes-radiologistDashBord.png, keyes\keyes-Patient List.png, keyes\keyes-Sales Report.png, C:\\Users\\ADMIN\\Katalon Studio\\My First Project\\Reports\\20231221_161850\\VisualTest\\20231221_161850\\1703155849006.png, C:\\Users\\ADMIN\\Katalon Studio\\My First Project\\Reports\\20231221_161850\\VisualTest\\20231221_161850\\1703155849217.png, keyes\keyes-PathologyPage.png, C:\\Users\\ADMIN\\Katalon Studio\\My First Project\\Reports\\20231221_161850\\VisualTest\\20231221_161850\\1703155866861.png, C:\\Users\\ADMIN\\Katalon Studio\\My First Project\\Reports\\20231221_161850\\VisualTest\\20231221_161850\\1703155867069.png, C:\\Users\\ADMIN\\Katalon Studio\\My First Project\\Reports\\20231221_161850\\VisualTest\\20231221_161850\\1703155883183.png, C:\\Users\\ADMIN\\Katalon Studio\\My First Project\\Reports\\20231221_161850\\VisualTest\\20231221_161850\\1703155883456.png, C:\\Users\\ADMIN\\Katalon Studio\\My First Project\\Reports\\20231221_161850\\VisualTest\\20231221_161850\\1703155900078.png, C:\\Users\\ADMIN\\Katalon Studio\\My First Project\\Reports\\20231221_161850\\VisualTest\\20231221_161850\\1703155900281.png"/>
         <property name="hostName" value="ADMIN - DESKTOP-28CK1DU.mshome.net"/>
         <property name="os" value="Windows 10 64bit"/>
         <property name="katalonVersion" value="9.1.0.212"/>
         <property name="browser" value="Chrome 120.0.0.0"/>
         <property name="hostAddress" value="172.25.192.1"/>
         <property name="sessionId" value="68f3d4fa7314c91d79746d5327f97826"/>
         <property name="seleniumVersion" value="3.141.59"/>
         <property name="proxyInformation" value="ProxyInformation { proxyOption=NO_PROXY, proxyServerType=HTTP, username=, password=********, proxyServerAddress=, proxyServerPort=0, executionList=&quot;&quot;, isApplyToDesiredCapabilities=true }"/>
         <property name="platform" value="Windows 10"/>
      </properties>
      <testcase name="Test Cases/visual testing checkpoints/Login_Page" time="12.713" classname="Test Cases/visual testing checkpoints/Login_Page" status="PASSED">
         <system-out><![CDATA[21-12-2023T16:19:01 - [TEST_CASE][PASSED] - Test Cases/visual testing checkpoints/Login_Page: Test Cases/visual testing checkpoints/Login_Page

21-12-2023T16:19:02 - [TEST_STEP][PASSED] - openBrowser(""): Browser is opened with url: ''

21-12-2023T16:19:02 - [MESSAGE][INFO] - Starting 'Chrome' driver

21-12-2023T16:19:03 - [MESSAGE][INFO] - Action delay is set to 0 milliseconds

21-12-2023T16:19:05 - [MESSAGE][PASSED] - Browser is opened with url: ''

21-12-2023T16:19:05 - [TEST_STEP][PASSED] - navigateToUrl("https://hospitalb.com/login"): Navigate to 'https://hospitalb.com/login' successfully

21-12-2023T16:19:10 - [MESSAGE][PASSED] - Navigate to 'https://hospitalb.com/login' successfully

21-12-2023T16:19:10 - [TEST_STEP][PASSED] - waitForPageLoad(4): Wait for page load successfully

21-12-2023T16:19:10 - [MESSAGE][PASSED] - Wait for page load successfully

21-12-2023T16:19:10 - [TEST_STEP][PASSED] - takeScreenshotAsCheckpoint("LoginPage"): Taking screenshot successfully

21-12-2023T16:19:11 - [MESSAGE][INFO] - 0 hidden object(s)

21-12-2023T16:19:12 - [MESSAGE][PASSED] - Taking screenshot successfully
[[ATTACHMENT|keyes\keyes-LoginPage.png]]

21-12-2023T16:19:12 - [TEST_STEP][PASSED] - takeScreenshotAsCheckpoint("LoginPage2"): Taking screenshot successfully

21-12-2023T16:19:13 - [MESSAGE][INFO] - 0 hidden object(s)

21-12-2023T16:19:13 - [MESSAGE][PASSED] - Taking screenshot successfully
[[ATTACHMENT|keyes\keyes-LoginPage2.png]]

21-12-2023T16:19:13 - [TEST_STEP][PASSED] - verifyElementText(findTestObject("Object Repository/visual testing checkpoints/Page_Demo Hospital/Page_Demo Hospital/h2_Demo  Hospital"), "Demo Hospital"): Actual text and expected text of test object 'Object Repository/visual testing checkpoints/Page_Demo Hospital/Page_Demo Hospital/h2_Demo  Hospital' are matched.

21-12-2023T16:19:13 - [MESSAGE][PASSED] - Actual text and expected text of test object 'Object Repository/visual testing checkpoints/Page_Demo Hospital/Page_Demo Hospital/h2_Demo  Hospital' are matched.

21-12-2023T16:19:13 - [TEST_STEP][PASSED] - closeBrowser(): Browser is closed

21-12-2023T16:19:14 - [MESSAGE][PASSED] - Browser is closed]]></system-out>
         <system-err><![CDATA[]]></system-err>
      </testcase>
      <testcase name="Test Cases/visual testing checkpoints/HomePageAdmin" time="15.275" classname="Test Cases/visual testing checkpoints/HomePageAdmin" status="PASSED">
         <system-out><![CDATA[21-12-2023T16:19:14 - [TEST_CASE][PASSED] - Test Cases/visual testing checkpoints/HomePageAdmin: Test Cases/visual testing checkpoints/HomePageAdmin

21-12-2023T16:19:14 - [TEST_STEP][PASSED] - openBrowser(""): Browser is opened with url: ''

21-12-2023T16:19:14 - [MESSAGE][INFO] - Starting 'Chrome' driver

21-12-2023T16:19:14 - [MESSAGE][INFO] - Action delay is set to 0 milliseconds

21-12-2023T16:19:15 - [MESSAGE][PASSED] - Browser is opened with url: ''

21-12-2023T16:19:15 - [TEST_STEP][PASSED] - navigateToUrl("https://hospitalb.com/login"): Navigate to 'https://hospitalb.com/login' successfully

21-12-2023T16:19:20 - [MESSAGE][PASSED] - Navigate to 'https://hospitalb.com/login' successfully

21-12-2023T16:19:20 - [TEST_STEP][PASSED] - setText(findTestObject("Object Repository/visual testing checkpoints/Page_Demo Hospital/input_email"), "admin@gmail.com"): Text 'admin@gmail.com' is set on object 'Object Repository/visual testing checkpoints/Page_Demo Hospital/input_email'

21-12-2023T16:19:21 - [MESSAGE][PASSED] - Text 'admin@gmail.com' is set on object 'Object Repository/visual testing checkpoints/Page_Demo Hospital/input_email'

21-12-2023T16:19:21 - [TEST_STEP][PASSED] - setEncryptedText(findTestObject("Object Repository/visual testing checkpoints/Page_Demo Hospital/input_password"), "aeHFOx8jV/A="): Text ****** has been set on object 'Object Repository/visual testing checkpoints/Page_Demo Hospital/input_password'

21-12-2023T16:19:21 - [MESSAGE][PASSED] - Text ****** has been set on object 'Object Repository/visual testing checkpoints/Page_Demo Hospital/input_password'

21-12-2023T16:19:21 - [TEST_STEP][PASSED] - click(findTestObject("Object Repository/visual testing checkpoints/Page_Demo Hospital/input_custom-btn")): Object: 'Object Repository/visual testing checkpoints/Page_Demo Hospital/input_custom-btn' is clicked on

21-12-2023T16:19:27 - [MESSAGE][PASSED] - Object: 'Object Repository/visual testing checkpoints/Page_Demo Hospital/input_custom-btn' is clicked on

21-12-2023T16:19:27 - [TEST_STEP][PASSED] - verifyElementText(findTestObject("Object Repository/visual testing checkpoints/Page_Demo Hospital/b_Demo  Hospital"), "Demo Hospital"): Actual text and expected text of test object 'Object Repository/visual testing checkpoints/Page_Demo Hospital/b_Demo  Hospital' are matched.

21-12-2023T16:19:28 - [MESSAGE][PASSED] - Actual text and expected text of test object 'Object Repository/visual testing checkpoints/Page_Demo Hospital/b_Demo  Hospital' are matched.

21-12-2023T16:19:28 - [TEST_STEP][PASSED] - waitForPageLoad(4): Wait for page load successfully

21-12-2023T16:19:28 - [MESSAGE][PASSED] - Wait for page load successfully

21-12-2023T16:19:28 - [TEST_STEP][PASSED] - takeScreenshotAsCheckpoint("HomePageAdmin"): Taking screenshot successfully

21-12-2023T16:19:29 - [MESSAGE][INFO] - 0 hidden object(s)

21-12-2023T16:19:29 - [MESSAGE][PASSED] - Taking screenshot successfully
[[ATTACHMENT|keyes\keyes-HomePageAdmin.png]]

21-12-2023T16:19:29 - [TEST_STEP][PASSED] - closeBrowser(): Browser is closed

21-12-2023T16:19:29 - [MESSAGE][PASSED] - Browser is closed]]></system-out>
         <system-err><![CDATA[]]></system-err>
      </testcase>
      <testcase name="Test Cases/visual testing checkpoints/HRDashBordPage" time="15.194" classname="Test Cases/visual testing checkpoints/HRDashBordPage" status="PASSED">
         <system-out><![CDATA[21-12-2023T16:19:29 - [TEST_CASE][PASSED] - Test Cases/visual testing checkpoints/HRDashBordPage: Test Cases/visual testing checkpoints/HRDashBordPage

21-12-2023T16:19:29 - [TEST_STEP][PASSED] - openBrowser(""): Browser is opened with url: ''

21-12-2023T16:19:29 - [MESSAGE][INFO] - Starting 'Chrome' driver

21-12-2023T16:19:29 - [MESSAGE][INFO] - Action delay is set to 0 milliseconds

21-12-2023T16:19:31 - [MESSAGE][PASSED] - Browser is opened with url: ''

21-12-2023T16:19:31 - [TEST_STEP][PASSED] - navigateToUrl("https://hospitalb.com/login"): Navigate to 'https://hospitalb.com/login' successfully

21-12-2023T16:19:36 - [MESSAGE][PASSED] - Navigate to 'https://hospitalb.com/login' successfully

21-12-2023T16:19:36 - [TEST_STEP][PASSED] - setText(findTestObject("Object Repository/visual testing checkpoints/Page_Demo Hospital/Page_Demo Hospital/input_email"), "hr@gmail.com"): Text 'hr@gmail.com' is set on object 'Object Repository/visual testing checkpoints/Page_Demo Hospital/Page_Demo Hospital/input_email'

21-12-2023T16:19:37 - [MESSAGE][PASSED] - Text 'hr@gmail.com' is set on object 'Object Repository/visual testing checkpoints/Page_Demo Hospital/Page_Demo Hospital/input_email'

21-12-2023T16:19:37 - [TEST_STEP][PASSED] - setEncryptedText(findTestObject("Object Repository/visual testing checkpoints/Page_Demo Hospital/Page_Demo Hospital/input_password"), "aeHFOx8jV/A="): Text ****** has been set on object 'Object Repository/visual testing checkpoints/Page_Demo Hospital/Page_Demo Hospital/input_password'

21-12-2023T16:19:37 - [MESSAGE][PASSED] - Text ****** has been set on object 'Object Repository/visual testing checkpoints/Page_Demo Hospital/Page_Demo Hospital/input_password'

21-12-2023T16:19:37 - [TEST_STEP][PASSED] - takeScreenshotAsCheckpoint("HRLoginPage"): Taking screenshot successfully

21-12-2023T16:19:38 - [MESSAGE][INFO] - 0 hidden object(s)

21-12-2023T16:19:38 - [MESSAGE][PASSED] - Taking screenshot successfully
[[ATTACHMENT|keyes\keyes-HRLoginPage.png]]

21-12-2023T16:19:38 - [TEST_STEP][PASSED] - click(findTestObject("Object Repository/visual testing checkpoints/Page_Demo Hospital/Page_Demo Hospital/input_custom-btn")): Object: 'Object Repository/visual testing checkpoints/Page_Demo Hospital/Page_Demo Hospital/input_custom-btn' is clicked on

21-12-2023T16:19:43 - [MESSAGE][PASSED] - Object: 'Object Repository/visual testing checkpoints/Page_Demo Hospital/Page_Demo Hospital/input_custom-btn' is clicked on

21-12-2023T16:19:43 - [TEST_STEP][PASSED] - verifyElementText(findTestObject("Object Repository/visual testing checkpoints/Page_Demo Hospital/Page_Demo Hospital/h1_Demo  Hospital Statistics"), "Demo Hospital Statistics"): Actual text and expected text of test object 'Object Repository/visual testing checkpoints/Page_Demo Hospital/Page_Demo Hospital/h1_Demo  Hospital Statistics' are matched.

21-12-2023T16:19:43 - [MESSAGE][PASSED] - Actual text and expected text of test object 'Object Repository/visual testing checkpoints/Page_Demo Hospital/Page_Demo Hospital/h1_Demo  Hospital Statistics' are matched.

21-12-2023T16:19:43 - [TEST_STEP][PASSED] - waitForPageLoad(4): Wait for page load successfully

21-12-2023T16:19:43 - [MESSAGE][PASSED] - Wait for page load successfully

21-12-2023T16:19:43 - [TEST_STEP][PASSED] - takeScreenshotAsCheckpoint("HRDashBord"): Taking screenshot successfully

21-12-2023T16:19:44 - [MESSAGE][INFO] - 0 hidden object(s)

21-12-2023T16:19:44 - [MESSAGE][PASSED] - Taking screenshot successfully
[[ATTACHMENT|keyes\keyes-HRDashBord.png]]

21-12-2023T16:19:44 - [TEST_STEP][PASSED] - closeBrowser(): Browser is closed

21-12-2023T16:19:44 - [MESSAGE][PASSED] - Browser is closed]]></system-out>
         <system-err><![CDATA[]]></system-err>
      </testcase>
      <testcase name="Test Cases/visual testing checkpoints/PathologistPageC" time="15.311" classname="Test Cases/visual testing checkpoints/PathologistPageC" status="PASSED">
         <system-out><![CDATA[21-12-2023T16:19:44 - [TEST_CASE][PASSED] - Test Cases/visual testing checkpoints/PathologistPageC: Test Cases/visual testing checkpoints/PathologistPageC

21-12-2023T16:19:44 - [TEST_STEP][PASSED] - openBrowser(""): Browser is opened with url: ''

21-12-2023T16:19:44 - [MESSAGE][INFO] - Starting 'Chrome' driver

21-12-2023T16:19:44 - [MESSAGE][INFO] - Action delay is set to 0 milliseconds

21-12-2023T16:19:46 - [MESSAGE][PASSED] - Browser is opened with url: ''

21-12-2023T16:19:46 - [TEST_STEP][PASSED] - navigateToUrl("https://hospitalb.com/login"): Navigate to 'https://hospitalb.com/login' successfully

21-12-2023T16:19:51 - [MESSAGE][PASSED] - Navigate to 'https://hospitalb.com/login' successfully

21-12-2023T16:19:51 - [TEST_STEP][PASSED] - setText(findTestObject("Object Repository/visual testing checkpoints/Page_Demo Hospital/Page_Demo Hospital/Page_Demo Hospital/input_email"), "pathologist@gmail.com"): Text 'pathologist@gmail.com' is set on object 'Object Repository/visual testing checkpoints/Page_Demo Hospital/Page_Demo Hospital/Page_Demo Hospital/input_email'

21-12-2023T16:19:52 - [MESSAGE][PASSED] - Text 'pathologist@gmail.com' is set on object 'Object Repository/visual testing checkpoints/Page_Demo Hospital/Page_Demo Hospital/Page_Demo Hospital/input_email'

21-12-2023T16:19:52 - [TEST_STEP][PASSED] - setEncryptedText(findTestObject("Object Repository/visual testing checkpoints/Page_Demo Hospital/Page_Demo Hospital/Page_Demo Hospital/input_password"), "aeHFOx8jV/A="): Text ****** has been set on object 'Object Repository/visual testing checkpoints/Page_Demo Hospital/Page_Demo Hospital/Page_Demo Hospital/input_password'

21-12-2023T16:19:53 - [MESSAGE][PASSED] - Text ****** has been set on object 'Object Repository/visual testing checkpoints/Page_Demo Hospital/Page_Demo Hospital/Page_Demo Hospital/input_password'

21-12-2023T16:19:53 - [TEST_STEP][PASSED] - takeScreenshotAsCheckpoint("pathologistLoginPage"): Taking screenshot successfully

21-12-2023T16:19:53 - [MESSAGE][INFO] - 0 hidden object(s)

21-12-2023T16:19:54 - [MESSAGE][PASSED] - Taking screenshot successfully
[[ATTACHMENT|keyes\keyes-pathologistLoginPage.png]]

21-12-2023T16:19:54 - [TEST_STEP][PASSED] - click(findTestObject("Object Repository/visual testing checkpoints/Page_Demo Hospital/Page_Demo Hospital/Page_Demo Hospital/input_custom-btn")): Object: 'Object Repository/visual testing checkpoints/Page_Demo Hospital/Page_Demo Hospital/Page_Demo Hospital/input_custom-btn' is clicked on

21-12-2023T16:19:58 - [MESSAGE][PASSED] - Object: 'Object Repository/visual testing checkpoints/Page_Demo Hospital/Page_Demo Hospital/Page_Demo Hospital/input_custom-btn' is clicked on

21-12-2023T16:19:58 - [TEST_STEP][PASSED] - verifyElementText(findTestObject("Object Repository/visual testing checkpoints/Page_Demo Hospital/Page_Demo Hospital/Page_Demo Hospital/h1_Demo  Hospital Statistics"), "Demo Hospital Statistics"): Actual text and expected text of test object 'Object Repository/visual testing checkpoints/Page_Demo Hospital/Page_Demo Hospital/Page_Demo Hospital/h1_Demo  Hospital Statistics' are matched.

21-12-2023T16:19:59 - [MESSAGE][PASSED] - Actual text and expected text of test object 'Object Repository/visual testing checkpoints/Page_Demo Hospital/Page_Demo Hospital/Page_Demo Hospital/h1_Demo  Hospital Statistics' are matched.

21-12-2023T16:19:59 - [TEST_STEP][PASSED] - waitForPageLoad(4): Wait for page load successfully

21-12-2023T16:19:59 - [MESSAGE][PASSED] - Wait for page load successfully

21-12-2023T16:19:59 - [TEST_STEP][PASSED] - takeScreenshotAsCheckpoint("pathologistDashBord"): Taking screenshot successfully

21-12-2023T16:19:59 - [MESSAGE][INFO] - 0 hidden object(s)

21-12-2023T16:19:59 - [MESSAGE][PASSED] - Taking screenshot successfully
[[ATTACHMENT|keyes\keyes-pathologistDashBord.png]]

21-12-2023T16:19:59 - [TEST_STEP][PASSED] - closeBrowser(): Browser is closed

21-12-2023T16:20:00 - [MESSAGE][PASSED] - Browser is closed]]></system-out>
         <system-err><![CDATA[]]></system-err>
      </testcase>
      <testcase name="Test Cases/visual testing checkpoints/radiologistVCPage" time="15.531" classname="Test Cases/visual testing checkpoints/radiologistVCPage" status="PASSED">
         <system-out><![CDATA[21-12-2023T16:20:00 - [TEST_CASE][PASSED] - Test Cases/visual testing checkpoints/radiologistVCPage: Test Cases/visual testing checkpoints/radiologistVCPage

21-12-2023T16:20:00 - [TEST_STEP][PASSED] - openBrowser(""): Browser is opened with url: ''

21-12-2023T16:20:00 - [MESSAGE][INFO] - Starting 'Chrome' driver

21-12-2023T16:20:00 - [MESSAGE][INFO] - Action delay is set to 0 milliseconds

21-12-2023T16:20:01 - [MESSAGE][PASSED] - Browser is opened with url: ''

21-12-2023T16:20:01 - [TEST_STEP][PASSED] - navigateToUrl("https://hospitalb.com/login"): Navigate to 'https://hospitalb.com/login' successfully

21-12-2023T16:20:07 - [MESSAGE][PASSED] - Navigate to 'https://hospitalb.com/login' successfully

21-12-2023T16:20:07 - [TEST_STEP][PASSED] - setText(findTestObject("Object Repository/visual testing checkpoints/Page_Demo Hospital/Page_Demo Hospital/Page_Demo Hospital/Page_Demo Hospital/input_email"), "radiologist@gmail.com"): Text 'radiologist@gmail.com' is set on object 'Object Repository/visual testing checkpoints/Page_Demo Hospital/Page_Demo Hospital/Page_Demo Hospital/Page_Demo Hospital/input_email'

21-12-2023T16:20:08 - [MESSAGE][PASSED] - Text 'radiologist@gmail.com' is set on object 'Object Repository/visual testing checkpoints/Page_Demo Hospital/Page_Demo Hospital/Page_Demo Hospital/Page_Demo Hospital/input_email'

21-12-2023T16:20:08 - [TEST_STEP][PASSED] - setEncryptedText(findTestObject("Object Repository/visual testing checkpoints/Page_Demo Hospital/Page_Demo Hospital/Page_Demo Hospital/Page_Demo Hospital/input_password"), "aeHFOx8jV/A="): Text ****** has been set on object 'Object Repository/visual testing checkpoints/Page_Demo Hospital/Page_Demo Hospital/Page_Demo Hospital/Page_Demo Hospital/input_password'

21-12-2023T16:20:08 - [MESSAGE][PASSED] - Text ****** has been set on object 'Object Repository/visual testing checkpoints/Page_Demo Hospital/Page_Demo Hospital/Page_Demo Hospital/Page_Demo Hospital/input_password'

21-12-2023T16:20:08 - [TEST_STEP][PASSED] - takeScreenshotAsCheckpoint("radiologistLoginPage"): Taking screenshot successfully

21-12-2023T16:20:09 - [MESSAGE][INFO] - 0 hidden object(s)

21-12-2023T16:20:09 - [MESSAGE][PASSED] - Taking screenshot successfully
[[ATTACHMENT|keyes\keyes-radiologistLoginPage.png]]

21-12-2023T16:20:09 - [TEST_STEP][PASSED] - click(findTestObject("Object Repository/visual testing checkpoints/Page_Demo Hospital/Page_Demo Hospital/Page_Demo Hospital/Page_Demo Hospital/input_custom-btn")): Object: 'Object Repository/visual testing checkpoints/Page_Demo Hospital/Page_Demo Hospital/Page_Demo Hospital/Page_Demo Hospital/input_custom-btn' is clicked on

21-12-2023T16:20:14 - [MESSAGE][PASSED] - Object: 'Object Repository/visual testing checkpoints/Page_Demo Hospital/Page_Demo Hospital/Page_Demo Hospital/Page_Demo Hospital/input_custom-btn' is clicked on

21-12-2023T16:20:14 - [TEST_STEP][PASSED] - waitForPageLoad(4): Wait for page load successfully

21-12-2023T16:20:14 - [MESSAGE][PASSED] - Wait for page load successfully

21-12-2023T16:20:14 - [TEST_STEP][PASSED] - takeScreenshotAsCheckpoint("radiologistDashBord"): Taking screenshot successfully

21-12-2023T16:20:15 - [MESSAGE][INFO] - 0 hidden object(s)

21-12-2023T16:20:15 - [MESSAGE][PASSED] - Taking screenshot successfully
[[ATTACHMENT|keyes\keyes-radiologistDashBord.png]]

21-12-2023T16:20:15 - [TEST_STEP][PASSED] - closeBrowser(): Browser is closed

21-12-2023T16:20:15 - [MESSAGE][PASSED] - Browser is closed]]></system-out>
         <system-err><![CDATA[]]></system-err>
      </testcase>
      <testcase name="Test Cases/visual testing checkpoints/AdminPatientListPage" time="15.864" classname="Test Cases/visual testing checkpoints/AdminPatientListPage" status="PASSED">
         <system-out><![CDATA[21-12-2023T16:20:15 - [TEST_CASE][PASSED] - Test Cases/visual testing checkpoints/AdminPatientListPage: Test Cases/visual testing checkpoints/AdminPatientListPage

21-12-2023T16:20:15 - [TEST_STEP][PASSED] - openBrowser(""): Browser is opened with url: ''

21-12-2023T16:20:15 - [MESSAGE][INFO] - Starting 'Chrome' driver

21-12-2023T16:20:15 - [MESSAGE][INFO] - Action delay is set to 0 milliseconds

21-12-2023T16:20:17 - [MESSAGE][PASSED] - Browser is opened with url: ''

21-12-2023T16:20:17 - [TEST_STEP][PASSED] - navigateToUrl("https://hospitalb.com/login"): Navigate to 'https://hospitalb.com/login' successfully

21-12-2023T16:20:21 - [MESSAGE][PASSED] - Navigate to 'https://hospitalb.com/login' successfully

21-12-2023T16:20:21 - [TEST_STEP][PASSED] - setText(findTestObject("Object Repository/visual testing checkpoints/Page_Demo Hospital/Page_Demo Hospital/Page_Demo Hospital/Page_Demo Hospital/Page_Demo Hospital/input_email"), "admin@gmail.com"): Text 'admin@gmail.com' is set on object 'Object Repository/visual testing checkpoints/Page_Demo Hospital/Page_Demo Hospital/Page_Demo Hospital/Page_Demo Hospital/Page_Demo Hospital/input_email'

21-12-2023T16:20:22 - [MESSAGE][PASSED] - Text 'admin@gmail.com' is set on object 'Object Repository/visual testing checkpoints/Page_Demo Hospital/Page_Demo Hospital/Page_Demo Hospital/Page_Demo Hospital/Page_Demo Hospital/input_email'

21-12-2023T16:20:22 - [TEST_STEP][PASSED] - setEncryptedText(findTestObject("Object Repository/visual testing checkpoints/Page_Demo Hospital/Page_Demo Hospital/Page_Demo Hospital/Page_Demo Hospital/Page_Demo Hospital/input_password"), "aeHFOx8jV/A="): Text ****** has been set on object 'Object Repository/visual testing checkpoints/Page_Demo Hospital/Page_Demo Hospital/Page_Demo Hospital/Page_Demo Hospital/Page_Demo Hospital/input_password'

21-12-2023T16:20:23 - [MESSAGE][PASSED] - Text ****** has been set on object 'Object Repository/visual testing checkpoints/Page_Demo Hospital/Page_Demo Hospital/Page_Demo Hospital/Page_Demo Hospital/Page_Demo Hospital/input_password'

21-12-2023T16:20:23 - [TEST_STEP][PASSED] - click(findTestObject("Object Repository/visual testing checkpoints/Page_Demo Hospital/Page_Demo Hospital/Page_Demo Hospital/Page_Demo Hospital/Page_Demo Hospital/input_custom-btn")): Object: 'Object Repository/visual testing checkpoints/Page_Demo Hospital/Page_Demo Hospital/Page_Demo Hospital/Page_Demo Hospital/Page_Demo Hospital/input_custom-btn' is clicked on

21-12-2023T16:20:28 - [MESSAGE][PASSED] - Object: 'Object Repository/visual testing checkpoints/Page_Demo Hospital/Page_Demo Hospital/Page_Demo Hospital/Page_Demo Hospital/Page_Demo Hospital/input_custom-btn' is clicked on

21-12-2023T16:20:28 - [TEST_STEP][PASSED] - click(findTestObject("Object Repository/visual testing checkpoints/Page_Demo Hospital/Page_Demo Hospital/Page_Demo Hospital/Page_Demo Hospital/Page_Demo Hospital/i_fa fa-user")): Object: 'Object Repository/visual testing checkpoints/Page_Demo Hospital/Page_Demo Hospital/Page_Demo Hospital/Page_Demo Hospital/Page_Demo Hospital/i_fa fa-user' is clicked on

21-12-2023T16:20:29 - [MESSAGE][PASSED] - Object: 'Object Repository/visual testing checkpoints/Page_Demo Hospital/Page_Demo Hospital/Page_Demo Hospital/Page_Demo Hospital/Page_Demo Hospital/i_fa fa-user' is clicked on

21-12-2023T16:20:29 - [TEST_STEP][PASSED] - waitForPageLoad(4): Wait for page load successfully

21-12-2023T16:20:29 - [MESSAGE][PASSED] - Wait for page load successfully

21-12-2023T16:20:29 - [TEST_STEP][PASSED] - takeScreenshotAsCheckpoint("Patient List"): Taking screenshot successfully

21-12-2023T16:20:30 - [MESSAGE][INFO] - 0 hidden object(s)

21-12-2023T16:20:30 - [MESSAGE][PASSED] - Taking screenshot successfully
[[ATTACHMENT|keyes\keyes-Patient List.png]]

21-12-2023T16:20:30 - [TEST_STEP][PASSED] - verifyElementText(findTestObject("Object Repository/visual testing checkpoints/Page_Demo Hospital/Page_Demo Hospital/Page_Demo Hospital/Page_Demo Hospital/Page_Demo Hospital/h1_Patient List"), "Patient List"): Actual text and expected text of test object 'Object Repository/visual testing checkpoints/Page_Demo Hospital/Page_Demo Hospital/Page_Demo Hospital/Page_Demo Hospital/Page_Demo Hospital/h1_Patient List' are matched.

21-12-2023T16:20:31 - [MESSAGE][PASSED] - Actual text and expected text of test object 'Object Repository/visual testing checkpoints/Page_Demo Hospital/Page_Demo Hospital/Page_Demo Hospital/Page_Demo Hospital/Page_Demo Hospital/h1_Patient List' are matched.

21-12-2023T16:20:31 - [TEST_STEP][PASSED] - closeBrowser(): Browser is closed

21-12-2023T16:20:31 - [MESSAGE][PASSED] - Browser is closed]]></system-out>
         <system-err><![CDATA[]]></system-err>
      </testcase>
      <testcase name="Test Cases/visual testing checkpoints/AdminSalesReportPage" time="17.869" classname="Test Cases/visual testing checkpoints/AdminSalesReportPage" status="FAILED">
         <failure type="FAILED" message="Test Cases/visual testing checkpoints/AdminSalesReportPage FAILED.&#xa;Reason:&#xa;com.kms.katalon.core.exception.StepFailedException: Verify element text of test object 'Object Repository/visual testing checkpoints/Page_Demo Hospital/Page_Demo Hospital/Page_Demo Hospital/Page_Demo Hospital/Page_Demo Hospital/Page_Demo Hospital/h1_Sales Report            Preview' FAILED.&#xa;	at com.kms.katalon.core.webui.keyword.internal.WebUIKeywordMain.stepFailed(WebUIKeywordMain.groovy:64)&#xa;	at com.kms.katalon.core.webui.keyword.internal.WebUIKeywordMain.runKeyword(WebUIKeywordMain.groovy:26)&#xa;	at com.kms.katalon.core.webui.keyword.builtin.VerifyElementTextKeyword.verifyElementText(VerifyElementTextKeyword.groovy:72)&#xa;	at com.kms.katalon.core.webui.keyword.builtin.VerifyElementTextKeyword.execute(VerifyElementTextKeyword.groovy:40)&#xa;	at com.kms.katalon.core.keyword.internal.KeywordExecutor.executeKeywordForPlatform(KeywordExecutor.groovy:74)&#xa;	at com.kms.katalon.core.webui.keyword.WebUiBuiltInKeywords.verifyElementText(WebUiBuiltInKeywords.groovy:4835)&#xa;	at AdminSalesReportPage.run(AdminSalesReportPage:38)&#xa;	at com.kms.katalon.core.main.ScriptEngine.run(ScriptEngine.java:194)&#xa;	at com.kms.katalon.core.main.ScriptEngine.runScriptAsRawText(ScriptEngine.java:119)&#xa;	at com.kms.katalon.core.main.TestCaseExecutor.runScript(TestCaseExecutor.java:448)&#xa;	at com.kms.katalon.core.main.TestCaseExecutor.doExecute(TestCaseExecutor.java:439)&#xa;	at com.kms.katalon.core.main.TestCaseExecutor.processExecutionPhase(TestCaseExecutor.java:418)&#xa;	at com.kms.katalon.core.main.TestCaseExecutor.accessMainPhase(TestCaseExecutor.java:410)&#xa;	at com.kms.katalon.core.main.TestCaseExecutor.execute(TestCaseExecutor.java:285)&#xa;	at com.kms.katalon.core.common.CommonExecutor.accessTestCaseMainPhase(CommonExecutor.java:65)&#xa;	at com.kms.katalon.core.main.TestSuiteExecutor.accessTestSuiteMainPhase(TestSuiteExecutor.java:148)&#xa;	at com.kms.katalon.core.main.TestSuiteExecutor.execute(TestSuiteExecutor.java:106)&#xa;	at com.kms.katalon.core.main.TestCaseMain.startTestSuite(TestCaseMain.java:180)&#xa;	at TempTestSuite1703155730681.run(TempTestSuite1703155730681.groovy:36)&#xa;	at java.base/jdk.internal.reflect.NativeMethodAccessorImpl.invoke0(Native Method)&#xa;	at java.base/jdk.internal.reflect.NativeMethodAccessorImpl.invoke(NativeMethodAccessorImpl.java:77)&#xa;	at java.base/jdk.internal.reflect.DelegatingMethodAccessorImpl.invoke(DelegatingMethodAccessorImpl.java:43)&#xa;Caused by: com.kms.katalon.core.exception.StepFailedException: Actual text 'Sales Report Preview' and expected text 'Sales Report&#xa; Preview' of test object 'Object Repository/visual testing checkpoints/Page_Demo Hospital/Page_Demo Hospital/Page_Demo Hospital/Page_Demo Hospital/Page_Demo Hospital/Page_Demo Hospital/h1_Sales Report            Preview' are NOT matched.&#xa;	at com.kms.katalon.core.webui.keyword.internal.WebUIKeywordMain.stepFailed(WebUIKeywordMain.groovy:64)&#xa;	at com.kms.katalon.core.webui.keyword.builtin.VerifyElementTextKeyword$_verifyElementText_closure1.doCall(VerifyElementTextKeyword.groovy:57)&#xa;	at com.kms.katalon.core.webui.keyword.builtin.VerifyElementTextKeyword$_verifyElementText_closure1.call(VerifyElementTextKeyword.groovy)&#xa;	at com.kms.katalon.core.webui.keyword.internal.WebUIKeywordMain.runKeyword(WebUIKeywordMain.groovy:20)&#xa;	... 20 more&#xa;"/>
         <system-out><![CDATA[21-12-2023T16:20:31 - [TEST_CASE][FAILED] - Test Cases/visual testing checkpoints/AdminSalesReportPage: Test Cases/visual testing checkpoints/AdminSalesReportPage FAILED.
Reason:
com.kms.katalon.core.exception.StepFailedException: Verify element text of test object 'Object Repository/visual testing checkpoints/Page_Demo Hospital/Page_Demo Hospital/Page_Demo Hospital/Page_Demo Hospital/Page_Demo Hospital/Page_Demo Hospital/h1_Sales Report            Preview' FAILED.
	at com.kms.katalon.core.webui.keyword.internal.WebUIKeywordMain.stepFailed(WebUIKeywordMain.groovy:64)
	at com.kms.katalon.core.webui.keyword.internal.WebUIKeywordMain.runKeyword(WebUIKeywordMain.groovy:26)
	at com.kms.katalon.core.webui.keyword.builtin.VerifyElementTextKeyword.verifyElementText(VerifyElementTextKeyword.groovy:72)
	at com.kms.katalon.core.webui.keyword.builtin.VerifyElementTextKeyword.execute(VerifyElementTextKeyword.groovy:40)
	at com.kms.katalon.core.keyword.internal.KeywordExecutor.executeKeywordForPlatform(KeywordExecutor.groovy:74)
	at com.kms.katalon.core.webui.keyword.WebUiBuiltInKeywords.verifyElementText(WebUiBuiltInKeywords.groovy:4835)
	at AdminSalesReportPage.run(AdminSalesReportPage:38)
	at com.kms.katalon.core.main.ScriptEngine.run(ScriptEngine.java:194)
	at com.kms.katalon.core.main.ScriptEngine.runScriptAsRawText(ScriptEngine.java:119)
	at com.kms.katalon.core.main.TestCaseExecutor.runScript(TestCaseExecutor.java:448)
	at com.kms.katalon.core.main.TestCaseExecutor.doExecute(TestCaseExecutor.java:439)
	at com.kms.katalon.core.main.TestCaseExecutor.processExecutionPhase(TestCaseExecutor.java:418)
	at com.kms.katalon.core.main.TestCaseExecutor.accessMainPhase(TestCaseExecutor.java:410)
	at com.kms.katalon.core.main.TestCaseExecutor.execute(TestCaseExecutor.java:285)
	at com.kms.katalon.core.common.CommonExecutor.accessTestCaseMainPhase(CommonExecutor.java:65)
	at com.kms.katalon.core.main.TestSuiteExecutor.accessTestSuiteMainPhase(TestSuiteExecutor.java:148)
	at com.kms.katalon.core.main.TestSuiteExecutor.execute(TestSuiteExecutor.java:106)
	at com.kms.katalon.core.main.TestCaseMain.startTestSuite(TestCaseMain.java:180)
	at TempTestSuite1703155730681.run(TempTestSuite1703155730681.groovy:36)
	at java.base/jdk.internal.reflect.NativeMethodAccessorImpl.invoke0(Native Method)
	at java.base/jdk.internal.reflect.NativeMethodAccessorImpl.invoke(NativeMethodAccessorImpl.java:77)
	at java.base/jdk.internal.reflect.DelegatingMethodAccessorImpl.invoke(DelegatingMethodAccessorImpl.java:43)
Caused by: com.kms.katalon.core.exception.StepFailedException: Actual text 'Sales Report Preview' and expected text 'Sales Report
 Preview' of test object 'Object Repository/visual testing checkpoints/Page_Demo Hospital/Page_Demo Hospital/Page_Demo Hospital/Page_Demo Hospital/Page_Demo Hospital/Page_Demo Hospital/h1_Sales Report            Preview' are NOT matched.
	at com.kms.katalon.core.webui.keyword.internal.WebUIKeywordMain.stepFailed(WebUIKeywordMain.groovy:64)
	at com.kms.katalon.core.webui.keyword.builtin.VerifyElementTextKeyword$_verifyElementText_closure1.doCall(VerifyElementTextKeyword.groovy:57)
	at com.kms.katalon.core.webui.keyword.builtin.VerifyElementTextKeyword$_verifyElementText_closure1.call(VerifyElementTextKeyword.groovy)
	at com.kms.katalon.core.webui.keyword.internal.WebUIKeywordMain.runKeyword(WebUIKeywordMain.groovy:20)
	... 20 more


21-12-2023T16:20:31 - [TEST_STEP][PASSED] - openBrowser(""): Browser is opened with url: ''

21-12-2023T16:20:31 - [MESSAGE][INFO] - Starting 'Chrome' driver

21-12-2023T16:20:31 - [MESSAGE][INFO] - Action delay is set to 0 milliseconds

21-12-2023T16:20:33 - [MESSAGE][PASSED] - Browser is opened with url: ''

21-12-2023T16:20:33 - [TEST_STEP][PASSED] - navigateToUrl("https://hospitalb.com/login"): Navigate to 'https://hospitalb.com/login' successfully

21-12-2023T16:20:37 - [MESSAGE][PASSED] - Navigate to 'https://hospitalb.com/login' successfully

21-12-2023T16:20:37 - [TEST_STEP][PASSED] - setText(findTestObject("Object Repository/visual testing checkpoints/Page_Demo Hospital/Page_Demo Hospital/Page_Demo Hospital/Page_Demo Hospital/Page_Demo Hospital/Page_Demo Hospital/input_email"), "admin@gmail.com"): Text 'admin@gmail.com' is set on object 'Object Repository/visual testing checkpoints/Page_Demo Hospital/Page_Demo Hospital/Page_Demo Hospital/Page_Demo Hospital/Page_Demo Hospital/Page_Demo Hospital/input_email'

21-12-2023T16:20:38 - [MESSAGE][PASSED] - Text 'admin@gmail.com' is set on object 'Object Repository/visual testing checkpoints/Page_Demo Hospital/Page_Demo Hospital/Page_Demo Hospital/Page_Demo Hospital/Page_Demo Hospital/Page_Demo Hospital/input_email'

21-12-2023T16:20:38 - [TEST_STEP][PASSED] - setEncryptedText(findTestObject("Object Repository/visual testing checkpoints/Page_Demo Hospital/Page_Demo Hospital/Page_Demo Hospital/Page_Demo Hospital/Page_Demo Hospital/Page_Demo Hospital/input_password"), "aeHFOx8jV/A="): Text ****** has been set on object 'Object Repository/visual testing checkpoints/Page_Demo Hospital/Page_Demo Hospital/Page_Demo Hospital/Page_Demo Hospital/Page_Demo Hospital/Page_Demo Hospital/input_password'

21-12-2023T16:20:39 - [MESSAGE][PASSED] - Text ****** has been set on object 'Object Repository/visual testing checkpoints/Page_Demo Hospital/Page_Demo Hospital/Page_Demo Hospital/Page_Demo Hospital/Page_Demo Hospital/Page_Demo Hospital/input_password'

21-12-2023T16:20:39 - [TEST_STEP][PASSED] - click(findTestObject("Object Repository/visual testing checkpoints/Page_Demo Hospital/Page_Demo Hospital/Page_Demo Hospital/Page_Demo Hospital/Page_Demo Hospital/Page_Demo Hospital/input_custom-btn")): Object: 'Object Repository/visual testing checkpoints/Page_Demo Hospital/Page_Demo Hospital/Page_Demo Hospital/Page_Demo Hospital/Page_Demo Hospital/Page_Demo Hospital/input_custom-btn' is clicked on

21-12-2023T16:20:45 - [MESSAGE][PASSED] - Object: 'Object Repository/visual testing checkpoints/Page_Demo Hospital/Page_Demo Hospital/Page_Demo Hospital/Page_Demo Hospital/Page_Demo Hospital/Page_Demo Hospital/input_custom-btn' is clicked on

21-12-2023T16:20:45 - [TEST_STEP][PASSED] - click(findTestObject("Object Repository/visual testing checkpoints/Page_Demo Hospital/Page_Demo Hospital/Page_Demo Hospital/Page_Demo Hospital/Page_Demo Hospital/Page_Demo Hospital/a_Sales Report  Receipt")): Object: 'Object Repository/visual testing checkpoints/Page_Demo Hospital/Page_Demo Hospital/Page_Demo Hospital/Page_Demo Hospital/Page_Demo Hospital/Page_Demo Hospital/a_Sales Report  Receipt' is clicked on

21-12-2023T16:20:46 - [MESSAGE][PASSED] - Object: 'Object Repository/visual testing checkpoints/Page_Demo Hospital/Page_Demo Hospital/Page_Demo Hospital/Page_Demo Hospital/Page_Demo Hospital/Page_Demo Hospital/a_Sales Report  Receipt' is clicked on

21-12-2023T16:20:46 - [TEST_STEP][PASSED] - waitForPageLoad(4): Wait for page load successfully

21-12-2023T16:20:46 - [MESSAGE][PASSED] - Wait for page load successfully

21-12-2023T16:20:46 - [TEST_STEP][PASSED] - takeScreenshotAsCheckpoint("Sales Report"): Taking screenshot successfully

21-12-2023T16:20:48 - [MESSAGE][INFO] - 0 hidden object(s)

21-12-2023T16:20:48 - [MESSAGE][PASSED] - Taking screenshot successfully
[[ATTACHMENT|keyes\keyes-Sales Report.png]]

21-12-2023T16:20:48 - [TEST_STEP][FAILED] - verifyElementText(findTestObject("Object Repository/visual testing checkpoints/Page_Demo Hospital/Page_Demo Hospital/Page_Demo Hospital/Page_Demo Hospital/Page_Demo Hospital/Page_Demo Hospital/h1_Sales Report            Preview"), "Sales Report
 Preview"): Verify element text of test object 'Object Repository/visual testing checkpoints/Page_Demo Hospital/Page_Demo Hospital/Page_Demo Hospital/Page_Demo Hospital/Page_Demo Hospital/Page_Demo Hospital/h1_Sales Report            Preview' FAILED. (Root cause: com.kms.katalon.core.exception.StepFailedException: Verify element text of test object 'Object Repository/visual testing checkpoints/Page_Demo Hospital/Page_Demo Hospital/Page_Demo Hospital/Page_Demo Hospital/Page_Demo Hospital/Page_Demo Hospital/h1_Sales Report            Preview' FAILED.
	at com.kms.katalon.core.webui.keyword.internal.WebUIKeywordMain.stepFailed(WebUIKeywordMain.groovy:64)
	at com.kms.katalon.core.webui.keyword.internal.WebUIKeywordMain.runKeyword(WebUIKeywordMain.groovy:26)
	at com.kms.katalon.core.webui.keyword.builtin.VerifyElementTextKeyword.verifyElementText(VerifyElementTextKeyword.groovy:72)
	at com.kms.katalon.core.webui.keyword.builtin.VerifyElementTextKeyword.execute(VerifyElementTextKeyword.groovy:40)
	at com.kms.katalon.core.keyword.internal.KeywordExecutor.executeKeywordForPlatform(KeywordExecutor.groovy:74)
	at com.kms.katalon.core.webui.keyword.WebUiBuiltInKeywords.verifyElementText(WebUiBuiltInKeywords.groovy:4835)
	at AdminSalesReportPage.run(AdminSalesReportPage:38)
	at com.kms.katalon.core.main.ScriptEngine.run(ScriptEngine.java:194)
	at com.kms.katalon.core.main.ScriptEngine.runScriptAsRawText(ScriptEngine.java:119)
	at com.kms.katalon.core.main.TestCaseExecutor.runScript(TestCaseExecutor.java:448)
	at com.kms.katalon.core.main.TestCaseExecutor.doExecute(TestCaseExecutor.java:439)
	at com.kms.katalon.core.main.TestCaseExecutor.processExecutionPhase(TestCaseExecutor.java:418)
	at com.kms.katalon.core.main.TestCaseExecutor.accessMainPhase(TestCaseExecutor.java:410)
	at com.kms.katalon.core.main.TestCaseExecutor.execute(TestCaseExecutor.java:285)
	at com.kms.katalon.core.common.CommonExecutor.accessTestCaseMainPhase(CommonExecutor.java:65)
	at com.kms.katalon.core.main.TestSuiteExecutor.accessTestSuiteMainPhase(TestSuiteExecutor.java:148)
	at com.kms.katalon.core.main.TestSuiteExecutor.execute(TestSuiteExecutor.java:106)
	at com.kms.katalon.core.main.TestCaseMain.startTestSuite(TestCaseMain.java:180)
	at TempTestSuite1703155730681.run(TempTestSuite1703155730681.groovy:36)
	at java.base/jdk.internal.reflect.NativeMethodAccessorImpl.invoke0(Native Method)
	at java.base/jdk.internal.reflect.NativeMethodAccessorImpl.invoke(NativeMethodAccessorImpl.java:77)
	at java.base/jdk.internal.reflect.DelegatingMethodAccessorImpl.invoke(DelegatingMethodAccessorImpl.java:43)
Caused by: com.kms.katalon.core.exception.StepFailedException: Actual text 'Sales Report Preview' and expected text 'Sales Report
 Preview' of test object 'Object Repository/visual testing checkpoints/Page_Demo Hospital/Page_Demo Hospital/Page_Demo Hospital/Page_Demo Hospital/Page_Demo Hospital/Page_Demo Hospital/h1_Sales Report            Preview' are NOT matched.
	at com.kms.katalon.core.webui.keyword.internal.WebUIKeywordMain.stepFailed(WebUIKeywordMain.groovy:64)
	at com.kms.katalon.core.webui.keyword.builtin.VerifyElementTextKeyword$_verifyElementText_closure1.doCall(VerifyElementTextKeyword.groovy:57)
	at com.kms.katalon.core.webui.keyword.builtin.VerifyElementTextKeyword$_verifyElementText_closure1.call(VerifyElementTextKeyword.groovy)
	at com.kms.katalon.core.webui.keyword.internal.WebUIKeywordMain.runKeyword(WebUIKeywordMain.groovy:20)
	... 20 more
)

21-12-2023T16:20:49 - [MESSAGE][FAILED] - Actual text 'Sales Report Preview' and expected text 'Sales Report
 Preview' of test object 'Object Repository/visual testing checkpoints/Page_Demo Hospital/Page_Demo Hospital/Page_Demo Hospital/Page_Demo Hospital/Page_Demo Hospital/Page_Demo Hospital/h1_Sales Report            Preview' are NOT matched. (Root cause: com.kms.katalon.core.exception.StepFailedException: Actual text 'Sales Report Preview' and expected text 'Sales Report
 Preview' of test object 'Object Repository/visual testing checkpoints/Page_Demo Hospital/Page_Demo Hospital/Page_Demo Hospital/Page_Demo Hospital/Page_Demo Hospital/Page_Demo Hospital/h1_Sales Report            Preview' are NOT matched.
	at com.kms.katalon.core.webui.keyword.internal.WebUIKeywordMain.stepFailed(WebUIKeywordMain.groovy:64)
	at com.kms.katalon.core.webui.keyword.builtin.VerifyElementTextKeyword$_verifyElementText_closure1.doCall(VerifyElementTextKeyword.groovy:57)
	at com.kms.katalon.core.webui.keyword.builtin.VerifyElementTextKeyword$_verifyElementText_closure1.call(VerifyElementTextKeyword.groovy)
	at com.kms.katalon.core.webui.keyword.internal.WebUIKeywordMain.runKeyword(WebUIKeywordMain.groovy:20)
	at com.kms.katalon.core.webui.keyword.builtin.VerifyElementTextKeyword.verifyElementText(VerifyElementTextKeyword.groovy:72)
	at com.kms.katalon.core.webui.keyword.builtin.VerifyElementTextKeyword.execute(VerifyElementTextKeyword.groovy:40)
	at com.kms.katalon.core.keyword.internal.KeywordExecutor.executeKeywordForPlatform(KeywordExecutor.groovy:74)
	at com.kms.katalon.core.webui.keyword.WebUiBuiltInKeywords.verifyElementText(WebUiBuiltInKeywords.groovy:4835)
	at AdminSalesReportPage.run(AdminSalesReportPage:38)
	at com.kms.katalon.core.main.ScriptEngine.run(ScriptEngine.java:194)
	at com.kms.katalon.core.main.ScriptEngine.runScriptAsRawText(ScriptEngine.java:119)
	at com.kms.katalon.core.main.TestCaseExecutor.runScript(TestCaseExecutor.java:448)
	at com.kms.katalon.core.main.TestCaseExecutor.doExecute(TestCaseExecutor.java:439)
	at com.kms.katalon.core.main.TestCaseExecutor.processExecutionPhase(TestCaseExecutor.java:418)
	at com.kms.katalon.core.main.TestCaseExecutor.accessMainPhase(TestCaseExecutor.java:410)
	at com.kms.katalon.core.main.TestCaseExecutor.execute(TestCaseExecutor.java:285)
	at com.kms.katalon.core.common.CommonExecutor.accessTestCaseMainPhase(CommonExecutor.java:65)
	at com.kms.katalon.core.main.TestSuiteExecutor.accessTestSuiteMainPhase(TestSuiteExecutor.java:148)
	at com.kms.katalon.core.main.TestSuiteExecutor.execute(TestSuiteExecutor.java:106)
	at com.kms.katalon.core.main.TestCaseMain.startTestSuite(TestCaseMain.java:180)
	at TempTestSuite1703155730681.run(TempTestSuite1703155730681.groovy:36)
	at java.base/jdk.internal.reflect.NativeMethodAccessorImpl.invoke0(Native Method)
	at java.base/jdk.internal.reflect.NativeMethodAccessorImpl.invoke(NativeMethodAccessorImpl.java:77)
	at java.base/jdk.internal.reflect.DelegatingMethodAccessorImpl.invoke(DelegatingMethodAccessorImpl.java:43)
)
[[ATTACHMENT|C:\\Users\\ADMIN\\Katalon Studio\\My First Project\\Reports\\20231221_161850\\VisualTest\\20231221_161850\\1703155849006.png]]

21-12-2023T16:20:49 - [MESSAGE][FAILED] - Verify element text of test object 'Object Repository/visual testing checkpoints/Page_Demo Hospital/Page_Demo Hospital/Page_Demo Hospital/Page_Demo Hospital/Page_Demo Hospital/Page_Demo Hospital/h1_Sales Report            Preview' FAILED. (Root cause: com.kms.katalon.core.exception.StepFailedException: Verify element text of test object 'Object Repository/visual testing checkpoints/Page_Demo Hospital/Page_Demo Hospital/Page_Demo Hospital/Page_Demo Hospital/Page_Demo Hospital/Page_Demo Hospital/h1_Sales Report            Preview' FAILED.
	at com.kms.katalon.core.webui.keyword.internal.WebUIKeywordMain.stepFailed(WebUIKeywordMain.groovy:64)
	at com.kms.katalon.core.webui.keyword.internal.WebUIKeywordMain.runKeyword(WebUIKeywordMain.groovy:26)
	at com.kms.katalon.core.webui.keyword.builtin.VerifyElementTextKeyword.verifyElementText(VerifyElementTextKeyword.groovy:72)
	at com.kms.katalon.core.webui.keyword.builtin.VerifyElementTextKeyword.execute(VerifyElementTextKeyword.groovy:40)
	at com.kms.katalon.core.keyword.internal.KeywordExecutor.executeKeywordForPlatform(KeywordExecutor.groovy:74)
	at com.kms.katalon.core.webui.keyword.WebUiBuiltInKeywords.verifyElementText(WebUiBuiltInKeywords.groovy:4835)
	at AdminSalesReportPage.run(AdminSalesReportPage:38)
	at com.kms.katalon.core.main.ScriptEngine.run(ScriptEngine.java:194)
	at com.kms.katalon.core.main.ScriptEngine.runScriptAsRawText(ScriptEngine.java:119)
	at com.kms.katalon.core.main.TestCaseExecutor.runScript(TestCaseExecutor.java:448)
	at com.kms.katalon.core.main.TestCaseExecutor.doExecute(TestCaseExecutor.java:439)
	at com.kms.katalon.core.main.TestCaseExecutor.processExecutionPhase(TestCaseExecutor.java:418)
	at com.kms.katalon.core.main.TestCaseExecutor.accessMainPhase(TestCaseExecutor.java:410)
	at com.kms.katalon.core.main.TestCaseExecutor.execute(TestCaseExecutor.java:285)
	at com.kms.katalon.core.common.CommonExecutor.accessTestCaseMainPhase(CommonExecutor.java:65)
	at com.kms.katalon.core.main.TestSuiteExecutor.accessTestSuiteMainPhase(TestSuiteExecutor.java:148)
	at com.kms.katalon.core.main.TestSuiteExecutor.execute(TestSuiteExecutor.java:106)
	at com.kms.katalon.core.main.TestCaseMain.startTestSuite(TestCaseMain.java:180)
	at TempTestSuite1703155730681.run(TempTestSuite1703155730681.groovy:36)
	at java.base/jdk.internal.reflect.NativeMethodAccessorImpl.invoke0(Native Method)
	at java.base/jdk.internal.reflect.NativeMethodAccessorImpl.invoke(NativeMethodAccessorImpl.java:77)
	at java.base/jdk.internal.reflect.DelegatingMethodAccessorImpl.invoke(DelegatingMethodAccessorImpl.java:43)
Caused by: com.kms.katalon.core.exception.StepFailedException: Actual text 'Sales Report Preview' and expected text 'Sales Report
 Preview' of test object 'Object Repository/visual testing checkpoints/Page_Demo Hospital/Page_Demo Hospital/Page_Demo Hospital/Page_Demo Hospital/Page_Demo Hospital/Page_Demo Hospital/h1_Sales Report            Preview' are NOT matched.
	at com.kms.katalon.core.webui.keyword.internal.WebUIKeywordMain.stepFailed(WebUIKeywordMain.groovy:64)
	at com.kms.katalon.core.webui.keyword.builtin.VerifyElementTextKeyword$_verifyElementText_closure1.doCall(VerifyElementTextKeyword.groovy:57)
	at com.kms.katalon.core.webui.keyword.builtin.VerifyElementTextKeyword$_verifyElementText_closure1.call(VerifyElementTextKeyword.groovy)
	at com.kms.katalon.core.webui.keyword.internal.WebUIKeywordMain.runKeyword(WebUIKeywordMain.groovy:20)
	... 20 more
)
[[ATTACHMENT|C:\\Users\\ADMIN\\Katalon Studio\\My First Project\\Reports\\20231221_161850\\VisualTest\\20231221_161850\\1703155849217.png]]]]></system-out>
         <system-err><![CDATA[21-12-2023T16:20:31 - [TEST_CASE][FAILED] - Test Cases/visual testing checkpoints/AdminSalesReportPage: Test Cases/visual testing checkpoints/AdminSalesReportPage FAILED.
Reason:
com.kms.katalon.core.exception.StepFailedException: Verify element text of test object 'Object Repository/visual testing checkpoints/Page_Demo Hospital/Page_Demo Hospital/Page_Demo Hospital/Page_Demo Hospital/Page_Demo Hospital/Page_Demo Hospital/h1_Sales Report            Preview' FAILED.
	at com.kms.katalon.core.webui.keyword.internal.WebUIKeywordMain.stepFailed(WebUIKeywordMain.groovy:64)
	at com.kms.katalon.core.webui.keyword.internal.WebUIKeywordMain.runKeyword(WebUIKeywordMain.groovy:26)
	at com.kms.katalon.core.webui.keyword.builtin.VerifyElementTextKeyword.verifyElementText(VerifyElementTextKeyword.groovy:72)
	at com.kms.katalon.core.webui.keyword.builtin.VerifyElementTextKeyword.execute(VerifyElementTextKeyword.groovy:40)
	at com.kms.katalon.core.keyword.internal.KeywordExecutor.executeKeywordForPlatform(KeywordExecutor.groovy:74)
	at com.kms.katalon.core.webui.keyword.WebUiBuiltInKeywords.verifyElementText(WebUiBuiltInKeywords.groovy:4835)
	at AdminSalesReportPage.run(AdminSalesReportPage:38)
	at com.kms.katalon.core.main.ScriptEngine.run(ScriptEngine.java:194)
	at com.kms.katalon.core.main.ScriptEngine.runScriptAsRawText(ScriptEngine.java:119)
	at com.kms.katalon.core.main.TestCaseExecutor.runScript(TestCaseExecutor.java:448)
	at com.kms.katalon.core.main.TestCaseExecutor.doExecute(TestCaseExecutor.java:439)
	at com.kms.katalon.core.main.TestCaseExecutor.processExecutionPhase(TestCaseExecutor.java:418)
	at com.kms.katalon.core.main.TestCaseExecutor.accessMainPhase(TestCaseExecutor.java:410)
	at com.kms.katalon.core.main.TestCaseExecutor.execute(TestCaseExecutor.java:285)
	at com.kms.katalon.core.common.CommonExecutor.accessTestCaseMainPhase(CommonExecutor.java:65)
	at com.kms.katalon.core.main.TestSuiteExecutor.accessTestSuiteMainPhase(TestSuiteExecutor.java:148)
	at com.kms.katalon.core.main.TestSuiteExecutor.execute(TestSuiteExecutor.java:106)
	at com.kms.katalon.core.main.TestCaseMain.startTestSuite(TestCaseMain.java:180)
	at TempTestSuite1703155730681.run(TempTestSuite1703155730681.groovy:36)
	at java.base/jdk.internal.reflect.NativeMethodAccessorImpl.invoke0(Native Method)
	at java.base/jdk.internal.reflect.NativeMethodAccessorImpl.invoke(NativeMethodAccessorImpl.java:77)
	at java.base/jdk.internal.reflect.DelegatingMethodAccessorImpl.invoke(DelegatingMethodAccessorImpl.java:43)
Caused by: com.kms.katalon.core.exception.StepFailedException: Actual text 'Sales Report Preview' and expected text 'Sales Report
 Preview' of test object 'Object Repository/visual testing checkpoints/Page_Demo Hospital/Page_Demo Hospital/Page_Demo Hospital/Page_Demo Hospital/Page_Demo Hospital/Page_Demo Hospital/h1_Sales Report            Preview' are NOT matched.
	at com.kms.katalon.core.webui.keyword.internal.WebUIKeywordMain.stepFailed(WebUIKeywordMain.groovy:64)
	at com.kms.katalon.core.webui.keyword.builtin.VerifyElementTextKeyword$_verifyElementText_closure1.doCall(VerifyElementTextKeyword.groovy:57)
	at com.kms.katalon.core.webui.keyword.builtin.VerifyElementTextKeyword$_verifyElementText_closure1.call(VerifyElementTextKeyword.groovy)
	at com.kms.katalon.core.webui.keyword.internal.WebUIKeywordMain.runKeyword(WebUIKeywordMain.groovy:20)
	... 20 more]]></system-err>
      </testcase>
      <testcase name="Test Cases/visual testing checkpoints/AdminPathologyPage" time="17.918" classname="Test Cases/visual testing checkpoints/AdminPathologyPage" status="FAILED">
         <failure type="FAILED" message="Test Cases/visual testing checkpoints/AdminPathologyPage FAILED.&#xa;Reason:&#xa;com.kms.katalon.core.exception.StepFailedException: Verify element text of test object 'Object Repository/visual testing checkpoints/New Folder/Page_Demo Hospital/h1_Diagnostic Pathology Test Sale Reports  _c71cdd' FAILED.&#xa;	at com.kms.katalon.core.webui.keyword.internal.WebUIKeywordMain.stepFailed(WebUIKeywordMain.groovy:64)&#xa;	at com.kms.katalon.core.webui.keyword.internal.WebUIKeywordMain.runKeyword(WebUIKeywordMain.groovy:26)&#xa;	at com.kms.katalon.core.webui.keyword.builtin.VerifyElementTextKeyword.verifyElementText(VerifyElementTextKeyword.groovy:72)&#xa;	at com.kms.katalon.core.webui.keyword.builtin.VerifyElementTextKeyword.execute(VerifyElementTextKeyword.groovy:40)&#xa;	at com.kms.katalon.core.keyword.internal.KeywordExecutor.executeKeywordForPlatform(KeywordExecutor.groovy:74)&#xa;	at com.kms.katalon.core.webui.keyword.WebUiBuiltInKeywords.verifyElementText(WebUiBuiltInKeywords.groovy:4835)&#xa;	at AdminPathologyPage.run(AdminPathologyPage:38)&#xa;	at com.kms.katalon.core.main.ScriptEngine.run(ScriptEngine.java:194)&#xa;	at com.kms.katalon.core.main.ScriptEngine.runScriptAsRawText(ScriptEngine.java:119)&#xa;	at com.kms.katalon.core.main.TestCaseExecutor.runScript(TestCaseExecutor.java:448)&#xa;	at com.kms.katalon.core.main.TestCaseExecutor.doExecute(TestCaseExecutor.java:439)&#xa;	at com.kms.katalon.core.main.TestCaseExecutor.processExecutionPhase(TestCaseExecutor.java:418)&#xa;	at com.kms.katalon.core.main.TestCaseExecutor.accessMainPhase(TestCaseExecutor.java:410)&#xa;	at com.kms.katalon.core.main.TestCaseExecutor.execute(TestCaseExecutor.java:285)&#xa;	at com.kms.katalon.core.common.CommonExecutor.accessTestCaseMainPhase(CommonExecutor.java:65)&#xa;	at com.kms.katalon.core.main.TestSuiteExecutor.accessTestSuiteMainPhase(TestSuiteExecutor.java:148)&#xa;	at com.kms.katalon.core.main.TestSuiteExecutor.execute(TestSuiteExecutor.java:106)&#xa;	at com.kms.katalon.core.main.TestCaseMain.startTestSuite(TestCaseMain.java:180)&#xa;	at TempTestSuite1703155730681.run(TempTestSuite1703155730681.groovy:36)&#xa;	at java.base/jdk.internal.reflect.NativeMethodAccessorImpl.invoke0(Native Method)&#xa;	at java.base/jdk.internal.reflect.NativeMethodAccessorImpl.invoke(NativeMethodAccessorImpl.java:77)&#xa;	at java.base/jdk.internal.reflect.DelegatingMethodAccessorImpl.invoke(DelegatingMethodAccessorImpl.java:43)&#xa;Caused by: com.kms.katalon.core.exception.StepFailedException: Actual text 'Diagnostic Pathology Test Sale Reports Preview' and expected text 'Diagnostic Pathology Test Sale Reports&#xa; Preview' of test object 'Object Repository/visual testing checkpoints/New Folder/Page_Demo Hospital/h1_Diagnostic Pathology Test Sale Reports  _c71cdd' are NOT matched.&#xa;	at com.kms.katalon.core.webui.keyword.internal.WebUIKeywordMain.stepFailed(WebUIKeywordMain.groovy:64)&#xa;	at com.kms.katalon.core.webui.keyword.builtin.VerifyElementTextKeyword$_verifyElementText_closure1.doCall(VerifyElementTextKeyword.groovy:57)&#xa;	at com.kms.katalon.core.webui.keyword.builtin.VerifyElementTextKeyword$_verifyElementText_closure1.call(VerifyElementTextKeyword.groovy)&#xa;	at com.kms.katalon.core.webui.keyword.internal.WebUIKeywordMain.runKeyword(WebUIKeywordMain.groovy:20)&#xa;	... 20 more&#xa;"/>
         <system-out><![CDATA[21-12-2023T16:20:49 - [TEST_CASE][FAILED] - Test Cases/visual testing checkpoints/AdminPathologyPage: Test Cases/visual testing checkpoints/AdminPathologyPage FAILED.
Reason:
com.kms.katalon.core.exception.StepFailedException: Verify element text of test object 'Object Repository/visual testing checkpoints/New Folder/Page_Demo Hospital/h1_Diagnostic Pathology Test Sale Reports  _c71cdd' FAILED.
	at com.kms.katalon.core.webui.keyword.internal.WebUIKeywordMain.stepFailed(WebUIKeywordMain.groovy:64)
	at com.kms.katalon.core.webui.keyword.internal.WebUIKeywordMain.runKeyword(WebUIKeywordMain.groovy:26)
	at com.kms.katalon.core.webui.keyword.builtin.VerifyElementTextKeyword.verifyElementText(VerifyElementTextKeyword.groovy:72)
	at com.kms.katalon.core.webui.keyword.builtin.VerifyElementTextKeyword.execute(VerifyElementTextKeyword.groovy:40)
	at com.kms.katalon.core.keyword.internal.KeywordExecutor.executeKeywordForPlatform(KeywordExecutor.groovy:74)
	at com.kms.katalon.core.webui.keyword.WebUiBuiltInKeywords.verifyElementText(WebUiBuiltInKeywords.groovy:4835)
	at AdminPathologyPage.run(AdminPathologyPage:38)
	at com.kms.katalon.core.main.ScriptEngine.run(ScriptEngine.java:194)
	at com.kms.katalon.core.main.ScriptEngine.runScriptAsRawText(ScriptEngine.java:119)
	at com.kms.katalon.core.main.TestCaseExecutor.runScript(TestCaseExecutor.java:448)
	at com.kms.katalon.core.main.TestCaseExecutor.doExecute(TestCaseExecutor.java:439)
	at com.kms.katalon.core.main.TestCaseExecutor.processExecutionPhase(TestCaseExecutor.java:418)
	at com.kms.katalon.core.main.TestCaseExecutor.accessMainPhase(TestCaseExecutor.java:410)
	at com.kms.katalon.core.main.TestCaseExecutor.execute(TestCaseExecutor.java:285)
	at com.kms.katalon.core.common.CommonExecutor.accessTestCaseMainPhase(CommonExecutor.java:65)
	at com.kms.katalon.core.main.TestSuiteExecutor.accessTestSuiteMainPhase(TestSuiteExecutor.java:148)
	at com.kms.katalon.core.main.TestSuiteExecutor.execute(TestSuiteExecutor.java:106)
	at com.kms.katalon.core.main.TestCaseMain.startTestSuite(TestCaseMain.java:180)
	at TempTestSuite1703155730681.run(TempTestSuite1703155730681.groovy:36)
	at java.base/jdk.internal.reflect.NativeMethodAccessorImpl.invoke0(Native Method)
	at java.base/jdk.internal.reflect.NativeMethodAccessorImpl.invoke(NativeMethodAccessorImpl.java:77)
	at java.base/jdk.internal.reflect.DelegatingMethodAccessorImpl.invoke(DelegatingMethodAccessorImpl.java:43)
Caused by: com.kms.katalon.core.exception.StepFailedException: Actual text 'Diagnostic Pathology Test Sale Reports Preview' and expected text 'Diagnostic Pathology Test Sale Reports
 Preview' of test object 'Object Repository/visual testing checkpoints/New Folder/Page_Demo Hospital/h1_Diagnostic Pathology Test Sale Reports  _c71cdd' are NOT matched.
	at com.kms.katalon.core.webui.keyword.internal.WebUIKeywordMain.stepFailed(WebUIKeywordMain.groovy:64)
	at com.kms.katalon.core.webui.keyword.builtin.VerifyElementTextKeyword$_verifyElementText_closure1.doCall(VerifyElementTextKeyword.groovy:57)
	at com.kms.katalon.core.webui.keyword.builtin.VerifyElementTextKeyword$_verifyElementText_closure1.call(VerifyElementTextKeyword.groovy)
	at com.kms.katalon.core.webui.keyword.internal.WebUIKeywordMain.runKeyword(WebUIKeywordMain.groovy:20)
	... 20 more


21-12-2023T16:20:49 - [TEST_STEP][PASSED] - openBrowser(""): Browser is opened with url: ''

21-12-2023T16:20:49 - [MESSAGE][WARNING] - A browser is already opened. Closing browser and opening a new one

21-12-2023T16:20:49 - [MESSAGE][INFO] - Starting 'Chrome' driver

21-12-2023T16:20:49 - [MESSAGE][INFO] - Action delay is set to 0 milliseconds

21-12-2023T16:20:51 - [MESSAGE][PASSED] - Browser is opened with url: ''

21-12-2023T16:20:51 - [TEST_STEP][PASSED] - navigateToUrl("https://hospitalb.com/login"): Navigate to 'https://hospitalb.com/login' successfully

21-12-2023T16:20:54 - [MESSAGE][PASSED] - Navigate to 'https://hospitalb.com/login' successfully

21-12-2023T16:20:54 - [TEST_STEP][PASSED] - setText(findTestObject("Object Repository/visual testing checkpoints/New Folder/Page_Demo Hospital/input_email"), "admin@gmail.com"): Text 'admin@gmail.com' is set on object 'Object Repository/visual testing checkpoints/New Folder/Page_Demo Hospital/input_email'

21-12-2023T16:20:57 - [MESSAGE][PASSED] - Text 'admin@gmail.com' is set on object 'Object Repository/visual testing checkpoints/New Folder/Page_Demo Hospital/input_email'

21-12-2023T16:20:57 - [TEST_STEP][PASSED] - setEncryptedText(findTestObject("Object Repository/visual testing checkpoints/New Folder/Page_Demo Hospital/input_password"), "aeHFOx8jV/A="): Text ****** has been set on object 'Object Repository/visual testing checkpoints/New Folder/Page_Demo Hospital/input_password'

21-12-2023T16:20:57 - [MESSAGE][PASSED] - Text ****** has been set on object 'Object Repository/visual testing checkpoints/New Folder/Page_Demo Hospital/input_password'

21-12-2023T16:20:57 - [TEST_STEP][PASSED] - click(findTestObject("Object Repository/visual testing checkpoints/New Folder/Page_Demo Hospital/input_custom-btn")): Object: 'Object Repository/visual testing checkpoints/New Folder/Page_Demo Hospital/input_custom-btn' is clicked on

21-12-2023T16:21:03 - [MESSAGE][PASSED] - Object: 'Object Repository/visual testing checkpoints/New Folder/Page_Demo Hospital/input_custom-btn' is clicked on

21-12-2023T16:21:03 - [TEST_STEP][PASSED] - click(findTestObject("Object Repository/visual testing checkpoints/New Folder/Page_Demo Hospital/i_fa fa-medkit")): Object: 'Object Repository/visual testing checkpoints/New Folder/Page_Demo Hospital/i_fa fa-medkit' is clicked on

21-12-2023T16:21:04 - [MESSAGE][PASSED] - Object: 'Object Repository/visual testing checkpoints/New Folder/Page_Demo Hospital/i_fa fa-medkit' is clicked on

21-12-2023T16:21:04 - [TEST_STEP][PASSED] - waitForPageLoad(4): Wait for page load successfully

21-12-2023T16:21:04 - [MESSAGE][PASSED] - Wait for page load successfully

21-12-2023T16:21:04 - [TEST_STEP][PASSED] - takeScreenshotAsCheckpoint("PathologyPage"): Taking screenshot successfully

21-12-2023T16:21:06 - [MESSAGE][INFO] - 0 hidden object(s)

21-12-2023T16:21:06 - [MESSAGE][PASSED] - Taking screenshot successfully
[[ATTACHMENT|keyes\keyes-PathologyPage.png]]

21-12-2023T16:21:06 - [TEST_STEP][FAILED] - verifyElementText(findTestObject("Object Repository/visual testing checkpoints/New Folder/Page_Demo Hospital/h1_Diagnostic Pathology Test Sale Reports  _c71cdd"), "Diagnostic Pathology Test Sale Reports
 Preview"): Verify element text of test object 'Object Repository/visual testing checkpoints/New Folder/Page_Demo Hospital/h1_Diagnostic Pathology Test Sale Reports  _c71cdd' FAILED. (Root cause: com.kms.katalon.core.exception.StepFailedException: Verify element text of test object 'Object Repository/visual testing checkpoints/New Folder/Page_Demo Hospital/h1_Diagnostic Pathology Test Sale Reports  _c71cdd' FAILED.
	at com.kms.katalon.core.webui.keyword.internal.WebUIKeywordMain.stepFailed(WebUIKeywordMain.groovy:64)
	at com.kms.katalon.core.webui.keyword.internal.WebUIKeywordMain.runKeyword(WebUIKeywordMain.groovy:26)
	at com.kms.katalon.core.webui.keyword.builtin.VerifyElementTextKeyword.verifyElementText(VerifyElementTextKeyword.groovy:72)
	at com.kms.katalon.core.webui.keyword.builtin.VerifyElementTextKeyword.execute(VerifyElementTextKeyword.groovy:40)
	at com.kms.katalon.core.keyword.internal.KeywordExecutor.executeKeywordForPlatform(KeywordExecutor.groovy:74)
	at com.kms.katalon.core.webui.keyword.WebUiBuiltInKeywords.verifyElementText(WebUiBuiltInKeywords.groovy:4835)
	at AdminPathologyPage.run(AdminPathologyPage:38)
	at com.kms.katalon.core.main.ScriptEngine.run(ScriptEngine.java:194)
	at com.kms.katalon.core.main.ScriptEngine.runScriptAsRawText(ScriptEngine.java:119)
	at com.kms.katalon.core.main.TestCaseExecutor.runScript(TestCaseExecutor.java:448)
	at com.kms.katalon.core.main.TestCaseExecutor.doExecute(TestCaseExecutor.java:439)
	at com.kms.katalon.core.main.TestCaseExecutor.processExecutionPhase(TestCaseExecutor.java:418)
	at com.kms.katalon.core.main.TestCaseExecutor.accessMainPhase(TestCaseExecutor.java:410)
	at com.kms.katalon.core.main.TestCaseExecutor.execute(TestCaseExecutor.java:285)
	at com.kms.katalon.core.common.CommonExecutor.accessTestCaseMainPhase(CommonExecutor.java:65)
	at com.kms.katalon.core.main.TestSuiteExecutor.accessTestSuiteMainPhase(TestSuiteExecutor.java:148)
	at com.kms.katalon.core.main.TestSuiteExecutor.execute(TestSuiteExecutor.java:106)
	at com.kms.katalon.core.main.TestCaseMain.startTestSuite(TestCaseMain.java:180)
	at TempTestSuite1703155730681.run(TempTestSuite1703155730681.groovy:36)
	at java.base/jdk.internal.reflect.NativeMethodAccessorImpl.invoke0(Native Method)
	at java.base/jdk.internal.reflect.NativeMethodAccessorImpl.invoke(NativeMethodAccessorImpl.java:77)
	at java.base/jdk.internal.reflect.DelegatingMethodAccessorImpl.invoke(DelegatingMethodAccessorImpl.java:43)
Caused by: com.kms.katalon.core.exception.StepFailedException: Actual text 'Diagnostic Pathology Test Sale Reports Preview' and expected text 'Diagnostic Pathology Test Sale Reports
 Preview' of test object 'Object Repository/visual testing checkpoints/New Folder/Page_Demo Hospital/h1_Diagnostic Pathology Test Sale Reports  _c71cdd' are NOT matched.
	at com.kms.katalon.core.webui.keyword.internal.WebUIKeywordMain.stepFailed(WebUIKeywordMain.groovy:64)
	at com.kms.katalon.core.webui.keyword.builtin.VerifyElementTextKeyword$_verifyElementText_closure1.doCall(VerifyElementTextKeyword.groovy:57)
	at com.kms.katalon.core.webui.keyword.builtin.VerifyElementTextKeyword$_verifyElementText_closure1.call(VerifyElementTextKeyword.groovy)
	at com.kms.katalon.core.webui.keyword.internal.WebUIKeywordMain.runKeyword(WebUIKeywordMain.groovy:20)
	... 20 more
)

21-12-2023T16:21:07 - [MESSAGE][FAILED] - Actual text 'Diagnostic Pathology Test Sale Reports Preview' and expected text 'Diagnostic Pathology Test Sale Reports
 Preview' of test object 'Object Repository/visual testing checkpoints/New Folder/Page_Demo Hospital/h1_Diagnostic Pathology Test Sale Reports  _c71cdd' are NOT matched. (Root cause: com.kms.katalon.core.exception.StepFailedException: Actual text 'Diagnostic Pathology Test Sale Reports Preview' and expected text 'Diagnostic Pathology Test Sale Reports
 Preview' of test object 'Object Repository/visual testing checkpoints/New Folder/Page_Demo Hospital/h1_Diagnostic Pathology Test Sale Reports  _c71cdd' are NOT matched.
	at com.kms.katalon.core.webui.keyword.internal.WebUIKeywordMain.stepFailed(WebUIKeywordMain.groovy:64)
	at com.kms.katalon.core.webui.keyword.builtin.VerifyElementTextKeyword$_verifyElementText_closure1.doCall(VerifyElementTextKeyword.groovy:57)
	at com.kms.katalon.core.webui.keyword.builtin.VerifyElementTextKeyword$_verifyElementText_closure1.call(VerifyElementTextKeyword.groovy)
	at com.kms.katalon.core.webui.keyword.internal.WebUIKeywordMain.runKeyword(WebUIKeywordMain.groovy:20)
	at com.kms.katalon.core.webui.keyword.builtin.VerifyElementTextKeyword.verifyElementText(VerifyElementTextKeyword.groovy:72)
	at com.kms.katalon.core.webui.keyword.builtin.VerifyElementTextKeyword.execute(VerifyElementTextKeyword.groovy:40)
	at com.kms.katalon.core.keyword.internal.KeywordExecutor.executeKeywordForPlatform(KeywordExecutor.groovy:74)
	at com.kms.katalon.core.webui.keyword.WebUiBuiltInKeywords.verifyElementText(WebUiBuiltInKeywords.groovy:4835)
	at AdminPathologyPage.run(AdminPathologyPage:38)
	at com.kms.katalon.core.main.ScriptEngine.run(ScriptEngine.java:194)
	at com.kms.katalon.core.main.ScriptEngine.runScriptAsRawText(ScriptEngine.java:119)
	at com.kms.katalon.core.main.TestCaseExecutor.runScript(TestCaseExecutor.java:448)
	at com.kms.katalon.core.main.TestCaseExecutor.doExecute(TestCaseExecutor.java:439)
	at com.kms.katalon.core.main.TestCaseExecutor.processExecutionPhase(TestCaseExecutor.java:418)
	at com.kms.katalon.core.main.TestCaseExecutor.accessMainPhase(TestCaseExecutor.java:410)
	at com.kms.katalon.core.main.TestCaseExecutor.execute(TestCaseExecutor.java:285)
	at com.kms.katalon.core.common.CommonExecutor.accessTestCaseMainPhase(CommonExecutor.java:65)
	at com.kms.katalon.core.main.TestSuiteExecutor.accessTestSuiteMainPhase(TestSuiteExecutor.java:148)
	at com.kms.katalon.core.main.TestSuiteExecutor.execute(TestSuiteExecutor.java:106)
	at com.kms.katalon.core.main.TestCaseMain.startTestSuite(TestCaseMain.java:180)
	at TempTestSuite1703155730681.run(TempTestSuite1703155730681.groovy:36)
	at java.base/jdk.internal.reflect.NativeMethodAccessorImpl.invoke0(Native Method)
	at java.base/jdk.internal.reflect.NativeMethodAccessorImpl.invoke(NativeMethodAccessorImpl.java:77)
	at java.base/jdk.internal.reflect.DelegatingMethodAccessorImpl.invoke(DelegatingMethodAccessorImpl.java:43)
)
[[ATTACHMENT|C:\\Users\\ADMIN\\Katalon Studio\\My First Project\\Reports\\20231221_161850\\VisualTest\\20231221_161850\\1703155866861.png]]

21-12-2023T16:21:07 - [MESSAGE][FAILED] - Verify element text of test object 'Object Repository/visual testing checkpoints/New Folder/Page_Demo Hospital/h1_Diagnostic Pathology Test Sale Reports  _c71cdd' FAILED. (Root cause: com.kms.katalon.core.exception.StepFailedException: Verify element text of test object 'Object Repository/visual testing checkpoints/New Folder/Page_Demo Hospital/h1_Diagnostic Pathology Test Sale Reports  _c71cdd' FAILED.
	at com.kms.katalon.core.webui.keyword.internal.WebUIKeywordMain.stepFailed(WebUIKeywordMain.groovy:64)
	at com.kms.katalon.core.webui.keyword.internal.WebUIKeywordMain.runKeyword(WebUIKeywordMain.groovy:26)
	at com.kms.katalon.core.webui.keyword.builtin.VerifyElementTextKeyword.verifyElementText(VerifyElementTextKeyword.groovy:72)
	at com.kms.katalon.core.webui.keyword.builtin.VerifyElementTextKeyword.execute(VerifyElementTextKeyword.groovy:40)
	at com.kms.katalon.core.keyword.internal.KeywordExecutor.executeKeywordForPlatform(KeywordExecutor.groovy:74)
	at com.kms.katalon.core.webui.keyword.WebUiBuiltInKeywords.verifyElementText(WebUiBuiltInKeywords.groovy:4835)
	at AdminPathologyPage.run(AdminPathologyPage:38)
	at com.kms.katalon.core.main.ScriptEngine.run(ScriptEngine.java:194)
	at com.kms.katalon.core.main.ScriptEngine.runScriptAsRawText(ScriptEngine.java:119)
	at com.kms.katalon.core.main.TestCaseExecutor.runScript(TestCaseExecutor.java:448)
	at com.kms.katalon.core.main.TestCaseExecutor.doExecute(TestCaseExecutor.java:439)
	at com.kms.katalon.core.main.TestCaseExecutor.processExecutionPhase(TestCaseExecutor.java:418)
	at com.kms.katalon.core.main.TestCaseExecutor.accessMainPhase(TestCaseExecutor.java:410)
	at com.kms.katalon.core.main.TestCaseExecutor.execute(TestCaseExecutor.java:285)
	at com.kms.katalon.core.common.CommonExecutor.accessTestCaseMainPhase(CommonExecutor.java:65)
	at com.kms.katalon.core.main.TestSuiteExecutor.accessTestSuiteMainPhase(TestSuiteExecutor.java:148)
	at com.kms.katalon.core.main.TestSuiteExecutor.execute(TestSuiteExecutor.java:106)
	at com.kms.katalon.core.main.TestCaseMain.startTestSuite(TestCaseMain.java:180)
	at TempTestSuite1703155730681.run(TempTestSuite1703155730681.groovy:36)
	at java.base/jdk.internal.reflect.NativeMethodAccessorImpl.invoke0(Native Method)
	at java.base/jdk.internal.reflect.NativeMethodAccessorImpl.invoke(NativeMethodAccessorImpl.java:77)
	at java.base/jdk.internal.reflect.DelegatingMethodAccessorImpl.invoke(DelegatingMethodAccessorImpl.java:43)
Caused by: com.kms.katalon.core.exception.StepFailedException: Actual text 'Diagnostic Pathology Test Sale Reports Preview' and expected text 'Diagnostic Pathology Test Sale Reports
 Preview' of test object 'Object Repository/visual testing checkpoints/New Folder/Page_Demo Hospital/h1_Diagnostic Pathology Test Sale Reports  _c71cdd' are NOT matched.
	at com.kms.katalon.core.webui.keyword.internal.WebUIKeywordMain.stepFailed(WebUIKeywordMain.groovy:64)
	at com.kms.katalon.core.webui.keyword.builtin.VerifyElementTextKeyword$_verifyElementText_closure1.doCall(VerifyElementTextKeyword.groovy:57)
	at com.kms.katalon.core.webui.keyword.builtin.VerifyElementTextKeyword$_verifyElementText_closure1.call(VerifyElementTextKeyword.groovy)
	at com.kms.katalon.core.webui.keyword.internal.WebUIKeywordMain.runKeyword(WebUIKeywordMain.groovy:20)
	... 20 more
)
[[ATTACHMENT|C:\\Users\\ADMIN\\Katalon Studio\\My First Project\\Reports\\20231221_161850\\VisualTest\\20231221_161850\\1703155867069.png]]]]></system-out>
         <system-err><![CDATA[21-12-2023T16:20:49 - [TEST_CASE][FAILED] - Test Cases/visual testing checkpoints/AdminPathologyPage: Test Cases/visual testing checkpoints/AdminPathologyPage FAILED.
Reason:
com.kms.katalon.core.exception.StepFailedException: Verify element text of test object 'Object Repository/visual testing checkpoints/New Folder/Page_Demo Hospital/h1_Diagnostic Pathology Test Sale Reports  _c71cdd' FAILED.
	at com.kms.katalon.core.webui.keyword.internal.WebUIKeywordMain.stepFailed(WebUIKeywordMain.groovy:64)
	at com.kms.katalon.core.webui.keyword.internal.WebUIKeywordMain.runKeyword(WebUIKeywordMain.groovy:26)
	at com.kms.katalon.core.webui.keyword.builtin.VerifyElementTextKeyword.verifyElementText(VerifyElementTextKeyword.groovy:72)
	at com.kms.katalon.core.webui.keyword.builtin.VerifyElementTextKeyword.execute(VerifyElementTextKeyword.groovy:40)
	at com.kms.katalon.core.keyword.internal.KeywordExecutor.executeKeywordForPlatform(KeywordExecutor.groovy:74)
	at com.kms.katalon.core.webui.keyword.WebUiBuiltInKeywords.verifyElementText(WebUiBuiltInKeywords.groovy:4835)
	at AdminPathologyPage.run(AdminPathologyPage:38)
	at com.kms.katalon.core.main.ScriptEngine.run(ScriptEngine.java:194)
	at com.kms.katalon.core.main.ScriptEngine.runScriptAsRawText(ScriptEngine.java:119)
	at com.kms.katalon.core.main.TestCaseExecutor.runScript(TestCaseExecutor.java:448)
	at com.kms.katalon.core.main.TestCaseExecutor.doExecute(TestCaseExecutor.java:439)
	at com.kms.katalon.core.main.TestCaseExecutor.processExecutionPhase(TestCaseExecutor.java:418)
	at com.kms.katalon.core.main.TestCaseExecutor.accessMainPhase(TestCaseExecutor.java:410)
	at com.kms.katalon.core.main.TestCaseExecutor.execute(TestCaseExecutor.java:285)
	at com.kms.katalon.core.common.CommonExecutor.accessTestCaseMainPhase(CommonExecutor.java:65)
	at com.kms.katalon.core.main.TestSuiteExecutor.accessTestSuiteMainPhase(TestSuiteExecutor.java:148)
	at com.kms.katalon.core.main.TestSuiteExecutor.execute(TestSuiteExecutor.java:106)
	at com.kms.katalon.core.main.TestCaseMain.startTestSuite(TestCaseMain.java:180)
	at TempTestSuite1703155730681.run(TempTestSuite1703155730681.groovy:36)
	at java.base/jdk.internal.reflect.NativeMethodAccessorImpl.invoke0(Native Method)
	at java.base/jdk.internal.reflect.NativeMethodAccessorImpl.invoke(NativeMethodAccessorImpl.java:77)
	at java.base/jdk.internal.reflect.DelegatingMethodAccessorImpl.invoke(DelegatingMethodAccessorImpl.java:43)
Caused by: com.kms.katalon.core.exception.StepFailedException: Actual text 'Diagnostic Pathology Test Sale Reports Preview' and expected text 'Diagnostic Pathology Test Sale Reports
 Preview' of test object 'Object Repository/visual testing checkpoints/New Folder/Page_Demo Hospital/h1_Diagnostic Pathology Test Sale Reports  _c71cdd' are NOT matched.
	at com.kms.katalon.core.webui.keyword.internal.WebUIKeywordMain.stepFailed(WebUIKeywordMain.groovy:64)
	at com.kms.katalon.core.webui.keyword.builtin.VerifyElementTextKeyword$_verifyElementText_closure1.doCall(VerifyElementTextKeyword.groovy:57)
	at com.kms.katalon.core.webui.keyword.builtin.VerifyElementTextKeyword$_verifyElementText_closure1.call(VerifyElementTextKeyword.groovy)
	at com.kms.katalon.core.webui.keyword.internal.WebUIKeywordMain.runKeyword(WebUIKeywordMain.groovy:20)
	... 20 more]]></system-err>
      </testcase>
      <testcase name="Test Cases/visual testing checkpoints/AdminRadiologyPage" time="16.396" classname="Test Cases/visual testing checkpoints/AdminRadiologyPage" status="FAILED">
         <failure type="FAILED" message="Test Cases/visual testing checkpoints/AdminRadiologyPage FAILED.&#xa;Reason:&#xa;com.kms.katalon.core.exception.StepFailedException: Verify element text of test object 'Object Repository/visual testing checkpoints/New Folder/Page_Demo Hospital/Page_Demo Hospital/h1_Diagnostic Radiology Test Sale Reports  _ce090f' FAILED.&#xa;	at com.kms.katalon.core.webui.keyword.internal.WebUIKeywordMain.stepFailed(WebUIKeywordMain.groovy:64)&#xa;	at com.kms.katalon.core.webui.keyword.internal.WebUIKeywordMain.runKeyword(WebUIKeywordMain.groovy:26)&#xa;	at com.kms.katalon.core.webui.keyword.builtin.VerifyElementTextKeyword.verifyElementText(VerifyElementTextKeyword.groovy:72)&#xa;	at com.kms.katalon.core.webui.keyword.builtin.VerifyElementTextKeyword.execute(VerifyElementTextKeyword.groovy:40)&#xa;	at com.kms.katalon.core.keyword.internal.KeywordExecutor.executeKeywordForPlatform(KeywordExecutor.groovy:74)&#xa;	at com.kms.katalon.core.webui.keyword.WebUiBuiltInKeywords.verifyElementText(WebUiBuiltInKeywords.groovy:4835)&#xa;	at AdminRadiologyPage.run(AdminRadiologyPage:36)&#xa;	at com.kms.katalon.core.main.ScriptEngine.run(ScriptEngine.java:194)&#xa;	at com.kms.katalon.core.main.ScriptEngine.runScriptAsRawText(ScriptEngine.java:119)&#xa;	at com.kms.katalon.core.main.TestCaseExecutor.runScript(TestCaseExecutor.java:448)&#xa;	at com.kms.katalon.core.main.TestCaseExecutor.doExecute(TestCaseExecutor.java:439)&#xa;	at com.kms.katalon.core.main.TestCaseExecutor.processExecutionPhase(TestCaseExecutor.java:418)&#xa;	at com.kms.katalon.core.main.TestCaseExecutor.accessMainPhase(TestCaseExecutor.java:410)&#xa;	at com.kms.katalon.core.main.TestCaseExecutor.execute(TestCaseExecutor.java:285)&#xa;	at com.kms.katalon.core.common.CommonExecutor.accessTestCaseMainPhase(CommonExecutor.java:65)&#xa;	at com.kms.katalon.core.main.TestSuiteExecutor.accessTestSuiteMainPhase(TestSuiteExecutor.java:148)&#xa;	at com.kms.katalon.core.main.TestSuiteExecutor.execute(TestSuiteExecutor.java:106)&#xa;	at com.kms.katalon.core.main.TestCaseMain.startTestSuite(TestCaseMain.java:180)&#xa;	at TempTestSuite1703155730681.run(TempTestSuite1703155730681.groovy:36)&#xa;	at java.base/jdk.internal.reflect.NativeMethodAccessorImpl.invoke0(Native Method)&#xa;	at java.base/jdk.internal.reflect.NativeMethodAccessorImpl.invoke(NativeMethodAccessorImpl.java:77)&#xa;	at java.base/jdk.internal.reflect.DelegatingMethodAccessorImpl.invoke(DelegatingMethodAccessorImpl.java:43)&#xa;Caused by: com.kms.katalon.core.exception.StepFailedException: Actual text 'Diagnostic Radiology Test Sale Reports Preview' and expected text 'Diagnostic Radiology Test Sale Reports&#xa; Preview' of test object 'Object Repository/visual testing checkpoints/New Folder/Page_Demo Hospital/Page_Demo Hospital/h1_Diagnostic Radiology Test Sale Reports  _ce090f' are NOT matched.&#xa;	at com.kms.katalon.core.webui.keyword.internal.WebUIKeywordMain.stepFailed(WebUIKeywordMain.groovy:64)&#xa;	at com.kms.katalon.core.webui.keyword.builtin.VerifyElementTextKeyword$_verifyElementText_closure1.doCall(VerifyElementTextKeyword.groovy:57)&#xa;	at com.kms.katalon.core.webui.keyword.builtin.VerifyElementTextKeyword$_verifyElementText_closure1.call(VerifyElementTextKeyword.groovy)&#xa;	at com.kms.katalon.core.webui.keyword.internal.WebUIKeywordMain.runKeyword(WebUIKeywordMain.groovy:20)&#xa;	... 20 more&#xa;"/>
         <system-out><![CDATA[21-12-2023T16:21:07 - [TEST_CASE][FAILED] - Test Cases/visual testing checkpoints/AdminRadiologyPage: Test Cases/visual testing checkpoints/AdminRadiologyPage FAILED.
Reason:
com.kms.katalon.core.exception.StepFailedException: Verify element text of test object 'Object Repository/visual testing checkpoints/New Folder/Page_Demo Hospital/Page_Demo Hospital/h1_Diagnostic Radiology Test Sale Reports  _ce090f' FAILED.
	at com.kms.katalon.core.webui.keyword.internal.WebUIKeywordMain.stepFailed(WebUIKeywordMain.groovy:64)
	at com.kms.katalon.core.webui.keyword.internal.WebUIKeywordMain.runKeyword(WebUIKeywordMain.groovy:26)
	at com.kms.katalon.core.webui.keyword.builtin.VerifyElementTextKeyword.verifyElementText(VerifyElementTextKeyword.groovy:72)
	at com.kms.katalon.core.webui.keyword.builtin.VerifyElementTextKeyword.execute(VerifyElementTextKeyword.groovy:40)
	at com.kms.katalon.core.keyword.internal.KeywordExecutor.executeKeywordForPlatform(KeywordExecutor.groovy:74)
	at com.kms.katalon.core.webui.keyword.WebUiBuiltInKeywords.verifyElementText(WebUiBuiltInKeywords.groovy:4835)
	at AdminRadiologyPage.run(AdminRadiologyPage:36)
	at com.kms.katalon.core.main.ScriptEngine.run(ScriptEngine.java:194)
	at com.kms.katalon.core.main.ScriptEngine.runScriptAsRawText(ScriptEngine.java:119)
	at com.kms.katalon.core.main.TestCaseExecutor.runScript(TestCaseExecutor.java:448)
	at com.kms.katalon.core.main.TestCaseExecutor.doExecute(TestCaseExecutor.java:439)
	at com.kms.katalon.core.main.TestCaseExecutor.processExecutionPhase(TestCaseExecutor.java:418)
	at com.kms.katalon.core.main.TestCaseExecutor.accessMainPhase(TestCaseExecutor.java:410)
	at com.kms.katalon.core.main.TestCaseExecutor.execute(TestCaseExecutor.java:285)
	at com.kms.katalon.core.common.CommonExecutor.accessTestCaseMainPhase(CommonExecutor.java:65)
	at com.kms.katalon.core.main.TestSuiteExecutor.accessTestSuiteMainPhase(TestSuiteExecutor.java:148)
	at com.kms.katalon.core.main.TestSuiteExecutor.execute(TestSuiteExecutor.java:106)
	at com.kms.katalon.core.main.TestCaseMain.startTestSuite(TestCaseMain.java:180)
	at TempTestSuite1703155730681.run(TempTestSuite1703155730681.groovy:36)
	at java.base/jdk.internal.reflect.NativeMethodAccessorImpl.invoke0(Native Method)
	at java.base/jdk.internal.reflect.NativeMethodAccessorImpl.invoke(NativeMethodAccessorImpl.java:77)
	at java.base/jdk.internal.reflect.DelegatingMethodAccessorImpl.invoke(DelegatingMethodAccessorImpl.java:43)
Caused by: com.kms.katalon.core.exception.StepFailedException: Actual text 'Diagnostic Radiology Test Sale Reports Preview' and expected text 'Diagnostic Radiology Test Sale Reports
 Preview' of test object 'Object Repository/visual testing checkpoints/New Folder/Page_Demo Hospital/Page_Demo Hospital/h1_Diagnostic Radiology Test Sale Reports  _ce090f' are NOT matched.
	at com.kms.katalon.core.webui.keyword.internal.WebUIKeywordMain.stepFailed(WebUIKeywordMain.groovy:64)
	at com.kms.katalon.core.webui.keyword.builtin.VerifyElementTextKeyword$_verifyElementText_closure1.doCall(VerifyElementTextKeyword.groovy:57)
	at com.kms.katalon.core.webui.keyword.builtin.VerifyElementTextKeyword$_verifyElementText_closure1.call(VerifyElementTextKeyword.groovy)
	at com.kms.katalon.core.webui.keyword.internal.WebUIKeywordMain.runKeyword(WebUIKeywordMain.groovy:20)
	... 20 more


21-12-2023T16:21:07 - [TEST_STEP][PASSED] - openBrowser(""): Browser is opened with url: ''

21-12-2023T16:21:07 - [MESSAGE][WARNING] - A browser is already opened. Closing browser and opening a new one

21-12-2023T16:21:07 - [MESSAGE][INFO] - Starting 'Chrome' driver

21-12-2023T16:21:07 - [MESSAGE][INFO] - Action delay is set to 0 milliseconds

21-12-2023T16:21:08 - [MESSAGE][PASSED] - Browser is opened with url: ''

21-12-2023T16:21:08 - [TEST_STEP][PASSED] - navigateToUrl("https://hospitalb.com/login"): Navigate to 'https://hospitalb.com/login' successfully

21-12-2023T16:21:13 - [MESSAGE][PASSED] - Navigate to 'https://hospitalb.com/login' successfully

21-12-2023T16:21:13 - [TEST_STEP][PASSED] - maximizeWindow(): Current window maximized

21-12-2023T16:21:13 - [MESSAGE][PASSED] - Current window maximized

21-12-2023T16:21:13 - [TEST_STEP][PASSED] - setText(findTestObject("Object Repository/visual testing checkpoints/New Folder/Page_Demo Hospital/Page_Demo Hospital/input_email"), "admin@gmail.com"): Text 'admin@gmail.com' is set on object 'Object Repository/visual testing checkpoints/New Folder/Page_Demo Hospital/Page_Demo Hospital/input_email'

21-12-2023T16:21:14 - [MESSAGE][PASSED] - Text 'admin@gmail.com' is set on object 'Object Repository/visual testing checkpoints/New Folder/Page_Demo Hospital/Page_Demo Hospital/input_email'

21-12-2023T16:21:14 - [TEST_STEP][PASSED] - setEncryptedText(findTestObject("Object Repository/visual testing checkpoints/New Folder/Page_Demo Hospital/Page_Demo Hospital/input_password"), "aeHFOx8jV/A="): Text ****** has been set on object 'Object Repository/visual testing checkpoints/New Folder/Page_Demo Hospital/Page_Demo Hospital/input_password'

21-12-2023T16:21:15 - [MESSAGE][PASSED] - Text ****** has been set on object 'Object Repository/visual testing checkpoints/New Folder/Page_Demo Hospital/Page_Demo Hospital/input_password'

21-12-2023T16:21:15 - [TEST_STEP][PASSED] - click(findTestObject("Object Repository/visual testing checkpoints/New Folder/Page_Demo Hospital/Page_Demo Hospital/input_custom-btn")): Object: 'Object Repository/visual testing checkpoints/New Folder/Page_Demo Hospital/Page_Demo Hospital/input_custom-btn' is clicked on

21-12-2023T16:21:20 - [MESSAGE][PASSED] - Object: 'Object Repository/visual testing checkpoints/New Folder/Page_Demo Hospital/Page_Demo Hospital/input_custom-btn' is clicked on

21-12-2023T16:21:20 - [TEST_STEP][PASSED] - click(findTestObject("Object Repository/visual testing checkpoints/New Folder/Page_Demo Hospital/Page_Demo Hospital/i_fa fa-medkit")): Object: 'Object Repository/visual testing checkpoints/New Folder/Page_Demo Hospital/Page_Demo Hospital/i_fa fa-medkit' is clicked on

21-12-2023T16:21:22 - [MESSAGE][PASSED] - Object: 'Object Repository/visual testing checkpoints/New Folder/Page_Demo Hospital/Page_Demo Hospital/i_fa fa-medkit' is clicked on

21-12-2023T16:21:22 - [TEST_STEP][FAILED] - verifyElementText(findTestObject("Object Repository/visual testing checkpoints/New Folder/Page_Demo Hospital/Page_Demo Hospital/h1_Diagnostic Radiology Test Sale Reports  _ce090f"), "Diagnostic Radiology Test Sale Reports
 Preview"): Verify element text of test object 'Object Repository/visual testing checkpoints/New Folder/Page_Demo Hospital/Page_Demo Hospital/h1_Diagnostic Radiology Test Sale Reports  _ce090f' FAILED. (Root cause: com.kms.katalon.core.exception.StepFailedException: Verify element text of test object 'Object Repository/visual testing checkpoints/New Folder/Page_Demo Hospital/Page_Demo Hospital/h1_Diagnostic Radiology Test Sale Reports  _ce090f' FAILED.
	at com.kms.katalon.core.webui.keyword.internal.WebUIKeywordMain.stepFailed(WebUIKeywordMain.groovy:64)
	at com.kms.katalon.core.webui.keyword.internal.WebUIKeywordMain.runKeyword(WebUIKeywordMain.groovy:26)
	at com.kms.katalon.core.webui.keyword.builtin.VerifyElementTextKeyword.verifyElementText(VerifyElementTextKeyword.groovy:72)
	at com.kms.katalon.core.webui.keyword.builtin.VerifyElementTextKeyword.execute(VerifyElementTextKeyword.groovy:40)
	at com.kms.katalon.core.keyword.internal.KeywordExecutor.executeKeywordForPlatform(KeywordExecutor.groovy:74)
	at com.kms.katalon.core.webui.keyword.WebUiBuiltInKeywords.verifyElementText(WebUiBuiltInKeywords.groovy:4835)
	at AdminRadiologyPage.run(AdminRadiologyPage:36)
	at com.kms.katalon.core.main.ScriptEngine.run(ScriptEngine.java:194)
	at com.kms.katalon.core.main.ScriptEngine.runScriptAsRawText(ScriptEngine.java:119)
	at com.kms.katalon.core.main.TestCaseExecutor.runScript(TestCaseExecutor.java:448)
	at com.kms.katalon.core.main.TestCaseExecutor.doExecute(TestCaseExecutor.java:439)
	at com.kms.katalon.core.main.TestCaseExecutor.processExecutionPhase(TestCaseExecutor.java:418)
	at com.kms.katalon.core.main.TestCaseExecutor.accessMainPhase(TestCaseExecutor.java:410)
	at com.kms.katalon.core.main.TestCaseExecutor.execute(TestCaseExecutor.java:285)
	at com.kms.katalon.core.common.CommonExecutor.accessTestCaseMainPhase(CommonExecutor.java:65)
	at com.kms.katalon.core.main.TestSuiteExecutor.accessTestSuiteMainPhase(TestSuiteExecutor.java:148)
	at com.kms.katalon.core.main.TestSuiteExecutor.execute(TestSuiteExecutor.java:106)
	at com.kms.katalon.core.main.TestCaseMain.startTestSuite(TestCaseMain.java:180)
	at TempTestSuite1703155730681.run(TempTestSuite1703155730681.groovy:36)
	at java.base/jdk.internal.reflect.NativeMethodAccessorImpl.invoke0(Native Method)
	at java.base/jdk.internal.reflect.NativeMethodAccessorImpl.invoke(NativeMethodAccessorImpl.java:77)
	at java.base/jdk.internal.reflect.DelegatingMethodAccessorImpl.invoke(DelegatingMethodAccessorImpl.java:43)
Caused by: com.kms.katalon.core.exception.StepFailedException: Actual text 'Diagnostic Radiology Test Sale Reports Preview' and expected text 'Diagnostic Radiology Test Sale Reports
 Preview' of test object 'Object Repository/visual testing checkpoints/New Folder/Page_Demo Hospital/Page_Demo Hospital/h1_Diagnostic Radiology Test Sale Reports  _ce090f' are NOT matched.
	at com.kms.katalon.core.webui.keyword.internal.WebUIKeywordMain.stepFailed(WebUIKeywordMain.groovy:64)
	at com.kms.katalon.core.webui.keyword.builtin.VerifyElementTextKeyword$_verifyElementText_closure1.doCall(VerifyElementTextKeyword.groovy:57)
	at com.kms.katalon.core.webui.keyword.builtin.VerifyElementTextKeyword$_verifyElementText_closure1.call(VerifyElementTextKeyword.groovy)
	at com.kms.katalon.core.webui.keyword.internal.WebUIKeywordMain.runKeyword(WebUIKeywordMain.groovy:20)
	... 20 more
)

21-12-2023T16:21:23 - [MESSAGE][FAILED] - Actual text 'Diagnostic Radiology Test Sale Reports Preview' and expected text 'Diagnostic Radiology Test Sale Reports
 Preview' of test object 'Object Repository/visual testing checkpoints/New Folder/Page_Demo Hospital/Page_Demo Hospital/h1_Diagnostic Radiology Test Sale Reports  _ce090f' are NOT matched. (Root cause: com.kms.katalon.core.exception.StepFailedException: Actual text 'Diagnostic Radiology Test Sale Reports Preview' and expected text 'Diagnostic Radiology Test Sale Reports
 Preview' of test object 'Object Repository/visual testing checkpoints/New Folder/Page_Demo Hospital/Page_Demo Hospital/h1_Diagnostic Radiology Test Sale Reports  _ce090f' are NOT matched.
	at com.kms.katalon.core.webui.keyword.internal.WebUIKeywordMain.stepFailed(WebUIKeywordMain.groovy:64)
	at com.kms.katalon.core.webui.keyword.builtin.VerifyElementTextKeyword$_verifyElementText_closure1.doCall(VerifyElementTextKeyword.groovy:57)
	at com.kms.katalon.core.webui.keyword.builtin.VerifyElementTextKeyword$_verifyElementText_closure1.call(VerifyElementTextKeyword.groovy)
	at com.kms.katalon.core.webui.keyword.internal.WebUIKeywordMain.runKeyword(WebUIKeywordMain.groovy:20)
	at com.kms.katalon.core.webui.keyword.builtin.VerifyElementTextKeyword.verifyElementText(VerifyElementTextKeyword.groovy:72)
	at com.kms.katalon.core.webui.keyword.builtin.VerifyElementTextKeyword.execute(VerifyElementTextKeyword.groovy:40)
	at com.kms.katalon.core.keyword.internal.KeywordExecutor.executeKeywordForPlatform(KeywordExecutor.groovy:74)
	at com.kms.katalon.core.webui.keyword.WebUiBuiltInKeywords.verifyElementText(WebUiBuiltInKeywords.groovy:4835)
	at AdminRadiologyPage.run(AdminRadiologyPage:36)
	at com.kms.katalon.core.main.ScriptEngine.run(ScriptEngine.java:194)
	at com.kms.katalon.core.main.ScriptEngine.runScriptAsRawText(ScriptEngine.java:119)
	at com.kms.katalon.core.main.TestCaseExecutor.runScript(TestCaseExecutor.java:448)
	at com.kms.katalon.core.main.TestCaseExecutor.doExecute(TestCaseExecutor.java:439)
	at com.kms.katalon.core.main.TestCaseExecutor.processExecutionPhase(TestCaseExecutor.java:418)
	at com.kms.katalon.core.main.TestCaseExecutor.accessMainPhase(TestCaseExecutor.java:410)
	at com.kms.katalon.core.main.TestCaseExecutor.execute(TestCaseExecutor.java:285)
	at com.kms.katalon.core.common.CommonExecutor.accessTestCaseMainPhase(CommonExecutor.java:65)
	at com.kms.katalon.core.main.TestSuiteExecutor.accessTestSuiteMainPhase(TestSuiteExecutor.java:148)
	at com.kms.katalon.core.main.TestSuiteExecutor.execute(TestSuiteExecutor.java:106)
	at com.kms.katalon.core.main.TestCaseMain.startTestSuite(TestCaseMain.java:180)
	at TempTestSuite1703155730681.run(TempTestSuite1703155730681.groovy:36)
	at java.base/jdk.internal.reflect.NativeMethodAccessorImpl.invoke0(Native Method)
	at java.base/jdk.internal.reflect.NativeMethodAccessorImpl.invoke(NativeMethodAccessorImpl.java:77)
	at java.base/jdk.internal.reflect.DelegatingMethodAccessorImpl.invoke(DelegatingMethodAccessorImpl.java:43)
)
[[ATTACHMENT|C:\\Users\\ADMIN\\Katalon Studio\\My First Project\\Reports\\20231221_161850\\VisualTest\\20231221_161850\\1703155883183.png]]

21-12-2023T16:21:23 - [MESSAGE][FAILED] - Verify element text of test object 'Object Repository/visual testing checkpoints/New Folder/Page_Demo Hospital/Page_Demo Hospital/h1_Diagnostic Radiology Test Sale Reports  _ce090f' FAILED. (Root cause: com.kms.katalon.core.exception.StepFailedException: Verify element text of test object 'Object Repository/visual testing checkpoints/New Folder/Page_Demo Hospital/Page_Demo Hospital/h1_Diagnostic Radiology Test Sale Reports  _ce090f' FAILED.
	at com.kms.katalon.core.webui.keyword.internal.WebUIKeywordMain.stepFailed(WebUIKeywordMain.groovy:64)
	at com.kms.katalon.core.webui.keyword.internal.WebUIKeywordMain.runKeyword(WebUIKeywordMain.groovy:26)
	at com.kms.katalon.core.webui.keyword.builtin.VerifyElementTextKeyword.verifyElementText(VerifyElementTextKeyword.groovy:72)
	at com.kms.katalon.core.webui.keyword.builtin.VerifyElementTextKeyword.execute(VerifyElementTextKeyword.groovy:40)
	at com.kms.katalon.core.keyword.internal.KeywordExecutor.executeKeywordForPlatform(KeywordExecutor.groovy:74)
	at com.kms.katalon.core.webui.keyword.WebUiBuiltInKeywords.verifyElementText(WebUiBuiltInKeywords.groovy:4835)
	at AdminRadiologyPage.run(AdminRadiologyPage:36)
	at com.kms.katalon.core.main.ScriptEngine.run(ScriptEngine.java:194)
	at com.kms.katalon.core.main.ScriptEngine.runScriptAsRawText(ScriptEngine.java:119)
	at com.kms.katalon.core.main.TestCaseExecutor.runScript(TestCaseExecutor.java:448)
	at com.kms.katalon.core.main.TestCaseExecutor.doExecute(TestCaseExecutor.java:439)
	at com.kms.katalon.core.main.TestCaseExecutor.processExecutionPhase(TestCaseExecutor.java:418)
	at com.kms.katalon.core.main.TestCaseExecutor.accessMainPhase(TestCaseExecutor.java:410)
	at com.kms.katalon.core.main.TestCaseExecutor.execute(TestCaseExecutor.java:285)
	at com.kms.katalon.core.common.CommonExecutor.accessTestCaseMainPhase(CommonExecutor.java:65)
	at com.kms.katalon.core.main.TestSuiteExecutor.accessTestSuiteMainPhase(TestSuiteExecutor.java:148)
	at com.kms.katalon.core.main.TestSuiteExecutor.execute(TestSuiteExecutor.java:106)
	at com.kms.katalon.core.main.TestCaseMain.startTestSuite(TestCaseMain.java:180)
	at TempTestSuite1703155730681.run(TempTestSuite1703155730681.groovy:36)
	at java.base/jdk.internal.reflect.NativeMethodAccessorImpl.invoke0(Native Method)
	at java.base/jdk.internal.reflect.NativeMethodAccessorImpl.invoke(NativeMethodAccessorImpl.java:77)
	at java.base/jdk.internal.reflect.DelegatingMethodAccessorImpl.invoke(DelegatingMethodAccessorImpl.java:43)
Caused by: com.kms.katalon.core.exception.StepFailedException: Actual text 'Diagnostic Radiology Test Sale Reports Preview' and expected text 'Diagnostic Radiology Test Sale Reports
 Preview' of test object 'Object Repository/visual testing checkpoints/New Folder/Page_Demo Hospital/Page_Demo Hospital/h1_Diagnostic Radiology Test Sale Reports  _ce090f' are NOT matched.
	at com.kms.katalon.core.webui.keyword.internal.WebUIKeywordMain.stepFailed(WebUIKeywordMain.groovy:64)
	at com.kms.katalon.core.webui.keyword.builtin.VerifyElementTextKeyword$_verifyElementText_closure1.doCall(VerifyElementTextKeyword.groovy:57)
	at com.kms.katalon.core.webui.keyword.builtin.VerifyElementTextKeyword$_verifyElementText_closure1.call(VerifyElementTextKeyword.groovy)
	at com.kms.katalon.core.webui.keyword.internal.WebUIKeywordMain.runKeyword(WebUIKeywordMain.groovy:20)
	... 20 more
)
[[ATTACHMENT|C:\\Users\\ADMIN\\Katalon Studio\\My First Project\\Reports\\20231221_161850\\VisualTest\\20231221_161850\\1703155883456.png]]]]></system-out>
         <system-err><![CDATA[21-12-2023T16:21:07 - [TEST_CASE][FAILED] - Test Cases/visual testing checkpoints/AdminRadiologyPage: Test Cases/visual testing checkpoints/AdminRadiologyPage FAILED.
Reason:
com.kms.katalon.core.exception.StepFailedException: Verify element text of test object 'Object Repository/visual testing checkpoints/New Folder/Page_Demo Hospital/Page_Demo Hospital/h1_Diagnostic Radiology Test Sale Reports  _ce090f' FAILED.
	at com.kms.katalon.core.webui.keyword.internal.WebUIKeywordMain.stepFailed(WebUIKeywordMain.groovy:64)
	at com.kms.katalon.core.webui.keyword.internal.WebUIKeywordMain.runKeyword(WebUIKeywordMain.groovy:26)
	at com.kms.katalon.core.webui.keyword.builtin.VerifyElementTextKeyword.verifyElementText(VerifyElementTextKeyword.groovy:72)
	at com.kms.katalon.core.webui.keyword.builtin.VerifyElementTextKeyword.execute(VerifyElementTextKeyword.groovy:40)
	at com.kms.katalon.core.keyword.internal.KeywordExecutor.executeKeywordForPlatform(KeywordExecutor.groovy:74)
	at com.kms.katalon.core.webui.keyword.WebUiBuiltInKeywords.verifyElementText(WebUiBuiltInKeywords.groovy:4835)
	at AdminRadiologyPage.run(AdminRadiologyPage:36)
	at com.kms.katalon.core.main.ScriptEngine.run(ScriptEngine.java:194)
	at com.kms.katalon.core.main.ScriptEngine.runScriptAsRawText(ScriptEngine.java:119)
	at com.kms.katalon.core.main.TestCaseExecutor.runScript(TestCaseExecutor.java:448)
	at com.kms.katalon.core.main.TestCaseExecutor.doExecute(TestCaseExecutor.java:439)
	at com.kms.katalon.core.main.TestCaseExecutor.processExecutionPhase(TestCaseExecutor.java:418)
	at com.kms.katalon.core.main.TestCaseExecutor.accessMainPhase(TestCaseExecutor.java:410)
	at com.kms.katalon.core.main.TestCaseExecutor.execute(TestCaseExecutor.java:285)
	at com.kms.katalon.core.common.CommonExecutor.accessTestCaseMainPhase(CommonExecutor.java:65)
	at com.kms.katalon.core.main.TestSuiteExecutor.accessTestSuiteMainPhase(TestSuiteExecutor.java:148)
	at com.kms.katalon.core.main.TestSuiteExecutor.execute(TestSuiteExecutor.java:106)
	at com.kms.katalon.core.main.TestCaseMain.startTestSuite(TestCaseMain.java:180)
	at TempTestSuite1703155730681.run(TempTestSuite1703155730681.groovy:36)
	at java.base/jdk.internal.reflect.NativeMethodAccessorImpl.invoke0(Native Method)
	at java.base/jdk.internal.reflect.NativeMethodAccessorImpl.invoke(NativeMethodAccessorImpl.java:77)
	at java.base/jdk.internal.reflect.DelegatingMethodAccessorImpl.invoke(DelegatingMethodAccessorImpl.java:43)
Caused by: com.kms.katalon.core.exception.StepFailedException: Actual text 'Diagnostic Radiology Test Sale Reports Preview' and expected text 'Diagnostic Radiology Test Sale Reports
 Preview' of test object 'Object Repository/visual testing checkpoints/New Folder/Page_Demo Hospital/Page_Demo Hospital/h1_Diagnostic Radiology Test Sale Reports  _ce090f' are NOT matched.
	at com.kms.katalon.core.webui.keyword.internal.WebUIKeywordMain.stepFailed(WebUIKeywordMain.groovy:64)
	at com.kms.katalon.core.webui.keyword.builtin.VerifyElementTextKeyword$_verifyElementText_closure1.doCall(VerifyElementTextKeyword.groovy:57)
	at com.kms.katalon.core.webui.keyword.builtin.VerifyElementTextKeyword$_verifyElementText_closure1.call(VerifyElementTextKeyword.groovy)
	at com.kms.katalon.core.webui.keyword.internal.WebUIKeywordMain.runKeyword(WebUIKeywordMain.groovy:20)
	... 20 more]]></system-err>
      </testcase>
      <testcase name="Test Cases/visual testing checkpoints/AdminIndoorPage" time="16.795" classname="Test Cases/visual testing checkpoints/AdminIndoorPage" status="FAILED">
         <failure type="FAILED" message="Test Cases/visual testing checkpoints/AdminIndoorPage FAILED.&#xa;Reason:&#xa;com.kms.katalon.core.exception.StepFailedException: Verify element text of test object 'Object Repository/visual testing checkpoints/New Folder/Page_Demo Hospital/Page_Demo Hospital/Page_Demo Hospital/h1_Indoor Setup            Preview' FAILED.&#xa;	at com.kms.katalon.core.webui.keyword.internal.WebUIKeywordMain.stepFailed(WebUIKeywordMain.groovy:64)&#xa;	at com.kms.katalon.core.webui.keyword.internal.WebUIKeywordMain.runKeyword(WebUIKeywordMain.groovy:26)&#xa;	at com.kms.katalon.core.webui.keyword.builtin.VerifyElementTextKeyword.verifyElementText(VerifyElementTextKeyword.groovy:72)&#xa;	at com.kms.katalon.core.webui.keyword.builtin.VerifyElementTextKeyword.execute(VerifyElementTextKeyword.groovy:40)&#xa;	at com.kms.katalon.core.keyword.internal.KeywordExecutor.executeKeywordForPlatform(KeywordExecutor.groovy:74)&#xa;	at com.kms.katalon.core.webui.keyword.WebUiBuiltInKeywords.verifyElementText(WebUiBuiltInKeywords.groovy:4835)&#xa;	at AdminIndoorPage.run(AdminIndoorPage:34)&#xa;	at com.kms.katalon.core.main.ScriptEngine.run(ScriptEngine.java:194)&#xa;	at com.kms.katalon.core.main.ScriptEngine.runScriptAsRawText(ScriptEngine.java:119)&#xa;	at com.kms.katalon.core.main.TestCaseExecutor.runScript(TestCaseExecutor.java:448)&#xa;	at com.kms.katalon.core.main.TestCaseExecutor.doExecute(TestCaseExecutor.java:439)&#xa;	at com.kms.katalon.core.main.TestCaseExecutor.processExecutionPhase(TestCaseExecutor.java:418)&#xa;	at com.kms.katalon.core.main.TestCaseExecutor.accessMainPhase(TestCaseExecutor.java:410)&#xa;	at com.kms.katalon.core.main.TestCaseExecutor.execute(TestCaseExecutor.java:285)&#xa;	at com.kms.katalon.core.common.CommonExecutor.accessTestCaseMainPhase(CommonExecutor.java:65)&#xa;	at com.kms.katalon.core.main.TestSuiteExecutor.accessTestSuiteMainPhase(TestSuiteExecutor.java:148)&#xa;	at com.kms.katalon.core.main.TestSuiteExecutor.execute(TestSuiteExecutor.java:106)&#xa;	at com.kms.katalon.core.main.TestCaseMain.startTestSuite(TestCaseMain.java:180)&#xa;	at TempTestSuite1703155730681.run(TempTestSuite1703155730681.groovy:36)&#xa;	at java.base/jdk.internal.reflect.NativeMethodAccessorImpl.invoke0(Native Method)&#xa;	at java.base/jdk.internal.reflect.NativeMethodAccessorImpl.invoke(NativeMethodAccessorImpl.java:77)&#xa;	at java.base/jdk.internal.reflect.DelegatingMethodAccessorImpl.invoke(DelegatingMethodAccessorImpl.java:43)&#xa;Caused by: com.kms.katalon.core.exception.StepFailedException: Actual text 'Indoor Setup Preview' and expected text 'Indoor Setup&#xa; Preview' of test object 'Object Repository/visual testing checkpoints/New Folder/Page_Demo Hospital/Page_Demo Hospital/Page_Demo Hospital/h1_Indoor Setup            Preview' are NOT matched.&#xa;	at com.kms.katalon.core.webui.keyword.internal.WebUIKeywordMain.stepFailed(WebUIKeywordMain.groovy:64)&#xa;	at com.kms.katalon.core.webui.keyword.builtin.VerifyElementTextKeyword$_verifyElementText_closure1.doCall(VerifyElementTextKeyword.groovy:57)&#xa;	at com.kms.katalon.core.webui.keyword.builtin.VerifyElementTextKeyword$_verifyElementText_closure1.call(VerifyElementTextKeyword.groovy)&#xa;	at com.kms.katalon.core.webui.keyword.internal.WebUIKeywordMain.runKeyword(WebUIKeywordMain.groovy:20)&#xa;	... 20 more&#xa;"/>
         <system-out><![CDATA[21-12-2023T16:21:23 - [TEST_CASE][FAILED] - Test Cases/visual testing checkpoints/AdminIndoorPage: Test Cases/visual testing checkpoints/AdminIndoorPage FAILED.
Reason:
com.kms.katalon.core.exception.StepFailedException: Verify element text of test object 'Object Repository/visual testing checkpoints/New Folder/Page_Demo Hospital/Page_Demo Hospital/Page_Demo Hospital/h1_Indoor Setup            Preview' FAILED.
	at com.kms.katalon.core.webui.keyword.internal.WebUIKeywordMain.stepFailed(WebUIKeywordMain.groovy:64)
	at com.kms.katalon.core.webui.keyword.internal.WebUIKeywordMain.runKeyword(WebUIKeywordMain.groovy:26)
	at com.kms.katalon.core.webui.keyword.builtin.VerifyElementTextKeyword.verifyElementText(VerifyElementTextKeyword.groovy:72)
	at com.kms.katalon.core.webui.keyword.builtin.VerifyElementTextKeyword.execute(VerifyElementTextKeyword.groovy:40)
	at com.kms.katalon.core.keyword.internal.KeywordExecutor.executeKeywordForPlatform(KeywordExecutor.groovy:74)
	at com.kms.katalon.core.webui.keyword.WebUiBuiltInKeywords.verifyElementText(WebUiBuiltInKeywords.groovy:4835)
	at AdminIndoorPage.run(AdminIndoorPage:34)
	at com.kms.katalon.core.main.ScriptEngine.run(ScriptEngine.java:194)
	at com.kms.katalon.core.main.ScriptEngine.runScriptAsRawText(ScriptEngine.java:119)
	at com.kms.katalon.core.main.TestCaseExecutor.runScript(TestCaseExecutor.java:448)
	at com.kms.katalon.core.main.TestCaseExecutor.doExecute(TestCaseExecutor.java:439)
	at com.kms.katalon.core.main.TestCaseExecutor.processExecutionPhase(TestCaseExecutor.java:418)
	at com.kms.katalon.core.main.TestCaseExecutor.accessMainPhase(TestCaseExecutor.java:410)
	at com.kms.katalon.core.main.TestCaseExecutor.execute(TestCaseExecutor.java:285)
	at com.kms.katalon.core.common.CommonExecutor.accessTestCaseMainPhase(CommonExecutor.java:65)
	at com.kms.katalon.core.main.TestSuiteExecutor.accessTestSuiteMainPhase(TestSuiteExecutor.java:148)
	at com.kms.katalon.core.main.TestSuiteExecutor.execute(TestSuiteExecutor.java:106)
	at com.kms.katalon.core.main.TestCaseMain.startTestSuite(TestCaseMain.java:180)
	at TempTestSuite1703155730681.run(TempTestSuite1703155730681.groovy:36)
	at java.base/jdk.internal.reflect.NativeMethodAccessorImpl.invoke0(Native Method)
	at java.base/jdk.internal.reflect.NativeMethodAccessorImpl.invoke(NativeMethodAccessorImpl.java:77)
	at java.base/jdk.internal.reflect.DelegatingMethodAccessorImpl.invoke(DelegatingMethodAccessorImpl.java:43)
Caused by: com.kms.katalon.core.exception.StepFailedException: Actual text 'Indoor Setup Preview' and expected text 'Indoor Setup
 Preview' of test object 'Object Repository/visual testing checkpoints/New Folder/Page_Demo Hospital/Page_Demo Hospital/Page_Demo Hospital/h1_Indoor Setup            Preview' are NOT matched.
	at com.kms.katalon.core.webui.keyword.internal.WebUIKeywordMain.stepFailed(WebUIKeywordMain.groovy:64)
	at com.kms.katalon.core.webui.keyword.builtin.VerifyElementTextKeyword$_verifyElementText_closure1.doCall(VerifyElementTextKeyword.groovy:57)
	at com.kms.katalon.core.webui.keyword.builtin.VerifyElementTextKeyword$_verifyElementText_closure1.call(VerifyElementTextKeyword.groovy)
	at com.kms.katalon.core.webui.keyword.internal.WebUIKeywordMain.runKeyword(WebUIKeywordMain.groovy:20)
	... 20 more


21-12-2023T16:21:23 - [TEST_STEP][PASSED] - openBrowser(""): Browser is opened with url: ''

21-12-2023T16:21:23 - [MESSAGE][WARNING] - A browser is already opened. Closing browser and opening a new one

21-12-2023T16:21:24 - [MESSAGE][INFO] - Starting 'Chrome' driver

21-12-2023T16:21:24 - [MESSAGE][INFO] - Action delay is set to 0 milliseconds

21-12-2023T16:21:25 - [MESSAGE][PASSED] - Browser is opened with url: ''

21-12-2023T16:21:25 - [TEST_STEP][PASSED] - navigateToUrl("https://hospitalb.com/login"): Navigate to 'https://hospitalb.com/login' successfully

21-12-2023T16:21:30 - [MESSAGE][PASSED] - Navigate to 'https://hospitalb.com/login' successfully

21-12-2023T16:21:30 - [TEST_STEP][PASSED] - setText(findTestObject("Object Repository/visual testing checkpoints/New Folder/Page_Demo Hospital/Page_Demo Hospital/Page_Demo Hospital/input_email"), "admin@gmail.com"): Text 'admin@gmail.com' is set on object 'Object Repository/visual testing checkpoints/New Folder/Page_Demo Hospital/Page_Demo Hospital/Page_Demo Hospital/input_email'

21-12-2023T16:21:31 - [MESSAGE][PASSED] - Text 'admin@gmail.com' is set on object 'Object Repository/visual testing checkpoints/New Folder/Page_Demo Hospital/Page_Demo Hospital/Page_Demo Hospital/input_email'

21-12-2023T16:21:31 - [TEST_STEP][PASSED] - setEncryptedText(findTestObject("Object Repository/visual testing checkpoints/New Folder/Page_Demo Hospital/Page_Demo Hospital/Page_Demo Hospital/input_password"), "aeHFOx8jV/A="): Text ****** has been set on object 'Object Repository/visual testing checkpoints/New Folder/Page_Demo Hospital/Page_Demo Hospital/Page_Demo Hospital/input_password'

21-12-2023T16:21:32 - [MESSAGE][PASSED] - Text ****** has been set on object 'Object Repository/visual testing checkpoints/New Folder/Page_Demo Hospital/Page_Demo Hospital/Page_Demo Hospital/input_password'

21-12-2023T16:21:32 - [TEST_STEP][PASSED] - click(findTestObject("Object Repository/visual testing checkpoints/New Folder/Page_Demo Hospital/Page_Demo Hospital/Page_Demo Hospital/input_custom-btn")): Object: 'Object Repository/visual testing checkpoints/New Folder/Page_Demo Hospital/Page_Demo Hospital/Page_Demo Hospital/input_custom-btn' is clicked on

21-12-2023T16:21:38 - [MESSAGE][PASSED] - Object: 'Object Repository/visual testing checkpoints/New Folder/Page_Demo Hospital/Page_Demo Hospital/Page_Demo Hospital/input_custom-btn' is clicked on

21-12-2023T16:21:38 - [TEST_STEP][PASSED] - click(findTestObject("Object Repository/visual testing checkpoints/New Folder/Page_Demo Hospital/Page_Demo Hospital/Page_Demo Hospital/a_Indoor")): Object: 'Object Repository/visual testing checkpoints/New Folder/Page_Demo Hospital/Page_Demo Hospital/Page_Demo Hospital/a_Indoor' is clicked on

21-12-2023T16:21:39 - [MESSAGE][PASSED] - Object: 'Object Repository/visual testing checkpoints/New Folder/Page_Demo Hospital/Page_Demo Hospital/Page_Demo Hospital/a_Indoor' is clicked on

21-12-2023T16:21:39 - [TEST_STEP][FAILED] - verifyElementText(findTestObject("Object Repository/visual testing checkpoints/New Folder/Page_Demo Hospital/Page_Demo Hospital/Page_Demo Hospital/h1_Indoor Setup            Preview"), "Indoor Setup
 Preview"): Verify element text of test object 'Object Repository/visual testing checkpoints/New Folder/Page_Demo Hospital/Page_Demo Hospital/Page_Demo Hospital/h1_Indoor Setup            Preview' FAILED. (Root cause: com.kms.katalon.core.exception.StepFailedException: Verify element text of test object 'Object Repository/visual testing checkpoints/New Folder/Page_Demo Hospital/Page_Demo Hospital/Page_Demo Hospital/h1_Indoor Setup            Preview' FAILED.
	at com.kms.katalon.core.webui.keyword.internal.WebUIKeywordMain.stepFailed(WebUIKeywordMain.groovy:64)
	at com.kms.katalon.core.webui.keyword.internal.WebUIKeywordMain.runKeyword(WebUIKeywordMain.groovy:26)
	at com.kms.katalon.core.webui.keyword.builtin.VerifyElementTextKeyword.verifyElementText(VerifyElementTextKeyword.groovy:72)
	at com.kms.katalon.core.webui.keyword.builtin.VerifyElementTextKeyword.execute(VerifyElementTextKeyword.groovy:40)
	at com.kms.katalon.core.keyword.internal.KeywordExecutor.executeKeywordForPlatform(KeywordExecutor.groovy:74)
	at com.kms.katalon.core.webui.keyword.WebUiBuiltInKeywords.verifyElementText(WebUiBuiltInKeywords.groovy:4835)
	at AdminIndoorPage.run(AdminIndoorPage:34)
	at com.kms.katalon.core.main.ScriptEngine.run(ScriptEngine.java:194)
	at com.kms.katalon.core.main.ScriptEngine.runScriptAsRawText(ScriptEngine.java:119)
	at com.kms.katalon.core.main.TestCaseExecutor.runScript(TestCaseExecutor.java:448)
	at com.kms.katalon.core.main.TestCaseExecutor.doExecute(TestCaseExecutor.java:439)
	at com.kms.katalon.core.main.TestCaseExecutor.processExecutionPhase(TestCaseExecutor.java:418)
	at com.kms.katalon.core.main.TestCaseExecutor.accessMainPhase(TestCaseExecutor.java:410)
	at com.kms.katalon.core.main.TestCaseExecutor.execute(TestCaseExecutor.java:285)
	at com.kms.katalon.core.common.CommonExecutor.accessTestCaseMainPhase(CommonExecutor.java:65)
	at com.kms.katalon.core.main.TestSuiteExecutor.accessTestSuiteMainPhase(TestSuiteExecutor.java:148)
	at com.kms.katalon.core.main.TestSuiteExecutor.execute(TestSuiteExecutor.java:106)
	at com.kms.katalon.core.main.TestCaseMain.startTestSuite(TestCaseMain.java:180)
	at TempTestSuite1703155730681.run(TempTestSuite1703155730681.groovy:36)
	at java.base/jdk.internal.reflect.NativeMethodAccessorImpl.invoke0(Native Method)
	at java.base/jdk.internal.reflect.NativeMethodAccessorImpl.invoke(NativeMethodAccessorImpl.java:77)
	at java.base/jdk.internal.reflect.DelegatingMethodAccessorImpl.invoke(DelegatingMethodAccessorImpl.java:43)
Caused by: com.kms.katalon.core.exception.StepFailedException: Actual text 'Indoor Setup Preview' and expected text 'Indoor Setup
 Preview' of test object 'Object Repository/visual testing checkpoints/New Folder/Page_Demo Hospital/Page_Demo Hospital/Page_Demo Hospital/h1_Indoor Setup            Preview' are NOT matched.
	at com.kms.katalon.core.webui.keyword.internal.WebUIKeywordMain.stepFailed(WebUIKeywordMain.groovy:64)
	at com.kms.katalon.core.webui.keyword.builtin.VerifyElementTextKeyword$_verifyElementText_closure1.doCall(VerifyElementTextKeyword.groovy:57)
	at com.kms.katalon.core.webui.keyword.builtin.VerifyElementTextKeyword$_verifyElementText_closure1.call(VerifyElementTextKeyword.groovy)
	at com.kms.katalon.core.webui.keyword.internal.WebUIKeywordMain.runKeyword(WebUIKeywordMain.groovy:20)
	... 20 more
)

21-12-2023T16:21:40 - [MESSAGE][FAILED] - Actual text 'Indoor Setup Preview' and expected text 'Indoor Setup
 Preview' of test object 'Object Repository/visual testing checkpoints/New Folder/Page_Demo Hospital/Page_Demo Hospital/Page_Demo Hospital/h1_Indoor Setup            Preview' are NOT matched. (Root cause: com.kms.katalon.core.exception.StepFailedException: Actual text 'Indoor Setup Preview' and expected text 'Indoor Setup
 Preview' of test object 'Object Repository/visual testing checkpoints/New Folder/Page_Demo Hospital/Page_Demo Hospital/Page_Demo Hospital/h1_Indoor Setup            Preview' are NOT matched.
	at com.kms.katalon.core.webui.keyword.internal.WebUIKeywordMain.stepFailed(WebUIKeywordMain.groovy:64)
	at com.kms.katalon.core.webui.keyword.builtin.VerifyElementTextKeyword$_verifyElementText_closure1.doCall(VerifyElementTextKeyword.groovy:57)
	at com.kms.katalon.core.webui.keyword.builtin.VerifyElementTextKeyword$_verifyElementText_closure1.call(VerifyElementTextKeyword.groovy)
	at com.kms.katalon.core.webui.keyword.internal.WebUIKeywordMain.runKeyword(WebUIKeywordMain.groovy:20)
	at com.kms.katalon.core.webui.keyword.builtin.VerifyElementTextKeyword.verifyElementText(VerifyElementTextKeyword.groovy:72)
	at com.kms.katalon.core.webui.keyword.builtin.VerifyElementTextKeyword.execute(VerifyElementTextKeyword.groovy:40)
	at com.kms.katalon.core.keyword.internal.KeywordExecutor.executeKeywordForPlatform(KeywordExecutor.groovy:74)
	at com.kms.katalon.core.webui.keyword.WebUiBuiltInKeywords.verifyElementText(WebUiBuiltInKeywords.groovy:4835)
	at AdminIndoorPage.run(AdminIndoorPage:34)
	at com.kms.katalon.core.main.ScriptEngine.run(ScriptEngine.java:194)
	at com.kms.katalon.core.main.ScriptEngine.runScriptAsRawText(ScriptEngine.java:119)
	at com.kms.katalon.core.main.TestCaseExecutor.runScript(TestCaseExecutor.java:448)
	at com.kms.katalon.core.main.TestCaseExecutor.doExecute(TestCaseExecutor.java:439)
	at com.kms.katalon.core.main.TestCaseExecutor.processExecutionPhase(TestCaseExecutor.java:418)
	at com.kms.katalon.core.main.TestCaseExecutor.accessMainPhase(TestCaseExecutor.java:410)
	at com.kms.katalon.core.main.TestCaseExecutor.execute(TestCaseExecutor.java:285)
	at com.kms.katalon.core.common.CommonExecutor.accessTestCaseMainPhase(CommonExecutor.java:65)
	at com.kms.katalon.core.main.TestSuiteExecutor.accessTestSuiteMainPhase(TestSuiteExecutor.java:148)
	at com.kms.katalon.core.main.TestSuiteExecutor.execute(TestSuiteExecutor.java:106)
	at com.kms.katalon.core.main.TestCaseMain.startTestSuite(TestCaseMain.java:180)
	at TempTestSuite1703155730681.run(TempTestSuite1703155730681.groovy:36)
	at java.base/jdk.internal.reflect.NativeMethodAccessorImpl.invoke0(Native Method)
	at java.base/jdk.internal.reflect.NativeMethodAccessorImpl.invoke(NativeMethodAccessorImpl.java:77)
	at java.base/jdk.internal.reflect.DelegatingMethodAccessorImpl.invoke(DelegatingMethodAccessorImpl.java:43)
)
[[ATTACHMENT|C:\\Users\\ADMIN\\Katalon Studio\\My First Project\\Reports\\20231221_161850\\VisualTest\\20231221_161850\\1703155900078.png]]

21-12-2023T16:21:40 - [MESSAGE][FAILED] - Verify element text of test object 'Object Repository/visual testing checkpoints/New Folder/Page_Demo Hospital/Page_Demo Hospital/Page_Demo Hospital/h1_Indoor Setup            Preview' FAILED. (Root cause: com.kms.katalon.core.exception.StepFailedException: Verify element text of test object 'Object Repository/visual testing checkpoints/New Folder/Page_Demo Hospital/Page_Demo Hospital/Page_Demo Hospital/h1_Indoor Setup            Preview' FAILED.
	at com.kms.katalon.core.webui.keyword.internal.WebUIKeywordMain.stepFailed(WebUIKeywordMain.groovy:64)
	at com.kms.katalon.core.webui.keyword.internal.WebUIKeywordMain.runKeyword(WebUIKeywordMain.groovy:26)
	at com.kms.katalon.core.webui.keyword.builtin.VerifyElementTextKeyword.verifyElementText(VerifyElementTextKeyword.groovy:72)
	at com.kms.katalon.core.webui.keyword.builtin.VerifyElementTextKeyword.execute(VerifyElementTextKeyword.groovy:40)
	at com.kms.katalon.core.keyword.internal.KeywordExecutor.executeKeywordForPlatform(KeywordExecutor.groovy:74)
	at com.kms.katalon.core.webui.keyword.WebUiBuiltInKeywords.verifyElementText(WebUiBuiltInKeywords.groovy:4835)
	at AdminIndoorPage.run(AdminIndoorPage:34)
	at com.kms.katalon.core.main.ScriptEngine.run(ScriptEngine.java:194)
	at com.kms.katalon.core.main.ScriptEngine.runScriptAsRawText(ScriptEngine.java:119)
	at com.kms.katalon.core.main.TestCaseExecutor.runScript(TestCaseExecutor.java:448)
	at com.kms.katalon.core.main.TestCaseExecutor.doExecute(TestCaseExecutor.java:439)
	at com.kms.katalon.core.main.TestCaseExecutor.processExecutionPhase(TestCaseExecutor.java:418)
	at com.kms.katalon.core.main.TestCaseExecutor.accessMainPhase(TestCaseExecutor.java:410)
	at com.kms.katalon.core.main.TestCaseExecutor.execute(TestCaseExecutor.java:285)
	at com.kms.katalon.core.common.CommonExecutor.accessTestCaseMainPhase(CommonExecutor.java:65)
	at com.kms.katalon.core.main.TestSuiteExecutor.accessTestSuiteMainPhase(TestSuiteExecutor.java:148)
	at com.kms.katalon.core.main.TestSuiteExecutor.execute(TestSuiteExecutor.java:106)
	at com.kms.katalon.core.main.TestCaseMain.startTestSuite(TestCaseMain.java:180)
	at TempTestSuite1703155730681.run(TempTestSuite1703155730681.groovy:36)
	at java.base/jdk.internal.reflect.NativeMethodAccessorImpl.invoke0(Native Method)
	at java.base/jdk.internal.reflect.NativeMethodAccessorImpl.invoke(NativeMethodAccessorImpl.java:77)
	at java.base/jdk.internal.reflect.DelegatingMethodAccessorImpl.invoke(DelegatingMethodAccessorImpl.java:43)
Caused by: com.kms.katalon.core.exception.StepFailedException: Actual text 'Indoor Setup Preview' and expected text 'Indoor Setup
 Preview' of test object 'Object Repository/visual testing checkpoints/New Folder/Page_Demo Hospital/Page_Demo Hospital/Page_Demo Hospital/h1_Indoor Setup            Preview' are NOT matched.
	at com.kms.katalon.core.webui.keyword.internal.WebUIKeywordMain.stepFailed(WebUIKeywordMain.groovy:64)
	at com.kms.katalon.core.webui.keyword.builtin.VerifyElementTextKeyword$_verifyElementText_closure1.doCall(VerifyElementTextKeyword.groovy:57)
	at com.kms.katalon.core.webui.keyword.builtin.VerifyElementTextKeyword$_verifyElementText_closure1.call(VerifyElementTextKeyword.groovy)
	at com.kms.katalon.core.webui.keyword.internal.WebUIKeywordMain.runKeyword(WebUIKeywordMain.groovy:20)
	... 20 more
)
[[ATTACHMENT|C:\\Users\\ADMIN\\Katalon Studio\\My First Project\\Reports\\20231221_161850\\VisualTest\\20231221_161850\\1703155900281.png]]]]></system-out>
         <system-err><![CDATA[21-12-2023T16:21:23 - [TEST_CASE][FAILED] - Test Cases/visual testing checkpoints/AdminIndoorPage: Test Cases/visual testing checkpoints/AdminIndoorPage FAILED.
Reason:
com.kms.katalon.core.exception.StepFailedException: Verify element text of test object 'Object Repository/visual testing checkpoints/New Folder/Page_Demo Hospital/Page_Demo Hospital/Page_Demo Hospital/h1_Indoor Setup            Preview' FAILED.
	at com.kms.katalon.core.webui.keyword.internal.WebUIKeywordMain.stepFailed(WebUIKeywordMain.groovy:64)
	at com.kms.katalon.core.webui.keyword.internal.WebUIKeywordMain.runKeyword(WebUIKeywordMain.groovy:26)
	at com.kms.katalon.core.webui.keyword.builtin.VerifyElementTextKeyword.verifyElementText(VerifyElementTextKeyword.groovy:72)
	at com.kms.katalon.core.webui.keyword.builtin.VerifyElementTextKeyword.execute(VerifyElementTextKeyword.groovy:40)
	at com.kms.katalon.core.keyword.internal.KeywordExecutor.executeKeywordForPlatform(KeywordExecutor.groovy:74)
	at com.kms.katalon.core.webui.keyword.WebUiBuiltInKeywords.verifyElementText(WebUiBuiltInKeywords.groovy:4835)
	at AdminIndoorPage.run(AdminIndoorPage:34)
	at com.kms.katalon.core.main.ScriptEngine.run(ScriptEngine.java:194)
	at com.kms.katalon.core.main.ScriptEngine.runScriptAsRawText(ScriptEngine.java:119)
	at com.kms.katalon.core.main.TestCaseExecutor.runScript(TestCaseExecutor.java:448)
	at com.kms.katalon.core.main.TestCaseExecutor.doExecute(TestCaseExecutor.java:439)
	at com.kms.katalon.core.main.TestCaseExecutor.processExecutionPhase(TestCaseExecutor.java:418)
	at com.kms.katalon.core.main.TestCaseExecutor.accessMainPhase(TestCaseExecutor.java:410)
	at com.kms.katalon.core.main.TestCaseExecutor.execute(TestCaseExecutor.java:285)
	at com.kms.katalon.core.common.CommonExecutor.accessTestCaseMainPhase(CommonExecutor.java:65)
	at com.kms.katalon.core.main.TestSuiteExecutor.accessTestSuiteMainPhase(TestSuiteExecutor.java:148)
	at com.kms.katalon.core.main.TestSuiteExecutor.execute(TestSuiteExecutor.java:106)
	at com.kms.katalon.core.main.TestCaseMain.startTestSuite(TestCaseMain.java:180)
	at TempTestSuite1703155730681.run(TempTestSuite1703155730681.groovy:36)
	at java.base/jdk.internal.reflect.NativeMethodAccessorImpl.invoke0(Native Method)
	at java.base/jdk.internal.reflect.NativeMethodAccessorImpl.invoke(NativeMethodAccessorImpl.java:77)
	at java.base/jdk.internal.reflect.DelegatingMethodAccessorImpl.invoke(DelegatingMethodAccessorImpl.java:43)
Caused by: com.kms.katalon.core.exception.StepFailedException: Actual text 'Indoor Setup Preview' and expected text 'Indoor Setup
 Preview' of test object 'Object Repository/visual testing checkpoints/New Folder/Page_Demo Hospital/Page_Demo Hospital/Page_Demo Hospital/h1_Indoor Setup            Preview' are NOT matched.
	at com.kms.katalon.core.webui.keyword.internal.WebUIKeywordMain.stepFailed(WebUIKeywordMain.groovy:64)
	at com.kms.katalon.core.webui.keyword.builtin.VerifyElementTextKeyword$_verifyElementText_closure1.doCall(VerifyElementTextKeyword.groovy:57)
	at com.kms.katalon.core.webui.keyword.builtin.VerifyElementTextKeyword$_verifyElementText_closure1.call(VerifyElementTextKeyword.groovy)
	at com.kms.katalon.core.webui.keyword.internal.WebUIKeywordMain.runKeyword(WebUIKeywordMain.groovy:20)
	... 20 more]]></system-err>
      </testcase>
      <system-out><![CDATA[21-12-2023T16:19:01 - [TEST_SUITE][FAILED] - VisualTest: Test Cases/visual testing checkpoints/AdminSalesReportPage FAILED.
Reason:
com.kms.katalon.core.exception.StepFailedException: Verify element text of test object 'Object Repository/visual testing checkpoints/Page_Demo Hospital/Page_Demo Hospital/Page_Demo Hospital/Page_Demo Hospital/Page_Demo Hospital/Page_Demo Hospital/h1_Sales Report            Preview' FAILED.
	at com.kms.katalon.core.webui.keyword.internal.WebUIKeywordMain.stepFailed(WebUIKeywordMain.groovy:64)
	at com.kms.katalon.core.webui.keyword.internal.WebUIKeywordMain.runKeyword(WebUIKeywordMain.groovy:26)
	at com.kms.katalon.core.webui.keyword.builtin.VerifyElementTextKeyword.verifyElementText(VerifyElementTextKeyword.groovy:72)
	at com.kms.katalon.core.webui.keyword.builtin.VerifyElementTextKeyword.execute(VerifyElementTextKeyword.groovy:40)
	at com.kms.katalon.core.keyword.internal.KeywordExecutor.executeKeywordForPlatform(KeywordExecutor.groovy:74)
	at com.kms.katalon.core.webui.keyword.WebUiBuiltInKeywords.verifyElementText(WebUiBuiltInKeywords.groovy:4835)
	at AdminSalesReportPage.run(AdminSalesReportPage:38)
	at com.kms.katalon.core.main.ScriptEngine.run(ScriptEngine.java:194)
	at com.kms.katalon.core.main.ScriptEngine.runScriptAsRawText(ScriptEngine.java:119)
	at com.kms.katalon.core.main.TestCaseExecutor.runScript(TestCaseExecutor.java:448)
	at com.kms.katalon.core.main.TestCaseExecutor.doExecute(TestCaseExecutor.java:439)
	at com.kms.katalon.core.main.TestCaseExecutor.processExecutionPhase(TestCaseExecutor.java:418)
	at com.kms.katalon.core.main.TestCaseExecutor.accessMainPhase(TestCaseExecutor.java:410)
	at com.kms.katalon.core.main.TestCaseExecutor.execute(TestCaseExecutor.java:285)
	at com.kms.katalon.core.common.CommonExecutor.accessTestCaseMainPhase(CommonExecutor.java:65)
	at com.kms.katalon.core.main.TestSuiteExecutor.accessTestSuiteMainPhase(TestSuiteExecutor.java:148)
	at com.kms.katalon.core.main.TestSuiteExecutor.execute(TestSuiteExecutor.java:106)
	at com.kms.katalon.core.main.TestCaseMain.startTestSuite(TestCaseMain.java:180)
	at TempTestSuite1703155730681.run(TempTestSuite1703155730681.groovy:36)
	at java.base/jdk.internal.reflect.NativeMethodAccessorImpl.invoke0(Native Method)
	at java.base/jdk.internal.reflect.NativeMethodAccessorImpl.invoke(NativeMethodAccessorImpl.java:77)
	at java.base/jdk.internal.reflect.DelegatingMethodAccessorImpl.invoke(DelegatingMethodAccessorImpl.java:43)
Caused by: com.kms.katalon.core.exception.StepFailedException: Actual text 'Sales Report Preview' and expected text 'Sales Report
 Preview' of test object 'Object Repository/visual testing checkpoints/Page_Demo Hospital/Page_Demo Hospital/Page_Demo Hospital/Page_Demo Hospital/Page_Demo Hospital/Page_Demo Hospital/h1_Sales Report            Preview' are NOT matched.
	at com.kms.katalon.core.webui.keyword.internal.WebUIKeywordMain.stepFailed(WebUIKeywordMain.groovy:64)
	at com.kms.katalon.core.webui.keyword.builtin.VerifyElementTextKeyword$_verifyElementText_closure1.doCall(VerifyElementTextKeyword.groovy:57)
	at com.kms.katalon.core.webui.keyword.builtin.VerifyElementTextKeyword$_verifyElementText_closure1.call(VerifyElementTextKeyword.groovy)
	at com.kms.katalon.core.webui.keyword.internal.WebUIKeywordMain.runKeyword(WebUIKeywordMain.groovy:20)
	... 20 more]]></system-out>
      <system-err><![CDATA[21-12-2023T16:19:01 - [TEST_SUITE][FAILED] - VisualTest: Test Cases/visual testing checkpoints/AdminSalesReportPage FAILED.
Reason:
com.kms.katalon.core.exception.StepFailedException: Verify element text of test object 'Object Repository/visual testing checkpoints/Page_Demo Hospital/Page_Demo Hospital/Page_Demo Hospital/Page_Demo Hospital/Page_Demo Hospital/Page_Demo Hospital/h1_Sales Report            Preview' FAILED.
	at com.kms.katalon.core.webui.keyword.internal.WebUIKeywordMain.stepFailed(WebUIKeywordMain.groovy:64)
	at com.kms.katalon.core.webui.keyword.internal.WebUIKeywordMain.runKeyword(WebUIKeywordMain.groovy:26)
	at com.kms.katalon.core.webui.keyword.builtin.VerifyElementTextKeyword.verifyElementText(VerifyElementTextKeyword.groovy:72)
	at com.kms.katalon.core.webui.keyword.builtin.VerifyElementTextKeyword.execute(VerifyElementTextKeyword.groovy:40)
	at com.kms.katalon.core.keyword.internal.KeywordExecutor.executeKeywordForPlatform(KeywordExecutor.groovy:74)
	at com.kms.katalon.core.webui.keyword.WebUiBuiltInKeywords.verifyElementText(WebUiBuiltInKeywords.groovy:4835)
	at AdminSalesReportPage.run(AdminSalesReportPage:38)
	at com.kms.katalon.core.main.ScriptEngine.run(ScriptEngine.java:194)
	at com.kms.katalon.core.main.ScriptEngine.runScriptAsRawText(ScriptEngine.java:119)
	at com.kms.katalon.core.main.TestCaseExecutor.runScript(TestCaseExecutor.java:448)
	at com.kms.katalon.core.main.TestCaseExecutor.doExecute(TestCaseExecutor.java:439)
	at com.kms.katalon.core.main.TestCaseExecutor.processExecutionPhase(TestCaseExecutor.java:418)
	at com.kms.katalon.core.main.TestCaseExecutor.accessMainPhase(TestCaseExecutor.java:410)
	at com.kms.katalon.core.main.TestCaseExecutor.execute(TestCaseExecutor.java:285)
	at com.kms.katalon.core.common.CommonExecutor.accessTestCaseMainPhase(CommonExecutor.java:65)
	at com.kms.katalon.core.main.TestSuiteExecutor.accessTestSuiteMainPhase(TestSuiteExecutor.java:148)
	at com.kms.katalon.core.main.TestSuiteExecutor.execute(TestSuiteExecutor.java:106)
	at com.kms.katalon.core.main.TestCaseMain.startTestSuite(TestCaseMain.java:180)
	at TempTestSuite1703155730681.run(TempTestSuite1703155730681.groovy:36)
	at java.base/jdk.internal.reflect.NativeMethodAccessorImpl.invoke0(Native Method)
	at java.base/jdk.internal.reflect.NativeMethodAccessorImpl.invoke(NativeMethodAccessorImpl.java:77)
	at java.base/jdk.internal.reflect.DelegatingMethodAccessorImpl.invoke(DelegatingMethodAccessorImpl.java:43)
Caused by: com.kms.katalon.core.exception.StepFailedException: Actual text 'Sales Report Preview' and expected text 'Sales Report
 Preview' of test object 'Object Repository/visual testing checkpoints/Page_Demo Hospital/Page_Demo Hospital/Page_Demo Hospital/Page_Demo Hospital/Page_Demo Hospital/Page_Demo Hospital/h1_Sales Report            Preview' are NOT matched.
	at com.kms.katalon.core.webui.keyword.internal.WebUIKeywordMain.stepFailed(WebUIKeywordMain.groovy:64)
	at com.kms.katalon.core.webui.keyword.builtin.VerifyElementTextKeyword$_verifyElementText_closure1.doCall(VerifyElementTextKeyword.groovy:57)
	at com.kms.katalon.core.webui.keyword.builtin.VerifyElementTextKeyword$_verifyElementText_closure1.call(VerifyElementTextKeyword.groovy)
	at com.kms.katalon.core.webui.keyword.internal.WebUIKeywordMain.runKeyword(WebUIKeywordMain.groovy:20)
	... 20 more]]></system-err>
   </testsuite>
</testsuites>
